TN:
SF:/Users/madao/production/m_ui/src/assets/iconfont/index.js
FN:1,(anonymous_0)
FN:19,(anonymous_1)
FN:24,(anonymous_2)
FN:34,(anonymous_3)
FN:37,(anonymous_4)
FN:45,(anonymous_5)
FN:49,(anonymous_6)
FN:59,(anonymous_7)
FN:61,(anonymous_8)
FNF:9
FNH:6
FNDA:15,(anonymous_0)
FNDA:15,(anonymous_1)
FNDA:15,(anonymous_2)
FNDA:0,(anonymous_3)
FNDA:0,(anonymous_4)
FNDA:0,(anonymous_5)
FNDA:15,(anonymous_6)
FNDA:15,(anonymous_7)
FNDA:15,(anonymous_8)
DA:1,15
DA:2,15
DA:4,15
DA:6,15
DA:7,15
DA:9,15
DA:10,0
DA:11,0
DA:12,0
DA:16,0
DA:19,15
DA:20,15
DA:21,15
DA:22,0
DA:24,15
DA:25,15
DA:27,15
DA:30,0
DA:35,0
DA:38,0
DA:39,0
DA:41,0
DA:43,0
DA:46,0
DA:51,15
DA:60,15
DA:62,15
LF:27
LH:15
BRDA:6,0,0,15
BRDA:6,0,1,0
BRDA:6,1,0,15
BRDA:6,1,1,15
BRDA:9,2,0,0
BRDA:9,2,1,15
BRDA:9,3,0,15
BRDA:9,3,1,0
BRDA:16,4,0,0
BRDA:16,4,1,0
BRDA:20,5,0,15
BRDA:20,5,1,0
BRDA:21,6,0,0
BRDA:21,6,1,15
BRDA:30,7,0,0
BRDA:30,7,1,0
BRDA:35,8,0,0
BRDA:35,8,1,0
BRDA:46,9,0,0
BRDA:46,9,1,0
BRDA:53,10,0,15
BRDA:53,10,1,15
BRDA:60,11,0,15
BRDA:60,11,1,0
BRF:24
BRH:10
end_of_record
TN:
SF:/Users/madao/production/m_ui/src/components/icon/index.vue
FN:7,(anonymous_0)
FNF:1
FNH:1
FNDA:135,(anonymous_0)
DA:5,15
DA:8,135
DA:9,2
DA:11,133
DA:14,15
DA:17,15
DA:20,15
LF:7
LH:7
BRDA:8,0,0,2
BRDA:8,0,1,133
BRF:2
BRH:2
end_of_record
TN:
SF:/Users/madao/production/m_ui/src/components/button/index.vue
FN:6,(anonymous_0)
FN:13,(anonymous_1)
FN:25,(anonymous_2)
FN:34,(anonymous_3)
FNF:4
FNH:4
FNDA:5,(anonymous_0)
FNDA:41,(anonymous_1)
FNDA:41,(anonymous_2)
FNDA:5,(anonymous_3)
DA:4,5
DA:7,5
DA:8,0
DA:10,5
DA:14,41
DA:23,41
DA:26,41
DA:31,5
DA:35,5
DA:39,5
LF:10
LH:9
BRDA:7,0,0,0
BRDA:7,0,1,5
BRDA:26,1,0,41
BRDA:26,1,1,40
BRDA:26,1,2,33
BRF:5
BRH:4
end_of_record
TN:
SF:/Users/madao/production/m_ui/tests/unit/button.spec.ts
FN:6,(anonymous_0)
FN:7,(anonymous_1)
FN:16,(anonymous_2)
FN:36,(anonymous_3)
FN:48,(anonymous_4)
FN:56,(anonymous_5)
FNF:6
FNH:6
FNDA:1,(anonymous_0)
FNDA:1,(anonymous_1)
FNDA:1,(anonymous_2)
FNDA:1,(anonymous_3)
FNDA:1,(anonymous_4)
FNDA:1,(anonymous_5)
DA:6,1
DA:7,1
DA:8,1
DA:13,1
DA:14,1
DA:16,1
DA:17,1
DA:29,1
DA:30,1
DA:31,1
DA:32,1
DA:33,1
DA:34,1
DA:36,1
DA:37,1
DA:45,1
DA:46,1
DA:48,1
DA:49,1
DA:50,1
DA:51,1
DA:52,1
DA:53,1
DA:54,1
DA:56,1
DA:57,1
DA:62,1
DA:63,1
LF:28
LH:28
BRF:0
BRH:0
end_of_record
TN:
SF:/Users/madao/production/m_ui/src/components/button-group/index.vue
FN:4,(anonymous_0)
FN:6,(anonymous_1)
FNF:2
FNH:2
FNDA:1,(anonymous_0)
FNDA:2,(anonymous_1)
DA:3,1
DA:5,1
DA:6,1
DA:7,2
DA:8,2
DA:9,0
DA:14,1
LF:7
LH:6
BRDA:8,0,0,0
BRDA:8,0,1,2
BRF:2
BRH:1
end_of_record
TN:
SF:/Users/madao/production/m_ui/tests/unit/buttongroup.spec.ts
FN:5,(anonymous_0)
FN:6,(anonymous_1)
FNF:2
FNH:2
FNDA:1,(anonymous_0)
FNDA:1,(anonymous_1)
DA:5,1
DA:6,1
DA:7,1
DA:12,1
LF:4
LH:4
BRF:0
BRH:0
end_of_record
TN:
SF:/Users/madao/production/m_ui/src/components/cascader/item/index.vue
FN:6,(anonymous_0)
FN:8,(anonymous_1)
FN:16,(anonymous_2)
FN:26,(anonymous_3)
FN:29,(anonymous_4)
FN:45,(anonymous_5)
FNF:6
FNH:5
FNDA:7,(anonymous_0)
FNDA:6,(anonymous_1)
FNDA:2,(anonymous_2)
FNDA:2,(anonymous_3)
FNDA:2,(anonymous_4)
FNDA:0,(anonymous_5)
DA:4,1
DA:7,7
DA:8,6
DA:9,3
DA:10,3
DA:13,4
DA:17,2
DA:18,0
DA:20,2
DA:21,2
DA:22,2
DA:23,2
DA:24,2
DA:27,2
DA:30,2
DA:33,1
DA:36,1
DA:39,1
DA:42,1
DA:46,0
DA:50,1
LF:21
LH:19
BRDA:7,0,0,3
BRDA:7,0,1,4
BRDA:9,1,0,3
BRDA:9,1,1,0
BRDA:9,2,0,3
BRDA:9,2,1,3
BRDA:17,3,0,0
BRDA:17,3,1,2
BRF:8
BRH:6
end_of_record
TN:
SF:/Users/madao/production/m_ui/src/components/cascader/index.vue
FN:6,(anonymous_0)
FN:17,(anonymous_1)
FN:24,(anonymous_2)
FN:27,(anonymous_3)
FN:31,(anonymous_4)
FN:35,(anonymous_5)
FN:39,(anonymous_6)
FN:56,(anonymous_7)
FN:57,(anonymous_8)
FN:59,(anonymous_9)
FN:77,(anonymous_10)
FN:85,(anonymous_11)
FN:97,(anonymous_12)
FN:111,(anonymous_13)
FN:115,(anonymous_14)
FN:123,(anonymous_15)
FN:127,(anonymous_16)
FN:137,(anonymous_17)
FNF:18
FNH:16
FNDA:4,(anonymous_0)
FNDA:4,(anonymous_1)
FNDA:4,(anonymous_2)
FNDA:4,(anonymous_3)
FNDA:4,(anonymous_4)
FNDA:2,(anonymous_5)
FNDA:2,(anonymous_6)
FNDA:3,(anonymous_7)
FNDA:6,(anonymous_8)
FNDA:3,(anonymous_9)
FNDA:6,(anonymous_10)
FNDA:3,(anonymous_11)
FNDA:1,(anonymous_12)
FNDA:4,(anonymous_13)
FNDA:3,(anonymous_14)
FNDA:3,(anonymous_15)
FNDA:0,(anonymous_16)
FNDA:0,(anonymous_17)
DA:5,1
DA:7,4
DA:9,4
DA:10,4
DA:11,4
DA:12,4
DA:13,4
DA:14,4
DA:18,4
DA:20,0
DA:22,4
DA:25,4
DA:28,4
DA:29,4
DA:32,4
DA:33,4
DA:36,2
DA:37,2
DA:40,2
DA:41,2
DA:42,2
DA:43,2
DA:44,2
DA:45,2
DA:46,2
DA:47,2
DA:48,1
DA:50,2
DA:51,1
DA:53,1
DA:57,6
DA:60,3
DA:61,0
DA:63,3
DA:64,3
DA:65,3
DA:67,0
DA:68,0
DA:69,0
DA:70,0
DA:71,0
DA:75,0
DA:78,6
DA:79,16
DA:80,1
DA:81,1
DA:87,3
DA:88,6
DA:89,6
DA:90,1
DA:92,5
DA:93,2
DA:99,1
DA:100,0
DA:101,0
DA:103,1
DA:104,1
DA:105,1
DA:106,1
DA:107,1
DA:112,4
DA:113,4
DA:114,4
DA:115,4
DA:116,3
DA:117,3
DA:118,3
DA:122,4
DA:123,3
DA:125,1
DA:128,0
DA:131,1
DA:134,1
DA:138,0
DA:142,1
DA:145,1
LF:76
LH:64
BRDA:18,0,0,0
BRDA:18,0,1,4
BRDA:18,1,0,4
BRDA:18,1,1,4
BRDA:25,2,0,0
BRDA:25,2,1,4
BRDA:47,3,0,1
BRDA:47,3,1,1
BRDA:50,4,0,1
BRDA:50,4,1,1
BRDA:52,5,0,1
BRDA:52,5,1,0
BRDA:52,6,0,1
BRDA:52,6,1,1
BRDA:60,7,0,0
BRDA:60,7,1,3
BRDA:64,8,0,3
BRDA:64,8,1,0
BRDA:64,9,0,3
BRDA:64,9,1,3
BRDA:68,10,0,0
BRDA:68,10,1,0
BRDA:70,11,0,0
BRDA:70,11,1,0
BRDA:70,12,0,0
BRDA:70,12,1,0
BRDA:79,13,0,1
BRDA:79,13,1,15
BRDA:89,14,0,1
BRDA:89,14,1,5
BRDA:92,15,0,2
BRDA:92,15,1,3
BRDA:92,16,0,5
BRDA:92,16,1,2
BRDA:99,17,0,0
BRDA:99,17,1,1
BRDA:99,18,0,1
BRDA:99,18,1,1
BRDA:104,19,0,1
BRDA:104,19,1,0
BRDA:104,20,0,1
BRDA:104,20,1,1
BRDA:112,21,0,4
BRDA:112,21,1,1
BRDA:114,22,0,4
BRDA:114,22,1,0
BRDA:117,23,0,3
BRDA:117,23,1,0
BRDA:117,24,0,3
BRDA:117,24,1,3
BRDA:122,25,0,3
BRDA:122,25,1,1
BRDA:122,26,0,4
BRDA:122,26,1,4
BRF:54
BRH:39
end_of_record
TN:
SF:/Users/madao/production/m_ui/tests/unit/cascsder.spec.ts
FN:43,(anonymous_0)
FN:44,(anonymous_1)
FN:54,(anonymous_2)
FN:64,(anonymous_3)
FN:84,(anonymous_4)
FN:89,(anonymous_5)
FN:96,(anonymous_6)
FN:101,(anonymous_7)
FN:102,(anonymous_8)
FNF:9
FNH:9
FNDA:1,(anonymous_0)
FNDA:1,(anonymous_1)
FNDA:1,(anonymous_2)
FNDA:1,(anonymous_3)
FNDA:1,(anonymous_4)
FNDA:1,(anonymous_5)
FNDA:3,(anonymous_6)
FNDA:1,(anonymous_7)
FNDA:1,(anonymous_8)
DA:4,1
DA:43,1
DA:44,1
DA:45,1
DA:48,1
DA:49,1
DA:54,1
DA:55,1
DA:58,1
DA:59,1
DA:64,1
DA:65,1
DA:80,1
DA:85,1
DA:89,1
DA:90,1
DA:92,1
DA:93,1
DA:94,1
DA:95,1
DA:96,1
DA:97,3
DA:101,1
DA:102,1
DA:103,1
DA:106,1
DA:107,1
DA:108,1
DA:109,1
DA:110,1
LF:30
LH:30
BRF:0
BRH:0
end_of_record
TN:
SF:/Users/madao/production/m_ui/src/components/collapse/index.vue
FN:4,(anonymous_0)
FN:10,(anonymous_1)
FN:15,(anonymous_2)
FN:31,(anonymous_3)
FN:36,(anonymous_4)
FN:37,(anonymous_5)
FN:48,(anonymous_6)
FN:60,(anonymous_7)
FNF:8
FNH:7
FNDA:5,(anonymous_0)
FNDA:5,(anonymous_1)
FNDA:5,(anonymous_2)
FNDA:5,(anonymous_3)
FNDA:5,(anonymous_4)
FNDA:2,(anonymous_5)
FNDA:2,(anonymous_6)
FNDA:0,(anonymous_7)
DA:3,1
DA:5,5
DA:6,5
DA:8,5
DA:11,5
DA:12,5
DA:16,5
DA:17,5
DA:18,3
DA:23,5
DA:24,0
DA:29,5
DA:32,5
DA:33,5
DA:34,5
DA:37,5
DA:38,2
DA:40,0
DA:44,2
DA:49,2
DA:50,2
DA:51,1
DA:54,1
DA:56,2
DA:57,2
DA:58,2
DA:61,0
DA:62,0
DA:63,0
DA:66,0
DA:67,0
DA:69,0
DA:70,0
DA:71,0
DA:74,1
DA:77,1
DA:80,1
DA:83,1
DA:86,1
LF:39
LH:29
BRDA:17,0,0,3
BRDA:17,0,1,2
BRDA:19,1,0,2
BRDA:19,1,1,1
BRDA:23,2,0,0
BRDA:23,2,1,5
BRDA:25,3,0,0
BRDA:25,3,1,0
BRDA:38,4,0,0
BRDA:38,4,1,2
BRDA:50,5,0,1
BRDA:50,5,1,1
BRDA:62,6,0,0
BRDA:62,6,1,0
BRF:14
BRH:8
end_of_record
TN:
SF:/Users/madao/production/m_ui/src/components/collapse/item/index.vue
FN:5,(anonymous_0)
FN:10,(anonymous_1)
FN:14,(anonymous_2)
FN:15,(anonymous_3)
FN:16,(anonymous_4)
FN:20,(anonymous_5)
FN:23,(anonymous_6)
FN:28,(anonymous_7)
FNF:8
FNH:6
FNDA:11,(anonymous_0)
FNDA:11,(anonymous_1)
FNDA:11,(anonymous_2)
FNDA:17,(anonymous_3)
FNDA:17,(anonymous_4)
FNDA:2,(anonymous_5)
FNDA:0,(anonymous_6)
FNDA:0,(anonymous_7)
DA:4,1
DA:6,11
DA:8,11
DA:11,11
DA:15,11
DA:16,17
DA:17,17
DA:21,2
DA:24,0
DA:25,0
DA:26,0
DA:29,0
DA:32,1
DA:35,1
DA:38,1
DA:41,1
LF:16
LH:12
BRF:0
BRH:0
end_of_record
TN:
SF:/Users/madao/production/m_ui/tests/unit/collapse.spec.ts
FN:8,(anonymous_0)
FN:9,(anonymous_1)
FN:19,(anonymous_2)
FN:30,(anonymous_3)
FN:42,(anonymous_4)
FN:48,(anonymous_5)
FN:58,(anonymous_6)
FN:71,(anonymous_7)
FN:80,(anonymous_8)
FN:85,(anonymous_9)
FNF:10
FNH:10
FNDA:1,(anonymous_0)
FNDA:1,(anonymous_1)
FNDA:1,(anonymous_2)
FNDA:1,(anonymous_3)
FNDA:1,(anonymous_4)
FNDA:1,(anonymous_5)
FNDA:1,(anonymous_6)
FNDA:1,(anonymous_7)
FNDA:1,(anonymous_8)
FNDA:1,(anonymous_9)
DA:6,1
DA:7,1
DA:8,1
DA:9,1
DA:10,1
DA:20,1
DA:25,1
DA:26,1
DA:27,1
DA:28,1
DA:30,1
DA:31,1
DA:41,1
DA:42,1
DA:43,1
DA:44,1
DA:45,1
DA:48,1
DA:49,1
DA:59,1
DA:64,1
DA:65,1
DA:66,1
DA:67,1
DA:68,1
DA:71,1
DA:72,1
DA:80,1
DA:81,1
DA:82,1
DA:83,1
DA:85,1
DA:86,1
DA:87,1
DA:88,1
LF:35
LH:35
BRF:0
BRH:0
end_of_record
TN:
SF:/Users/madao/production/m_ui/src/components/popover/index.vue
FN:4,(anonymous_0)
FN:11,(anonymous_1)
FN:20,(anonymous_2)
FN:30,(anonymous_3)
FN:42,(anonymous_4)
FN:47,(anonymous_5)
FN:54,(anonymous_6)
FN:58,(anonymous_7)
FN:64,(anonymous_8)
FN:69,(anonymous_9)
FN:72,(anonymous_10)
FN:77,(anonymous_11)
FN:82,(anonymous_12)
FNF:13
FNH:10
FNDA:18,(anonymous_0)
FNDA:18,(anonymous_1)
FNDA:0,(anonymous_2)
FNDA:7,(anonymous_3)
FNDA:12,(anonymous_4)
FNDA:1,(anonymous_5)
FNDA:1,(anonymous_6)
FNDA:0,(anonymous_7)
FNDA:0,(anonymous_8)
FNDA:12,(anonymous_9)
FNDA:12,(anonymous_10)
FNDA:8,(anonymous_11)
FNDA:12,(anonymous_12)
DA:3,2
DA:5,18
DA:7,18
DA:9,18
DA:12,18
DA:13,17
DA:16,1
DA:17,1
DA:21,0
DA:22,0
DA:25,0
DA:26,0
DA:31,7
DA:34,7
DA:37,7
DA:38,4
DA:40,3
DA:43,12
DA:44,11
DA:48,1
DA:49,0
DA:51,1
DA:52,0
DA:54,1
DA:55,1
DA:59,0
DA:60,0
DA:62,0
DA:63,0
DA:64,0
DA:65,0
DA:70,12
DA:71,12
DA:72,12
DA:73,12
DA:74,12
DA:78,8
DA:79,8
DA:80,8
DA:83,12
DA:84,12
DA:85,12
DA:88,12
DA:89,12
DA:91,12
DA:92,12
DA:93,12
DA:94,12
DA:112,12
DA:113,12
DA:114,12
DA:118,2
DA:121,2
DA:124,2
DA:127,2
DA:130,2
LF:56
LH:44
BRDA:12,0,0,17
BRDA:12,0,1,1
BRDA:21,1,0,0
BRDA:21,1,1,0
BRDA:31,2,0,7
BRDA:31,2,1,7
BRDA:31,2,2,7
BRDA:34,3,0,7
BRDA:34,3,1,7
BRDA:34,3,2,7
BRDA:37,4,0,4
BRDA:37,4,1,3
BRDA:37,5,0,7
BRDA:37,5,1,7
BRDA:43,6,0,11
BRDA:43,6,1,1
BRDA:44,7,0,0
BRDA:44,7,1,11
BRDA:48,8,0,0
BRDA:48,8,1,1
BRDA:51,9,0,0
BRDA:51,9,1,1
BRDA:59,10,0,0
BRDA:59,10,1,0
BRDA:62,11,0,0
BRDA:62,11,1,0
BRDA:85,12,0,0
BRDA:85,12,1,12
BRDA:88,13,0,12
BRDA:88,13,1,0
BRDA:88,14,0,12
BRDA:88,14,1,12
BRDA:89,15,0,12
BRDA:89,15,1,12
BRDA:93,16,0,0
BRDA:93,17,0,0
BRDA:112,18,0,12
BRDA:112,18,1,0
BRF:38
BRH:24
end_of_record
TN:
SF:/Users/madao/production/m_ui/src/components/input/index.vue
FN:6,(anonymous_0)
FN:12,(anonymous_1)
FN:16,(anonymous_2)
FN:21,(anonymous_3)
FN:26,(anonymous_4)
FN:29,(anonymous_5)
FN:41,(anonymous_6)
FN:44,(anonymous_7)
FN:47,(anonymous_8)
FN:50,(anonymous_9)
FN:53,(anonymous_10)
FN:56,(anonymous_11)
FN:59,(anonymous_12)
FNF:13
FNH:13
FNDA:20,(anonymous_0)
FNDA:21,(anonymous_1)
FNDA:2,(anonymous_2)
FNDA:2,(anonymous_3)
FNDA:1,(anonymous_4)
FNDA:2,(anonymous_5)
FNDA:20,(anonymous_6)
FNDA:20,(anonymous_7)
FNDA:20,(anonymous_8)
FNDA:20,(anonymous_9)
FNDA:20,(anonymous_10)
FNDA:20,(anonymous_11)
FNDA:26,(anonymous_12)
DA:5,2
DA:7,20
DA:9,20
DA:10,20
DA:13,21
DA:17,2
DA:18,0
DA:19,2
DA:22,2
DA:23,2
DA:24,2
DA:27,1
DA:30,2
DA:35,2
DA:36,2
DA:37,2
DA:38,2
DA:42,20
DA:45,20
DA:48,20
DA:51,20
DA:54,20
DA:57,20
DA:60,26
DA:63,2
DA:66,2
DA:69,2
DA:72,2
DA:75,2
DA:78,2
DA:81,2
DA:84,2
DA:87,2
DA:90,2
DA:93,2
DA:96,2
DA:99,2
DA:102,2
DA:105,2
DA:108,2
DA:111,2
LF:41
LH:40
BRDA:17,0,0,0
BRDA:17,0,1,2
BRDA:42,1,0,20
BRDA:42,1,1,18
BRDA:45,2,0,20
BRDA:45,2,1,4
BRDA:48,3,0,20
BRDA:48,3,1,18
BRDA:51,4,0,20
BRDA:51,4,1,19
BRDA:60,5,0,26
BRDA:60,5,1,23
BRF:12
BRH:11
end_of_record
TN:
SF:/Users/madao/production/m_ui/src/components/date-picker/date-panel/index.vue
FN:5,(anonymous_0)
FN:16,(anonymous_1)
FN:22,(anonymous_2)
FN:31,(anonymous_3)
FN:56,(anonymous_4)
FN:64,(anonymous_5)
FN:70,(anonymous_6)
FNF:7
FNH:4
FNDA:420,(anonymous_0)
FNDA:5,(anonymous_1)
FNDA:420,(anonymous_2)
FNDA:425,(anonymous_3)
FNDA:0,(anonymous_4)
FNDA:0,(anonymous_5)
FNDA:0,(anonymous_6)
DA:3,1
DA:6,420
DA:7,420
DA:8,84
DA:11,336
DA:12,0
DA:14,336
DA:17,5
DA:18,0
DA:20,5
DA:23,420
DA:24,42
DA:29,378
DA:32,425
DA:33,425
DA:35,0
DA:38,1
DA:41,1
DA:44,1
DA:47,1
DA:50,1
DA:53,1
DA:57,0
DA:61,1
DA:65,0
DA:69,1
DA:72,1
DA:75,1
LF:28
LH:23
BRDA:7,0,0,84
BRDA:7,0,1,336
BRDA:7,1,0,420
BRDA:7,1,1,336
BRDA:8,2,0,84
BRDA:8,2,1,82
BRDA:8,3,0,84
BRDA:8,3,1,0
BRDA:9,4,0,82
BRDA:9,4,1,41
BRDA:11,5,0,0
BRDA:11,5,1,336
BRDA:17,6,0,0
BRDA:17,6,1,5
BRDA:23,7,0,42
BRDA:23,7,1,378
BRDA:23,8,0,420
BRDA:23,8,1,84
BRDA:24,9,0,42
BRDA:24,9,1,40
BRDA:32,10,0,425
BRDA:32,10,1,0
BRF:22
BRH:18
end_of_record
TN:
SF:/Users/madao/production/m_ui/src/components/date-picker/year-panel/index.vue
FN:4,(anonymous_0)
FN:10,(anonymous_1)
FN:26,(anonymous_2)
FNF:3
FNH:3
FNDA:2,(anonymous_0)
FNDA:4,(anonymous_1)
FNDA:1,(anonymous_2)
DA:3,1
DA:5,2
DA:7,2
DA:11,4
DA:12,4
DA:13,4
DA:14,4
DA:15,40
DA:17,4
DA:18,16
DA:23,4
DA:27,1
DA:30,1
DA:33,1
DA:36,1
LF:15
LH:15
BRF:0
BRH:0
end_of_record
TN:
SF:/Users/madao/production/m_ui/src/components/date-picker/month-panel/index.vue
FN:4,(anonymous_0)
FN:39,(anonymous_1)
FNF:2
FNH:2
FNDA:3,(anonymous_0)
FNDA:1,(anonymous_1)
DA:3,1
DA:5,3
DA:7,3
DA:36,3
DA:40,1
DA:43,1
DA:46,1
LF:7
LH:7
BRF:0
BRH:0
end_of_record
TN:
SF:/Users/madao/production/m_ui/src/utils/calender/calendar.ts
FN:2,(anonymous_0)
FN:33,(anonymous_1)
FN:37,(anonymous_2)
FN:41,(anonymous_3)
FN:45,(anonymous_4)
FN:69,(anonymous_5)
FN:77,(anonymous_6)
FN:85,(anonymous_7)
FN:106,(anonymous_8)
FN:122,(anonymous_9)
FN:135,(anonymous_10)
FN:141,(anonymous_11)
FN:147,(anonymous_12)
FN:163,(anonymous_13)
FNF:14
FNH:14
FNDA:15,(anonymous_0)
FNDA:38,(anonymous_1)
FNDA:820,(anonymous_2)
FNDA:1602,(anonymous_3)
FNDA:461,(anonymous_4)
FNDA:798,(anonymous_5)
FNDA:27,(anonymous_6)
FNDA:19,(anonymous_7)
FNDA:798,(anonymous_8)
FNDA:57,(anonymous_9)
FNDA:19,(anonymous_10)
FNDA:19,(anonymous_11)
FNDA:3,(anonymous_12)
FNDA:166,(anonymous_13)
DA:3,15
DA:30,15
DA:34,38
DA:38,820
DA:42,1602
DA:46,461
DA:47,461
DA:56,461
DA:57,461
DA:59,461
DA:60,3227
DA:61,922
DA:66,461
DA:70,798
DA:71,798
DA:72,798
DA:78,27
DA:79,27
DA:86,19
DA:87,19
DA:88,19
DA:90,19
DA:91,19
DA:92,19
DA:93,19
DA:94,19
DA:97,19
DA:99,19
DA:100,19
DA:101,19
DA:102,19
DA:104,19
DA:107,798
DA:108,798
DA:109,798
DA:123,57
DA:124,57
DA:125,798
DA:133,57
DA:136,19
DA:137,0
DA:139,19
DA:142,19
DA:143,1
DA:145,18
DA:148,3
DA:149,3
DA:150,3
DA:164,166
DA:165,166
LF:50
LH:49
BRDA:42,0,0,1096
BRDA:42,0,1,506
BRDA:45,1,0,0
BRDA:46,2,0,461
BRDA:46,2,1,0
BRDA:56,3,0,461
BRDA:56,3,1,0
BRDA:60,4,0,922
BRDA:60,4,1,2305
BRDA:61,5,0,0
BRDA:61,5,1,922
BRDA:72,6,0,798
BRDA:72,6,1,712
BRDA:72,6,2,245
BRDA:78,7,0,22
BRDA:78,7,1,5
BRDA:85,8,0,0
BRDA:85,9,0,0
BRDA:90,10,0,19
BRDA:90,10,1,0
BRDA:99,11,0,19
BRDA:99,11,1,0
BRDA:136,12,0,0
BRDA:136,12,1,19
BRDA:142,13,0,1
BRDA:142,13,1,18
BRDA:147,14,0,1
BRDA:147,15,0,1
BRDA:159,16,0,3
BRDA:159,16,1,3
BRF:30
BRH:21
end_of_record
TN:
SF:/Users/madao/production/m_ui/src/components/date-picker/index.vue
FN:12,(anonymous_0)
FN:29,(anonymous_1)
FN:34,(anonymous_2)
FN:46,(anonymous_3)
FN:52,(anonymous_4)
FN:58,(anonymous_5)
FN:62,(anonymous_6)
FN:65,(anonymous_7)
FN:68,(anonymous_8)
FN:77,(anonymous_9)
FN:94,(anonymous_10)
FN:104,(anonymous_11)
FN:109,(anonymous_12)
FN:112,(anonymous_13)
FN:122,(anonymous_14)
FN:130,(anonymous_15)
FN:142,(anonymous_16)
FN:154,(anonymous_17)
FN:158,(anonymous_18)
FN:167,(anonymous_19)
FN:174,(anonymous_20)
FN:198,(anonymous_21)
FN:204,(anonymous_22)
FN:210,(anonymous_23)
FN:219,(anonymous_24)
FN:228,(anonymous_25)
FN:243,(anonymous_26)
FN:249,(anonymous_27)
FN:252,(anonymous_28)
FN:264,(anonymous_29)
FN:269,(anonymous_30)
FN:278,(anonymous_31)
FN:307,(anonymous_32)
FNF:33
FNH:24
FNDA:15,(anonymous_0)
FNDA:17,(anonymous_1)
FNDA:2,(anonymous_2)
FNDA:26,(anonymous_3)
FNDA:15,(anonymous_4)
FNDA:0,(anonymous_5)
FNDA:7,(anonymous_6)
FNDA:7,(anonymous_7)
FNDA:12,(anonymous_8)
FNDA:15,(anonymous_9)
FNDA:15,(anonymous_10)
FNDA:1,(anonymous_11)
FNDA:0,(anonymous_12)
FNDA:7,(anonymous_13)
FNDA:5,(anonymous_14)
FNDA:1,(anonymous_15)
FNDA:1,(anonymous_16)
FNDA:4,(anonymous_17)
FNDA:1,(anonymous_18)
FNDA:2,(anonymous_19)
FNDA:0,(anonymous_20)
FNDA:0,(anonymous_21)
FNDA:0,(anonymous_22)
FNDA:0,(anonymous_23)
FNDA:0,(anonymous_24)
FNDA:3,(anonymous_25)
FNDA:26,(anonymous_26)
FNDA:0,(anonymous_27)
FNDA:1,(anonymous_28)
FNDA:0,(anonymous_29)
FNDA:2,(anonymous_30)
FNDA:3,(anonymous_31)
FNDA:383,(anonymous_32)
DA:11,1
DA:13,15
DA:14,15
DA:16,15
DA:17,15
DA:18,15
DA:19,15
DA:20,15
DA:25,15
DA:26,15
DA:27,15
DA:30,17
DA:32,16
DA:33,1
DA:34,2
DA:38,15
DA:40,16
DA:43,1
DA:47,26
DA:48,26
DA:49,2
DA:53,15
DA:54,15
DA:55,15
DA:56,15
DA:59,0
DA:63,7
DA:66,7
DA:69,12
DA:74,12
DA:78,15
DA:79,15
DA:80,1
DA:83,14
DA:85,15
DA:86,15
DA:87,15
DA:95,15
DA:98,1
DA:99,1
DA:100,1
DA:101,1
DA:105,1
DA:106,1
DA:107,1
DA:110,0
DA:113,7
DA:114,7
DA:115,42
DA:120,7
DA:123,5
DA:124,3
DA:126,2
DA:127,2
DA:131,1
DA:132,1
DA:133,0
DA:134,0
DA:135,0
DA:137,1
DA:138,1
DA:139,1
DA:140,1
DA:143,1
DA:144,1
DA:145,0
DA:146,0
DA:147,0
DA:149,1
DA:150,1
DA:151,1
DA:152,1
DA:155,4
DA:156,4
DA:157,4
DA:158,1
DA:159,1
DA:162,4
DA:163,4
DA:164,4
DA:165,4
DA:168,2
DA:173,2
DA:174,0
DA:175,0
DA:178,2
DA:179,1
DA:180,1
DA:182,1
DA:183,1
DA:185,0
DA:186,0
DA:187,0
DA:189,1
DA:190,1
DA:192,0
DA:193,0
DA:194,0
DA:195,0
DA:199,0
DA:200,0
DA:201,0
DA:202,0
DA:205,0
DA:206,0
DA:207,0
DA:208,0
DA:211,0
DA:212,0
DA:213,0
DA:214,0
DA:216,0
DA:217,0
DA:220,0
DA:221,0
DA:222,0
DA:223,0
DA:225,0
DA:226,0
DA:229,3
DA:230,3
DA:231,3
DA:232,1
DA:233,1
DA:234,1
DA:236,2
DA:237,1
DA:238,1
DA:240,1
DA:241,1
DA:244,26
DA:245,6
DA:247,20
DA:250,0
DA:253,1
DA:256,1
DA:259,1
DA:260,1
DA:261,1
DA:262,1
DA:265,0
DA:266,0
DA:267,0
DA:270,2
DA:271,0
DA:273,2
DA:274,2
DA:275,2
DA:276,1
DA:277,1
DA:278,3
DA:279,1
DA:280,0
DA:282,1
DA:284,1
DA:286,1
DA:287,1
DA:291,1
DA:294,1
DA:297,1
DA:300,1
DA:303,1
DA:306,1
DA:309,1
DA:312,1
DA:315,1
DA:318,1
DA:321,1
LF:168
LH:125
BRDA:30,0,0,16
BRDA:30,0,1,1
BRDA:32,1,0,1
BRDA:32,1,1,15
BRDA:48,2,0,2
BRDA:48,2,1,24
BRDA:79,3,0,1
BRDA:79,3,1,14
BRDA:80,4,0,1
BRDA:80,4,1,0
BRDA:88,5,0,15
BRDA:88,5,1,0
BRDA:89,6,0,15
BRDA:89,6,1,0
BRDA:90,7,0,15
BRDA:90,7,1,0
BRDA:95,8,0,1
BRDA:95,8,1,14
BRDA:95,9,0,15
BRDA:95,9,1,4
BRDA:95,9,2,1
BRDA:123,10,0,3
BRDA:123,10,1,2
BRDA:126,11,0,2
BRDA:126,11,1,0
BRDA:132,12,0,0
BRDA:132,12,1,1
BRDA:144,13,0,0
BRDA:144,13,1,1
BRDA:157,14,0,1
BRDA:157,14,1,3
BRDA:173,15,0,0
BRDA:173,15,1,2
BRDA:178,16,0,1
BRDA:178,16,1,1
BRDA:182,17,0,1
BRDA:182,17,1,0
BRDA:182,18,0,1
BRDA:182,18,1,1
BRDA:183,19,0,0
BRDA:183,19,1,1
BRDA:192,20,0,0
BRDA:192,20,1,0
BRDA:192,21,0,0
BRDA:192,21,1,0
BRDA:212,22,0,0
BRDA:212,22,1,0
BRDA:221,23,0,0
BRDA:221,23,1,0
BRDA:231,24,0,1
BRDA:231,24,1,2
BRDA:236,25,0,1
BRDA:236,25,1,1
BRDA:244,26,0,6
BRDA:244,26,1,20
BRDA:253,27,0,1
BRDA:253,27,1,0
BRDA:256,28,0,1
BRDA:256,28,1,0
BRDA:270,29,0,0
BRDA:270,29,1,2
BRDA:275,30,0,1
BRDA:275,30,1,1
BRDA:275,31,0,2
BRDA:275,31,1,1
BRDA:279,32,0,0
BRDA:279,32,1,1
BRDA:282,33,0,1
BRDA:282,33,1,0
BRDA:282,34,0,1
BRDA:282,34,1,1
BRF:71
BRH:48
end_of_record
TN:
SF:/Users/madao/production/m_ui/tests/unit/datepicker.spec.ts
FN:6,(anonymous_0)
FN:7,(anonymous_1)
FN:13,(anonymous_2)
FN:19,(anonymous_3)
FN:26,(anonymous_4)
FN:33,(anonymous_5)
FN:41,(anonymous_6)
FN:56,(anonymous_7)
FN:63,(anonymous_8)
FN:72,(anonymous_9)
FN:77,(anonymous_10)
FN:84,(anonymous_11)
FN:93,(anonymous_12)
FN:98,(anonymous_13)
FN:104,(anonymous_14)
FN:111,(anonymous_15)
FN:120,(anonymous_16)
FN:126,(anonymous_17)
FN:133,(anonymous_18)
FN:142,(anonymous_19)
FN:151,(anonymous_20)
FN:157,(anonymous_21)
FN:168,(anonymous_22)
FN:176,(anonymous_23)
FN:183,(anonymous_24)
FN:194,(anonymous_25)
FN:201,(anonymous_26)
FN:212,(anonymous_27)
FN:219,(anonymous_28)
FN:232,(anonymous_29)
FN:242,(anonymous_30)
FN:252,(anonymous_31)
FN:256,(anonymous_32)
FN:265,(anonymous_33)
FNF:34
FNH:34
FNDA:1,(anonymous_0)
FNDA:1,(anonymous_1)
FNDA:1,(anonymous_2)
FNDA:1,(anonymous_3)
FNDA:1,(anonymous_4)
FNDA:1,(anonymous_5)
FNDA:1,(anonymous_6)
FNDA:1,(anonymous_7)
FNDA:1,(anonymous_8)
FNDA:1,(anonymous_9)
FNDA:1,(anonymous_10)
FNDA:1,(anonymous_11)
FNDA:1,(anonymous_12)
FNDA:1,(anonymous_13)
FNDA:1,(anonymous_14)
FNDA:1,(anonymous_15)
FNDA:1,(anonymous_16)
FNDA:1,(anonymous_17)
FNDA:1,(anonymous_18)
FNDA:1,(anonymous_19)
FNDA:1,(anonymous_20)
FNDA:1,(anonymous_21)
FNDA:1,(anonymous_22)
FNDA:1,(anonymous_23)
FNDA:1,(anonymous_24)
FNDA:1,(anonymous_25)
FNDA:1,(anonymous_26)
FNDA:1,(anonymous_27)
FNDA:1,(anonymous_28)
FNDA:1,(anonymous_29)
FNDA:1,(anonymous_30)
FNDA:1,(anonymous_31)
FNDA:42,(anonymous_32)
FNDA:1,(anonymous_33)
DA:5,1
DA:6,1
DA:7,1
DA:8,1
DA:13,1
DA:14,1
DA:15,1
DA:17,1
DA:18,1
DA:19,1
DA:20,1
DA:21,1
DA:22,1
DA:23,1
DA:26,1
DA:27,1
DA:33,1
DA:34,1
DA:35,1
DA:36,1
DA:37,1
DA:39,1
DA:40,1
DA:41,1
DA:42,1
DA:43,1
DA:44,1
DA:45,1
DA:48,1
DA:51,1
DA:52,1
DA:53,1
DA:56,1
DA:57,1
DA:63,1
DA:64,1
DA:65,1
DA:67,1
DA:70,1
DA:71,1
DA:72,1
DA:73,1
DA:74,1
DA:77,1
DA:78,1
DA:84,1
DA:85,1
DA:86,1
DA:88,1
DA:91,1
DA:92,1
DA:93,1
DA:94,1
DA:95,1
DA:98,1
DA:99,1
DA:105,1
DA:108,1
DA:109,1
DA:110,1
DA:111,1
DA:112,1
DA:113,1
DA:114,1
DA:115,1
DA:116,1
DA:117,1
DA:120,1
DA:121,1
DA:127,1
DA:130,1
DA:131,1
DA:132,1
DA:133,1
DA:134,1
DA:135,1
DA:136,1
DA:137,1
DA:138,1
DA:139,1
DA:142,1
DA:143,1
DA:149,1
DA:151,1
DA:152,1
DA:158,1
DA:161,1
DA:162,1
DA:163,1
DA:164,1
DA:165,1
DA:166,1
DA:168,1
DA:169,1
DA:174,1
DA:175,1
DA:176,1
DA:177,1
DA:178,1
DA:179,1
DA:180,1
DA:183,1
DA:184,1
DA:189,1
DA:192,1
DA:193,1
DA:194,1
DA:195,1
DA:196,1
DA:197,1
DA:198,1
DA:201,1
DA:202,1
DA:207,1
DA:210,1
DA:211,1
DA:212,1
DA:213,1
DA:214,1
DA:215,1
DA:216,1
DA:219,1
DA:220,1
DA:225,1
DA:226,1
DA:227,1
DA:228,1
DA:229,1
DA:230,1
DA:232,1
DA:233,1
DA:238,1
DA:239,1
DA:240,1
DA:242,1
DA:243,1
DA:249,1
DA:250,1
DA:252,1
DA:253,1
DA:257,42
DA:259,42
DA:263,1
DA:264,1
DA:265,1
DA:266,1
DA:267,1
DA:268,1
DA:269,1
DA:270,1
LF:150
LH:150
BRF:0
BRH:0
end_of_record
TN:
SF:/Users/madao/production/m_ui/src/components/dialog/index.vue
FN:7,(anonymous_0)
FNF:1
FNH:1
FNDA:3,(anonymous_0)
DA:5,1
DA:8,3
DA:9,3
DA:11,3
DA:14,1
DA:17,1
DA:20,1
DA:23,1
DA:26,1
DA:29,1
DA:32,1
DA:35,1
LF:12
LH:12
BRDA:8,0,0,3
BRDA:8,0,1,0
BRF:2
BRH:1
end_of_record
TN:
SF:/Users/madao/production/m_ui/tests/unit/dialog.spec.ts
FN:5,(anonymous_0)
FN:6,(anonymous_1)
FN:16,(anonymous_2)
FN:29,(anonymous_3)
FN:42,(anonymous_4)
FN:55,(anonymous_5)
FN:67,(anonymous_6)
FN:80,(anonymous_7)
FNF:8
FNH:8
FNDA:1,(anonymous_0)
FNDA:1,(anonymous_1)
FNDA:1,(anonymous_2)
FNDA:1,(anonymous_3)
FNDA:1,(anonymous_4)
FNDA:1,(anonymous_5)
FNDA:1,(anonymous_6)
FNDA:1,(anonymous_7)
DA:5,1
DA:6,1
DA:7,1
DA:13,1
DA:14,1
DA:16,1
DA:17,1
DA:26,1
DA:27,1
DA:29,1
DA:30,1
DA:38,1
DA:39,1
DA:40,1
DA:42,1
DA:43,1
DA:52,1
DA:53,1
DA:55,1
DA:56,1
DA:64,1
DA:65,1
DA:67,1
DA:68,1
DA:77,1
DA:78,1
DA:80,1
DA:81,1
DA:87,1
DA:88,1
DA:89,1
DA:90,1
DA:91,1
DA:92,1
DA:93,1
DA:94,1
DA:95,1
DA:96,1
DA:97,1
DA:98,1
DA:99,1
DA:100,1
LF:42
LH:42
BRF:0
BRH:0
end_of_record
TN:
SF:/Users/madao/production/m_ui/src/components/grid/row/index.vue
FN:5,(anonymous_0)
FN:14,(anonymous_1)
FN:21,(anonymous_2)
FN:22,(anonymous_3)
FNF:4
FNH:4
FNDA:3,(anonymous_0)
FNDA:3,(anonymous_1)
FNDA:3,(anonymous_2)
FNDA:4,(anonymous_3)
DA:3,1
DA:6,3
DA:7,1
DA:12,2
DA:15,3
DA:16,3
DA:17,1
DA:19,3
DA:22,3
DA:23,4
DA:27,1
DA:30,1
DA:33,1
LF:13
LH:13
BRDA:6,0,0,1
BRDA:6,0,1,2
BRDA:16,1,0,1
BRDA:16,1,1,2
BRF:4
BRH:4
end_of_record
TN:
SF:/Users/madao/production/m_ui/src/components/grid/col/index.vue
FN:4,(anonymous_0)
FN:10,(anonymous_1)
FN:24,(anonymous_2)
FN:31,(anonymous_3)
FNF:4
FNH:4
FNDA:5,(anonymous_0)
FNDA:5,(anonymous_1)
FNDA:9,(anonymous_2)
FNDA:30,(anonymous_3)
DA:3,1
DA:5,5
DA:7,5
DA:11,5
DA:12,5
DA:13,5
DA:14,5
DA:25,9
DA:32,30
DA:33,30
DA:34,20
DA:36,10
DA:37,10
DA:39,10
DA:40,6
DA:42,10
DA:45,1
DA:48,1
DA:51,1
DA:54,1
DA:57,1
DA:60,1
DA:63,1
DA:66,1
LF:24
LH:24
BRDA:12,0,0,5
BRDA:12,0,1,5
BRDA:13,1,0,5
BRDA:13,1,1,1
BRDA:31,2,0,5
BRDA:33,3,0,20
BRDA:33,3,1,10
BRDA:36,4,0,10
BRDA:36,4,1,0
BRDA:39,5,0,6
BRDA:39,5,1,4
BRF:11
BRH:10
end_of_record
TN:
SF:/Users/madao/production/m_ui/tests/unit/gird.spec.ts
FN:5,(anonymous_0)
FN:6,(anonymous_1)
FN:15,(anonymous_2)
FN:26,(anonymous_3)
FN:34,(anonymous_4)
FN:60,(anonymous_5)
FNF:6
FNH:6
FNDA:1,(anonymous_0)
FNDA:1,(anonymous_1)
FNDA:1,(anonymous_2)
FNDA:1,(anonymous_3)
FNDA:1,(anonymous_4)
FNDA:12,(anonymous_5)
DA:5,1
DA:6,1
DA:7,1
DA:12,1
DA:13,1
DA:15,1
DA:16,1
DA:24,1
DA:26,1
DA:27,1
DA:32,1
DA:34,1
DA:35,1
DA:46,1
DA:60,1
DA:61,12
LF:16
LH:16
BRF:0
BRH:0
end_of_record
TN:
SF:/Users/madao/production/m_ui/tests/unit/icon.spec.ts
FN:4,(anonymous_0)
FN:5,(anonymous_1)
FN:14,(anonymous_2)
FNF:3
FNH:3
FNDA:1,(anonymous_0)
FNDA:1,(anonymous_1)
FNDA:1,(anonymous_2)
DA:4,1
DA:5,1
DA:6,1
DA:11,1
DA:12,1
DA:14,1
DA:15,1
DA:20,1
DA:21,1
LF:9
LH:9
BRF:0
BRH:0
end_of_record
TN:
SF:/Users/madao/production/m_ui/tests/unit/input.spec.ts
FN:7,(anonymous_0)
FN:8,(anonymous_1)
FN:27,(anonymous_2)
FN:57,(anonymous_3)
FN:71,(anonymous_4)
FN:119,(anonymous_5)
FNF:6
FNH:6
FNDA:1,(anonymous_0)
FNDA:1,(anonymous_1)
FNDA:1,(anonymous_2)
FNDA:1,(anonymous_3)
FNDA:1,(anonymous_4)
FNDA:1,(anonymous_5)
DA:7,1
DA:8,1
DA:9,1
DA:18,1
DA:19,1
DA:20,1
DA:21,1
DA:22,1
DA:23,1
DA:24,1
DA:25,1
DA:27,1
DA:28,1
DA:42,1
DA:43,1
DA:44,1
DA:45,1
DA:46,1
DA:47,1
DA:48,1
DA:49,1
DA:50,1
DA:51,1
DA:52,1
DA:53,1
DA:54,1
DA:55,1
DA:57,1
DA:58,1
DA:66,1
DA:67,1
DA:68,1
DA:69,1
DA:71,1
DA:72,1
DA:73,1
DA:74,1
DA:75,1
DA:76,1
DA:77,1
DA:78,1
DA:79,1
DA:80,1
DA:92,1
DA:93,1
DA:94,1
DA:95,1
DA:96,1
DA:97,1
DA:98,1
DA:99,1
DA:100,1
DA:101,1
DA:102,1
DA:103,1
DA:104,1
DA:105,1
DA:106,1
DA:107,1
DA:108,1
DA:109,1
DA:110,1
DA:111,1
DA:112,1
DA:113,1
DA:114,1
DA:115,1
DA:116,1
DA:117,1
DA:119,1
DA:120,1
DA:127,1
DA:128,1
DA:129,1
DA:130,1
LF:75
LH:75
BRF:0
BRH:0
end_of_record
TN:
SF:/Users/madao/production/m_ui/src/components/layout/index.vue
FN:4,(anonymous_0)
FN:9,(anonymous_1)
FN:13,(anonymous_2)
FN:14,(anonymous_3)
FNF:4
FNH:4
FNDA:1,(anonymous_0)
FNDA:1,(anonymous_1)
FNDA:1,(anonymous_2)
FNDA:3,(anonymous_3)
DA:3,1
DA:5,1
DA:7,1
DA:10,1
DA:14,1
DA:15,3
DA:16,1
DA:18,3
DA:22,1
LF:9
LH:9
BRDA:15,0,0,1
BRDA:15,0,1,2
BRF:2
BRH:2
end_of_record
TN:
SF:/Users/madao/production/m_ui/src/components/layout/header/index.vue
FNF:0
FNH:0
DA:3,1
DA:5,1
LF:2
LH:2
BRF:0
BRH:0
end_of_record
TN:
SF:/Users/madao/production/m_ui/src/components/layout/main/index.vue
FNF:0
FNH:0
DA:3,1
DA:5,1
LF:2
LH:2
BRF:0
BRH:0
end_of_record
TN:
SF:/Users/madao/production/m_ui/src/components/layout/aside/index.vue
FNF:0
FNH:0
DA:3,1
DA:5,1
LF:2
LH:2
BRF:0
BRH:0
end_of_record
TN:
SF:/Users/madao/production/m_ui/src/components/layout/footer/index.vue
FNF:0
FNH:0
DA:3,1
DA:5,1
LF:2
LH:2
BRF:0
BRH:0
end_of_record
TN:
SF:/Users/madao/production/m_ui/tests/unit/layout.spec.ts
FN:8,(anonymous_0)
FN:9,(anonymous_1)
FNF:2
FNH:2
FNDA:1,(anonymous_0)
FNDA:1,(anonymous_1)
DA:8,1
DA:9,1
DA:10,1
DA:15,1
DA:16,1
DA:17,1
DA:18,1
LF:7
LH:7
BRF:0
BRH:0
end_of_record
TN:
SF:/Users/madao/production/m_ui/src/components/menu/constant.ts
FNF:0
FNH:0
DA:1,1
DA:2,1
DA:3,1
DA:4,1
LF:4
LH:4
BRF:0
BRH:0
end_of_record
TN:
SF:/Users/madao/production/m_ui/src/components/menu/methods.ts
FN:1,(anonymous_0)
FN:12,(anonymous_1)
FN:16,(anonymous_2)
FN:27,(anonymous_3)
FN:30,(anonymous_4)
FNF:5
FNH:3
FNDA:14,(anonymous_0)
FNDA:0,(anonymous_1)
FNDA:0,(anonymous_2)
FNDA:14,(anonymous_3)
FNDA:18,(anonymous_4)
DA:1,1
DA:2,14
DA:3,14
DA:4,14
DA:5,14
DA:6,0
DA:7,0
DA:10,14
DA:12,1
DA:13,0
DA:14,0
DA:15,0
DA:16,0
DA:17,0
DA:18,0
DA:20,0
DA:21,0
DA:23,0
DA:25,0
DA:27,1
DA:28,14
DA:29,14
DA:30,18
DA:31,6
DA:32,2
DA:34,4
DA:35,10
DA:36,10
DA:37,1
DA:41,11
LF:30
LH:18
BRDA:4,0,0,14
BRDA:4,0,1,0
BRDA:5,1,0,0
BRDA:5,1,1,14
BRDA:15,2,0,0
BRDA:15,2,1,0
BRDA:15,3,0,0
BRDA:15,3,1,0
BRDA:17,4,0,0
BRDA:17,4,1,0
BRDA:17,5,0,0
BRDA:17,5,1,0
BRDA:29,6,0,6
BRDA:29,6,1,8
BRDA:29,7,0,14
BRDA:29,7,1,14
BRDA:31,8,0,2
BRDA:31,8,1,4
BRDA:31,9,0,6
BRDA:31,9,1,6
BRDA:36,10,0,1
BRDA:36,10,1,9
BRF:22
BRH:12
end_of_record
TN:
SF:/Users/madao/production/m_ui/src/components/menu/index.vue
FN:6,(anonymous_0)
FN:15,(anonymous_1)
FN:20,(anonymous_2)
FN:25,(anonymous_3)
FN:27,(anonymous_4)
FN:34,(anonymous_5)
FN:35,(anonymous_6)
FN:38,(anonymous_7)
FN:51,(anonymous_8)
FNF:9
FNH:9
FNDA:5,(anonymous_0)
FNDA:5,(anonymous_1)
FNDA:5,(anonymous_2)
FNDA:3,(anonymous_3)
FNDA:4,(anonymous_4)
FNDA:5,(anonymous_5)
FNDA:1,(anonymous_6)
FNDA:3,(anonymous_7)
FNDA:1,(anonymous_8)
DA:5,1
DA:7,5
DA:8,5
DA:9,5
DA:10,5
DA:12,5
DA:13,5
DA:16,5
DA:17,5
DA:21,5
DA:22,5
DA:26,3
DA:27,2
DA:28,4
DA:29,2
DA:35,5
DA:36,1
DA:38,5
DA:39,3
DA:40,0
DA:41,0
DA:42,0
DA:46,3
DA:48,3
DA:52,1
DA:53,1
DA:56,1
DA:59,1
DA:62,1
DA:65,1
DA:68,1
DA:71,1
DA:74,1
DA:77,1
LF:34
LH:31
BRDA:21,0,0,5
BRDA:21,0,1,0
BRDA:26,1,0,2
BRDA:26,1,1,1
BRDA:26,2,0,3
BRDA:26,2,1,3
BRDA:26,2,2,2
BRDA:28,3,0,2
BRDA:28,3,1,2
BRDA:39,4,0,0
BRDA:39,4,1,3
BRDA:41,5,0,0
BRDA:41,5,1,0
BRDA:41,6,0,0
BRDA:41,6,1,0
BRF:15
BRH:9
end_of_record
TN:
SF:/Users/madao/production/m_ui/src/components/menu/sub/index.vue
FN:7,(anonymous_0)
FN:16,(anonymous_1)
FN:25,(anonymous_2)
FN:29,(anonymous_3)
FN:33,(anonymous_4)
FN:42,(anonymous_5)
FN:48,(anonymous_6)
FN:54,(anonymous_7)
FN:55,(anonymous_8)
FN:67,(anonymous_9)
FN:72,(anonymous_10)
FN:76,(anonymous_11)
FN:82,(anonymous_12)
FN:89,(anonymous_13)
FN:96,(anonymous_14)
FN:100,(anonymous_15)
FN:107,(anonymous_16)
FN:111,(anonymous_17)
FN:116,(anonymous_18)
FN:120,(anonymous_19)
FN:123,(anonymous_20)
FN:128,(anonymous_21)
FN:132,(anonymous_22)
FNF:23
FNH:7
FNDA:4,(anonymous_0)
FNDA:4,(anonymous_1)
FNDA:4,(anonymous_2)
FNDA:0,(anonymous_3)
FNDA:0,(anonymous_4)
FNDA:3,(anonymous_5)
FNDA:0,(anonymous_6)
FNDA:4,(anonymous_7)
FNDA:4,(anonymous_8)
FNDA:0,(anonymous_9)
FNDA:0,(anonymous_10)
FNDA:0,(anonymous_11)
FNDA:3,(anonymous_12)
FNDA:0,(anonymous_13)
FNDA:0,(anonymous_14)
FNDA:0,(anonymous_15)
FNDA:0,(anonymous_16)
FNDA:0,(anonymous_17)
FNDA:0,(anonymous_18)
FNDA:0,(anonymous_19)
FNDA:0,(anonymous_20)
FNDA:0,(anonymous_21)
FNDA:0,(anonymous_22)
DA:6,1
DA:8,4
DA:10,4
DA:11,4
DA:12,4
DA:13,4
DA:17,4
DA:18,4
DA:19,2
DA:23,4
DA:26,4
DA:27,4
DA:30,0
DA:34,0
DA:38,0
DA:40,0
DA:43,3
DA:44,1
DA:46,3
DA:49,0
DA:50,0
DA:52,0
DA:55,4
DA:56,4
DA:57,4
DA:58,4
DA:59,2
DA:60,1
DA:64,2
DA:67,4
DA:68,0
DA:69,0
DA:72,4
DA:73,0
DA:77,0
DA:78,0
DA:79,0
DA:83,3
DA:84,0
DA:86,3
DA:87,3
DA:90,0
DA:93,0
DA:95,0
DA:96,0
DA:97,0
DA:101,0
DA:104,0
DA:106,0
DA:107,0
DA:108,0
DA:112,0
DA:113,0
DA:114,0
DA:115,0
DA:116,0
DA:117,0
DA:121,0
DA:124,0
DA:125,0
DA:126,0
DA:127,0
DA:128,0
DA:129,0
DA:133,0
DA:136,1
DA:139,1
DA:142,1
DA:145,1
DA:148,1
DA:151,1
LF:71
LH:33
BRDA:18,0,0,2
BRDA:18,0,1,2
BRDA:34,1,0,0
BRDA:34,1,1,0
BRDA:34,2,0,0
BRDA:34,2,1,0
BRDA:34,2,2,0
BRDA:34,2,3,0
BRDA:43,3,0,1
BRDA:43,3,1,2
BRDA:43,4,0,3
BRDA:43,4,1,1
BRDA:49,5,0,0
BRDA:49,5,1,0
BRDA:49,6,0,0
BRDA:49,6,1,0
BRDA:58,7,0,2
BRDA:58,7,1,2
BRDA:59,8,0,1
BRDA:59,8,1,1
BRDA:59,9,0,2
BRDA:59,9,1,1
BRDA:59,9,2,1
BRDA:64,10,0,2
BRDA:64,10,1,1
BRDA:68,11,0,0
BRDA:68,11,1,0
BRDA:79,12,0,0
BRDA:79,12,1,0
BRDA:83,13,0,0
BRDA:83,13,1,3
BRDA:86,14,0,0
BRDA:86,14,1,3
BRDA:90,15,0,0
BRDA:90,15,1,0
BRDA:90,16,0,0
BRDA:90,16,1,0
BRDA:90,16,2,0
BRDA:101,17,0,0
BRDA:101,17,1,0
BRDA:101,18,0,0
BRDA:101,18,1,0
BRDA:101,18,2,0
BRF:43
BRH:17
end_of_record
TN:
SF:/Users/madao/production/m_ui/src/components/menu/item/index.vue
FN:6,(anonymous_0)
FN:11,(anonymous_1)
FN:15,(anonymous_2)
FN:16,(anonymous_3)
FN:19,(anonymous_4)
FN:23,(anonymous_5)
FN:35,(anonymous_6)
FNF:7
FNH:7
FNDA:21,(anonymous_0)
FNDA:21,(anonymous_1)
FNDA:21,(anonymous_2)
FNDA:3,(anonymous_3)
FNDA:21,(anonymous_4)
FNDA:1,(anonymous_5)
FNDA:21,(anonymous_6)
DA:5,1
DA:7,21
DA:9,21
DA:12,21
DA:16,21
DA:17,3
DA:19,21
DA:20,21
DA:24,1
DA:25,0
DA:27,1
DA:29,1
DA:30,1
DA:31,0
DA:36,21
DA:37,21
DA:38,12
DA:42,21
DA:45,1
DA:48,1
DA:51,1
DA:54,1
DA:57,1
DA:60,1
LF:24
LH:22
BRDA:24,0,0,0
BRDA:24,0,1,1
BRDA:27,1,0,1
BRDA:27,1,1,1
BRDA:30,2,0,0
BRDA:30,2,1,1
BRDA:31,3,0,0
BRDA:31,3,1,0
BRDA:37,4,0,12
BRDA:37,4,1,9
BRF:10
BRH:6
end_of_record
TN:
SF:/Users/madao/production/m_ui/tests/unit/menu.spec.ts
FN:10,(anonymous_0)
FN:11,(anonymous_1)
FN:24,(anonymous_2)
FN:29,(anonymous_3)
FN:43,(anonymous_4)
FN:66,(anonymous_5)
FN:78,(anonymous_6)
FN:99,(anonymous_7)
FN:107,(anonymous_8)
FN:117,(anonymous_9)
FN:124,(anonymous_10)
FNF:11
FNH:11
FNDA:1,(anonymous_0)
FNDA:1,(anonymous_1)
FNDA:1,(anonymous_2)
FNDA:1,(anonymous_3)
FNDA:1,(anonymous_4)
FNDA:1,(anonymous_5)
FNDA:1,(anonymous_6)
FNDA:1,(anonymous_7)
FNDA:1,(anonymous_8)
FNDA:1,(anonymous_9)
FNDA:1,(anonymous_10)
DA:7,1
DA:8,1
DA:9,1
DA:10,1
DA:11,1
DA:12,1
DA:22,1
DA:23,1
DA:24,1
DA:25,1
DA:26,1
DA:29,1
DA:30,1
DA:40,1
DA:41,1
DA:43,1
DA:44,1
DA:61,1
DA:62,1
DA:63,1
DA:64,1
DA:65,1
DA:66,1
DA:67,1
DA:71,1
DA:75,1
DA:78,1
DA:79,1
DA:96,1
DA:97,1
DA:98,1
DA:99,1
DA:100,1
DA:104,1
DA:107,1
DA:108,1
DA:118,1
DA:125,1
DA:126,1
DA:130,1
DA:131,1
DA:132,1
DA:133,1
LF:43
LH:43
BRF:0
BRH:0
end_of_record
TN:
SF:/Users/madao/production/m_ui/src/components/pagination/index.vue
FN:5,(anonymous_0)
FN:12,(anonymous_1)
FN:18,(anonymous_2)
FN:22,(anonymous_3)
FN:23,(anonymous_4)
FN:25,(anonymous_5)
FN:40,(anonymous_6)
FN:43,(anonymous_7)
FN:47,(anonymous_8)
FN:65,(anonymous_9)
FN:77,(anonymous_10)
FN:94,(anonymous_11)
FN:103,(anonymous_12)
FN:112,(anonymous_13)
FNF:14
FNH:11
FNDA:6,(anonymous_0)
FNDA:0,(anonymous_1)
FNDA:12,(anonymous_2)
FNDA:87,(anonymous_3)
FNDA:177,(anonymous_4)
FNDA:87,(anonymous_5)
FNDA:6,(anonymous_6)
FNDA:6,(anonymous_7)
FNDA:12,(anonymous_8)
FNDA:49,(anonymous_9)
FNDA:2,(anonymous_10)
FNDA:2,(anonymous_11)
FNDA:0,(anonymous_12)
FNDA:0,(anonymous_13)
DA:4,1
DA:6,6
DA:8,6
DA:9,6
DA:10,6
DA:13,0
DA:14,0
DA:19,12
DA:20,12
DA:22,87
DA:23,177
DA:24,12
DA:25,12
DA:26,87
DA:27,87
DA:28,18
DA:36,87
DA:38,12
DA:41,6
DA:44,6
DA:48,12
DA:53,12
DA:54,12
DA:55,12
DA:56,12
DA:57,12
DA:59,12
DA:60,63
DA:61,14
DA:63,49
DA:65,49
DA:66,12
DA:67,6
DA:68,6
DA:69,6
DA:70,6
DA:71,20
DA:72,20
DA:75,12
DA:78,2
DA:79,2
DA:80,2
DA:83,2
DA:84,0
DA:86,2
DA:87,0
DA:89,2
DA:90,2
DA:91,2
DA:92,2
DA:95,2
DA:96,2
DA:97,0
DA:99,2
DA:100,2
DA:101,2
DA:104,0
DA:105,0
DA:106,0
DA:107,0
DA:110,0
DA:113,0
DA:116,1
DA:119,1
DA:122,1
DA:125,1
DA:128,1
DA:131,1
LF:68
LH:57
BRDA:13,0,0,0
BRDA:13,0,1,0
BRDA:22,1,0,87
BRDA:22,1,1,87
BRDA:27,2,0,18
BRDA:27,2,1,69
BRDA:27,3,0,87
BRDA:27,3,1,75
BRDA:30,4,0,6
BRDA:30,4,1,12
BRDA:31,5,0,6
BRDA:31,5,1,12
BRDA:44,6,0,6
BRDA:44,6,1,0
BRDA:56,7,0,12
BRDA:56,7,1,0
BRDA:60,8,0,14
BRDA:60,8,1,49
BRDA:60,9,0,63
BRDA:60,9,1,49
BRDA:66,10,0,6
BRDA:66,10,1,6
BRDA:71,11,0,0
BRDA:71,11,1,20
BRDA:78,12,0,2
BRDA:78,12,1,2
BRDA:79,13,0,2
BRDA:79,13,1,0
BRDA:81,14,0,0
BRDA:81,14,1,2
BRDA:83,15,0,0
BRDA:83,15,1,2
BRDA:86,16,0,0
BRDA:86,16,1,2
BRDA:96,17,0,0
BRDA:96,17,1,2
BRDA:96,18,0,2
BRDA:96,18,1,2
BRDA:105,19,0,0
BRDA:105,19,1,0
BRDA:108,20,0,0
BRDA:108,20,1,0
BRF:42
BRH:28
end_of_record
TN:
SF:/Users/madao/production/m_ui/tests/unit/pagination.spec.ts
FN:6,(anonymous_0)
FN:7,(anonymous_1)
FN:16,(anonymous_2)
FN:26,(anonymous_3)
FN:36,(anonymous_4)
FN:49,(anonymous_5)
FN:55,(anonymous_6)
FN:62,(anonymous_7)
FN:74,(anonymous_8)
FNF:9
FNH:9
FNDA:1,(anonymous_0)
FNDA:1,(anonymous_1)
FNDA:1,(anonymous_2)
FNDA:1,(anonymous_3)
FNDA:1,(anonymous_4)
FNDA:1,(anonymous_5)
FNDA:1,(anonymous_6)
FNDA:1,(anonymous_7)
FNDA:1,(anonymous_8)
DA:5,1
DA:6,1
DA:7,1
DA:8,1
DA:13,1
DA:14,1
DA:16,1
DA:17,1
DA:23,1
DA:24,1
DA:26,1
DA:27,1
DA:33,1
DA:34,1
DA:36,1
DA:37,1
DA:44,1
DA:45,1
DA:46,1
DA:47,1
DA:49,1
DA:50,1
DA:56,1
DA:63,1
DA:64,1
DA:68,1
DA:69,1
DA:70,1
DA:71,1
DA:72,1
DA:74,1
DA:75,1
DA:81,1
DA:82,1
DA:83,1
DA:84,1
DA:85,1
DA:86,1
DA:87,1
DA:88,1
LF:40
LH:40
BRF:0
BRH:0
end_of_record
TN:
SF:/Users/madao/production/m_ui/tests/unit/popover.spec.ts
FN:4,(anonymous_0)
FN:5,(anonymous_1)
FN:14,(anonymous_2)
FN:19,(anonymous_3)
FN:26,(anonymous_4)
FNF:5
FNH:5
FNDA:1,(anonymous_0)
FNDA:1,(anonymous_1)
FNDA:1,(anonymous_2)
FNDA:1,(anonymous_3)
FNDA:1,(anonymous_4)
DA:4,1
DA:5,1
DA:6,1
DA:11,1
DA:12,1
DA:14,1
DA:15,1
DA:16,1
DA:17,1
DA:19,1
DA:20,1
DA:25,1
DA:26,1
DA:27,1
DA:28,1
LF:15
LH:15
BRF:0
BRH:0
end_of_record
TN:
SF:/Users/madao/production/m_ui/src/components/swiper/index.vue
FN:5,(anonymous_0)
FN:17,(anonymous_1)
FN:18,(anonymous_2)
FN:24,(anonymous_3)
FN:28,(anonymous_4)
FN:29,(anonymous_5)
FN:37,(anonymous_6)
FN:50,(anonymous_7)
FN:53,(anonymous_8)
FN:57,(anonymous_9)
FN:58,(anonymous_10)
FN:63,(anonymous_11)
FN:70,(anonymous_12)
FN:78,(anonymous_13)
FN:81,(anonymous_14)
FN:84,(anonymous_15)
FN:92,(anonymous_16)
FN:104,(anonymous_17)
FN:107,(anonymous_18)
FN:113,(anonymous_19)
FN:119,(anonymous_20)
FN:123,(anonymous_21)
FN:129,(anonymous_22)
FN:154,(anonymous_23)
FN:159,(anonymous_24)
FN:160,(anonymous_25)
FN:162,(anonymous_26)
FN:174,(anonymous_27)
FN:200,(anonymous_28)
FNF:29
FNH:24
FNDA:5,(anonymous_0)
FNDA:5,(anonymous_1)
FNDA:5,(anonymous_2)
FNDA:4,(anonymous_3)
FNDA:5,(anonymous_4)
FNDA:5,(anonymous_5)
FNDA:11,(anonymous_6)
FNDA:11,(anonymous_7)
FNDA:33,(anonymous_8)
FNDA:11,(anonymous_9)
FNDA:33,(anonymous_10)
FNDA:5,(anonymous_11)
FNDA:1,(anonymous_12)
FNDA:12,(anonymous_13)
FNDA:11,(anonymous_14)
FNDA:16,(anonymous_15)
FNDA:4,(anonymous_16)
FNDA:2,(anonymous_17)
FNDA:0,(anonymous_18)
FNDA:0,(anonymous_19)
FNDA:4,(anonymous_20)
FNDA:0,(anonymous_21)
FNDA:0,(anonymous_22)
FNDA:0,(anonymous_23)
FNDA:5,(anonymous_24)
FNDA:19,(anonymous_25)
FNDA:5,(anonymous_26)
FNDA:6,(anonymous_27)
FNDA:5,(anonymous_28)
DA:4,1
DA:6,5
DA:8,5
DA:9,5
DA:10,5
DA:11,5
DA:12,5
DA:13,5
DA:14,5
DA:15,5
DA:18,5
DA:19,5
DA:20,5
DA:21,5
DA:25,4
DA:29,5
DA:30,5
DA:32,5
DA:34,5
DA:38,11
DA:39,11
DA:41,4
DA:43,7
DA:45,0
DA:48,7
DA:51,11
DA:52,11
DA:53,11
DA:54,33
DA:55,33
DA:57,11
DA:58,11
DA:59,33
DA:64,5
DA:65,4
DA:67,1
DA:68,0
DA:70,1
DA:71,1
DA:72,1
DA:73,1
DA:74,1
DA:76,1
DA:79,12
DA:82,11
DA:83,11
DA:84,11
DA:85,16
DA:86,11
DA:88,16
DA:90,11
DA:93,4
DA:94,4
DA:95,2
DA:97,4
DA:98,0
DA:100,4
DA:101,4
DA:102,4
DA:105,2
DA:108,0
DA:109,0
DA:110,0
DA:114,0
DA:115,0
DA:116,0
DA:120,4
DA:121,4
DA:124,0
DA:125,0
DA:126,0
DA:127,0
DA:130,0
DA:131,0
DA:132,0
DA:133,0
DA:134,0
DA:136,0
DA:137,0
DA:140,0
DA:141,0
DA:144,0
DA:146,0
DA:147,0
DA:150,0
DA:151,0
DA:154,0
DA:155,0
DA:160,19
DA:163,5
DA:164,2
DA:166,3
DA:167,0
DA:169,3
DA:170,3
DA:172,0
DA:175,6
DA:178,1
DA:181,1
DA:184,1
DA:187,1
DA:190,1
DA:193,1
DA:196,1
DA:201,5
DA:205,1
DA:208,1
LF:107
LH:76
BRDA:31,0,0,5
BRDA:31,0,1,0
BRDA:33,1,0,5
BRDA:33,1,1,0
BRDA:38,2,0,11
BRDA:38,2,1,0
BRDA:39,3,0,4
BRDA:39,3,1,7
BRDA:39,4,0,11
BRDA:39,4,1,7
BRDA:43,5,0,0
BRDA:43,5,1,7
BRDA:43,6,0,7
BRDA:43,6,1,0
BRDA:64,7,0,4
BRDA:64,7,1,1
BRDA:67,8,0,0
BRDA:67,8,1,1
BRDA:82,9,0,10
BRDA:82,9,1,1
BRDA:85,10,0,11
BRDA:85,10,1,5
BRDA:92,11,0,3
BRDA:94,12,0,2
BRDA:94,12,1,2
BRDA:95,13,0,2
BRDA:95,13,1,0
BRDA:97,14,0,0
BRDA:97,14,1,4
BRDA:98,15,0,0
BRDA:98,15,1,0
BRDA:109,16,0,0
BRDA:109,16,1,0
BRDA:115,17,0,0
BRDA:115,17,1,0
BRDA:134,18,0,0
BRDA:134,18,1,0
BRDA:134,19,0,0
BRDA:134,19,1,0
BRDA:136,20,0,0
BRDA:136,20,1,0
BRDA:140,21,0,0
BRDA:140,21,1,0
BRDA:144,22,0,0
BRDA:144,22,1,0
BRDA:144,23,0,0
BRDA:144,23,1,0
BRDA:146,24,0,0
BRDA:146,24,1,0
BRDA:150,25,0,0
BRDA:150,25,1,0
BRDA:163,26,0,2
BRDA:163,26,1,3
BRDA:166,27,0,0
BRDA:166,27,1,3
BRDA:166,28,0,3
BRDA:166,28,1,3
BRDA:169,29,0,3
BRDA:169,29,1,0
BRDA:169,30,0,3
BRDA:169,30,1,3
BRF:61
BRH:29
end_of_record
TN:
SF:/Users/madao/production/m_ui/src/components/swiper/item/index.vue
FN:4,(anonymous_0)
FN:12,(anonymous_1)
FN:15,(anonymous_2)
FNF:3
FNH:3
FNDA:15,(anonymous_0)
FNDA:36,(anonymous_1)
FNDA:21,(anonymous_2)
DA:3,1
DA:5,15
DA:7,15
DA:8,15
DA:9,15
DA:13,36
DA:16,21
DA:17,0
DA:19,21
DA:22,1
DA:25,1
LF:11
LH:10
BRDA:16,0,0,0
BRDA:16,0,1,21
BRDA:17,1,0,0
BRDA:17,1,1,0
BRDA:19,2,0,6
BRDA:19,2,1,15
BRF:6
BRH:3
end_of_record
TN:
SF:/Users/madao/production/m_ui/tests/unit/swiper.spec.ts
FN:8,(anonymous_0)
FN:9,(anonymous_1)
FN:19,(anonymous_2)
FN:26,(anonymous_3)
FN:33,(anonymous_4)
FN:43,(anonymous_5)
FN:50,(anonymous_6)
FN:57,(anonymous_7)
FN:67,(anonymous_8)
FN:76,(anonymous_9)
FN:83,(anonymous_10)
FN:93,(anonymous_11)
FN:100,(anonymous_12)
FN:103,(anonymous_13)
FN:111,(anonymous_14)
FN:121,(anonymous_15)
FN:129,(anonymous_16)
FNF:17
FNH:17
FNDA:1,(anonymous_0)
FNDA:1,(anonymous_1)
FNDA:1,(anonymous_2)
FNDA:1,(anonymous_3)
FNDA:1,(anonymous_4)
FNDA:1,(anonymous_5)
FNDA:1,(anonymous_6)
FNDA:1,(anonymous_7)
FNDA:1,(anonymous_8)
FNDA:1,(anonymous_9)
FNDA:1,(anonymous_10)
FNDA:1,(anonymous_11)
FNDA:1,(anonymous_12)
FNDA:1,(anonymous_13)
FNDA:1,(anonymous_14)
FNDA:1,(anonymous_15)
FNDA:1,(anonymous_16)
DA:6,1
DA:7,1
DA:8,1
DA:9,1
DA:10,1
DA:20,1
DA:25,1
DA:26,1
DA:27,1
DA:28,1
DA:29,1
DA:30,1
DA:33,1
DA:34,1
DA:44,1
DA:49,1
DA:50,1
DA:51,1
DA:52,1
DA:53,1
DA:54,1
DA:57,1
DA:58,1
DA:68,1
DA:73,1
DA:74,1
DA:75,1
DA:76,1
DA:77,1
DA:78,1
DA:79,1
DA:80,1
DA:83,1
DA:84,1
DA:94,1
DA:99,1
DA:100,1
DA:101,1
DA:102,1
DA:103,1
DA:104,1
DA:105,1
DA:106,1
DA:107,1
DA:111,1
DA:112,1
DA:122,1
DA:130,1
DA:131,1
DA:135,1
DA:136,1
DA:137,1
DA:138,1
DA:139,1
LF:54
LH:54
BRF:0
BRH:0
end_of_record
TN:
SF:/Users/madao/production/m_ui/src/components/table/index.vue
FN:5,(anonymous_0)
FN:11,(anonymous_1)
FN:24,(anonymous_2)
FN:28,(anonymous_3)
FN:34,(anonymous_4)
FN:35,(anonymous_5)
FN:37,(anonymous_6)
FN:42,(anonymous_7)
FN:45,(anonymous_8)
FN:48,(anonymous_9)
FN:58,(anonymous_10)
FN:64,(anonymous_11)
FN:70,(anonymous_12)
FN:77,(anonymous_13)
FN:85,(anonymous_14)
FN:86,(anonymous_15)
FN:88,(anonymous_16)
FN:89,(anonymous_17)
FN:93,(anonymous_18)
FN:97,(anonymous_19)
FN:118,(anonymous_20)
FN:127,(anonymous_21)
FN:128,(anonymous_22)
FN:130,(anonymous_23)
FN:131,(anonymous_24)
FN:133,(anonymous_25)
FN:139,(anonymous_26)
FN:142,(anonymous_27)
FN:154,(anonymous_28)
FN:163,(anonymous_29)
FN:171,(anonymous_30)
FN:175,(anonymous_31)
FN:176,(anonymous_32)
FN:189,(anonymous_33)
FNF:34
FNH:26
FNDA:8,(anonymous_0)
FNDA:0,(anonymous_1)
FNDA:8,(anonymous_2)
FNDA:8,(anonymous_3)
FNDA:2,(anonymous_4)
FNDA:3,(anonymous_5)
FNDA:0,(anonymous_6)
FNDA:0,(anonymous_7)
FNDA:8,(anonymous_8)
FNDA:3,(anonymous_9)
FNDA:1,(anonymous_10)
FNDA:1,(anonymous_11)
FNDA:0,(anonymous_12)
FNDA:0,(anonymous_13)
FNDA:6,(anonymous_14)
FNDA:0,(anonymous_15)
FNDA:8,(anonymous_16)
FNDA:11,(anonymous_17)
FNDA:1,(anonymous_18)
FNDA:1,(anonymous_19)
FNDA:1,(anonymous_20)
FNDA:24,(anonymous_21)
FNDA:25,(anonymous_22)
FNDA:6,(anonymous_23)
FNDA:6,(anonymous_24)
FNDA:38,(anonymous_25)
FNDA:5,(anonymous_26)
FNDA:1,(anonymous_27)
FNDA:0,(anonymous_28)
FNDA:5,(anonymous_29)
FNDA:0,(anonymous_30)
FNDA:8,(anonymous_31)
FNDA:12,(anonymous_32)
FNDA:8,(anonymous_33)
DA:4,1
DA:6,8
DA:8,8
DA:9,8
DA:12,0
DA:13,0
DA:14,0
DA:16,0
DA:17,0
DA:20,0
DA:25,8
DA:29,8
DA:35,3
DA:36,2
DA:37,0
DA:39,2
DA:40,2
DA:42,0
DA:43,0
DA:46,8
DA:47,8
DA:48,3
DA:49,3
DA:50,1
DA:51,1
DA:53,2
DA:56,8
DA:59,1
DA:65,1
DA:66,1
DA:67,1
DA:68,1
DA:71,0
DA:72,0
DA:73,0
DA:74,0
DA:77,0
DA:79,0
DA:80,0
DA:86,6
DA:89,11
DA:94,1
DA:95,1
DA:96,1
DA:97,1
DA:98,1
DA:99,1
DA:101,1
DA:102,1
DA:104,1
DA:105,1
DA:106,0
DA:108,1
DA:109,1
DA:111,0
DA:112,0
DA:115,0
DA:117,1
DA:118,1
DA:119,1
DA:123,1
DA:128,25
DA:131,6
DA:134,38
DA:135,10
DA:137,28
DA:140,5
DA:143,1
DA:144,0
DA:147,1
DA:151,1
DA:155,0
DA:160,1
DA:164,5
DA:168,1
DA:172,0
DA:176,12
DA:180,1
DA:183,1
DA:186,1
DA:190,8
DA:194,1
DA:197,1
DA:200,1
DA:203,1
DA:206,1
LF:86
LH:63
BRDA:12,0,0,0
BRDA:12,0,1,0
BRDA:13,1,0,0
BRDA:13,1,1,0
BRDA:16,2,0,0
BRDA:16,2,1,0
BRDA:16,3,0,0
BRDA:16,3,1,0
BRDA:39,4,0,2
BRDA:39,4,1,0
BRDA:47,5,0,3
BRDA:47,5,1,5
BRDA:49,6,0,1
BRDA:49,6,1,2
BRDA:59,7,0,0
BRDA:59,7,1,1
BRDA:66,8,0,0
BRDA:66,8,1,1
BRDA:73,9,0,0
BRDA:73,9,1,0
BRDA:99,10,0,1
BRDA:99,10,1,1
BRDA:101,11,0,1
BRDA:101,11,1,0
BRDA:101,12,0,1
BRDA:101,12,1,1
BRDA:104,13,0,1
BRDA:104,13,1,0
BRDA:105,14,0,0
BRDA:105,14,1,1
BRDA:108,15,0,1
BRDA:108,15,1,0
BRDA:108,16,0,1
BRDA:108,16,1,1
BRDA:111,17,0,0
BRDA:111,17,1,0
BRDA:117,18,0,1
BRDA:117,18,1,0
BRDA:128,19,0,25
BRDA:128,19,1,3
BRDA:131,20,0,6
BRDA:131,20,1,6
BRDA:134,21,0,10
BRDA:134,21,1,28
BRDA:143,22,0,0
BRDA:143,22,1,1
BRF:46
BRH:25
end_of_record
TN:
SF:/Users/madao/production/m_ui/tests/unit/table.spec.ts
FN:7,(anonymous_0)
FN:8,(anonymous_1)
FN:32,(anonymous_2)
FN:46,(anonymous_3)
FN:66,(anonymous_4)
FN:78,(anonymous_5)
FN:96,(anonymous_6)
FN:118,(anonymous_7)
FN:127,(anonymous_8)
FN:138,(anonymous_9)
FN:148,(anonymous_10)
FN:164,(anonymous_11)
FNF:12
FNH:12
FNDA:1,(anonymous_0)
FNDA:1,(anonymous_1)
FNDA:1,(anonymous_2)
FNDA:1,(anonymous_3)
FNDA:1,(anonymous_4)
FNDA:1,(anonymous_5)
FNDA:1,(anonymous_6)
FNDA:1,(anonymous_7)
FNDA:1,(anonymous_8)
FNDA:1,(anonymous_9)
FNDA:1,(anonymous_10)
FNDA:1,(anonymous_11)
DA:6,1
DA:7,1
DA:8,1
DA:9,1
DA:25,1
DA:26,1
DA:27,1
DA:28,1
DA:29,1
DA:30,1
DA:32,1
DA:33,1
DA:43,1
DA:44,1
DA:46,1
DA:47,1
DA:59,1
DA:60,1
DA:61,1
DA:62,1
DA:63,1
DA:64,1
DA:66,1
DA:67,1
DA:76,1
DA:78,1
DA:79,1
DA:89,1
DA:90,1
DA:91,1
DA:96,1
DA:97,1
DA:116,1
DA:117,1
DA:118,1
DA:119,1
DA:120,1
DA:124,1
DA:127,1
DA:128,1
DA:139,1
DA:149,1
DA:153,1
DA:154,1
DA:155,1
DA:156,1
DA:164,1
DA:165,1
DA:180,1
DA:181,1
DA:182,1
DA:183,1
DA:184,1
DA:185,1
LF:54
LH:54
BRF:0
BRH:0
end_of_record
TN:
SF:/Users/madao/production/m_ui/src/components/tabs/index.vue
FN:4,(anonymous_0)
FN:8,(anonymous_1)
FN:11,(anonymous_2)
FN:13,(anonymous_3)
FN:19,(anonymous_4)
FN:22,(anonymous_5)
FN:24,(anonymous_6)
FNF:7
FNH:7
FNDA:1,(anonymous_0)
FNDA:2,(anonymous_1)
FNDA:1,(anonymous_2)
FNDA:2,(anonymous_3)
FNDA:3,(anonymous_4)
FNDA:6,(anonymous_5)
FNDA:6,(anonymous_6)
DA:3,1
DA:5,1
DA:6,1
DA:9,2
DA:12,1
DA:13,1
DA:14,2
DA:15,2
DA:20,3
DA:22,3
DA:23,6
DA:24,3
DA:25,6
DA:26,3
DA:27,3
DA:32,3
DA:35,1
DA:38,1
DA:41,1
DA:44,1
LF:20
LH:20
BRDA:23,0,0,3
BRDA:23,0,1,3
BRDA:25,1,0,3
BRDA:25,1,1,3
BRF:4
BRH:4
end_of_record
TN:
SF:/Users/madao/production/m_ui/src/components/tabs/head/index.vue
FN:5,(anonymous_0)
FN:11,(anonymous_1)
FN:12,(anonymous_2)
FN:14,(anonymous_3)
FN:18,(anonymous_4)
FN:23,(anonymous_5)
FN:48,(anonymous_6)
FN:56,(anonymous_7)
FN:68,(anonymous_8)
FN:77,(anonymous_9)
FN:87,(anonymous_10)
FNF:11
FNH:9
FNDA:1,(anonymous_0)
FNDA:1,(anonymous_1)
FNDA:3,(anonymous_2)
FNDA:3,(anonymous_3)
FNDA:1,(anonymous_4)
FNDA:3,(anonymous_5)
FNDA:0,(anonymous_6)
FNDA:0,(anonymous_7)
FNDA:3,(anonymous_8)
FNDA:1,(anonymous_9)
FNDA:1,(anonymous_10)
DA:4,1
DA:6,1
DA:8,1
DA:9,1
DA:12,1
DA:13,3
DA:14,3
DA:15,3
DA:18,1
DA:19,1
DA:24,3
DA:25,0
DA:27,3
DA:28,3
DA:29,3
DA:30,3
DA:31,3
DA:32,3
DA:33,3
DA:34,0
DA:36,3
DA:37,0
DA:40,3
DA:41,0
DA:44,3
DA:45,0
DA:50,0
DA:51,0
DA:52,0
DA:53,0
DA:54,0
DA:58,0
DA:60,0
DA:61,0
DA:62,0
DA:63,0
DA:66,0
DA:69,3
DA:70,0
DA:71,3
DA:72,3
DA:74,3
DA:75,3
DA:78,1
DA:79,1
DA:81,1
DA:83,1
DA:88,1
DA:91,1
DA:94,1
LF:50
LH:33
BRDA:24,0,0,0
BRDA:24,0,1,3
BRDA:33,1,0,0
BRDA:33,1,1,3
BRDA:36,2,0,0
BRDA:36,2,1,3
BRDA:40,3,0,0
BRDA:40,3,1,3
BRDA:44,4,0,0
BRDA:44,4,1,3
BRDA:51,5,0,0
BRDA:51,5,1,0
BRDA:53,6,0,0
BRDA:53,6,1,0
BRDA:61,7,0,0
BRDA:61,7,1,0
BRDA:63,8,0,0
BRDA:63,8,1,0
BRDA:69,9,0,0
BRDA:69,9,1,3
BRDA:78,10,0,1
BRDA:78,10,1,0
BRF:22
BRH:7
end_of_record
TN:
SF:/Users/madao/production/m_ui/src/components/tabs/body/index.vue
FNF:0
FNH:0
DA:3,1
DA:5,1
LF:2
LH:2
BRF:0
BRH:0
end_of_record
TN:
SF:/Users/madao/production/m_ui/src/components/tabs/methods.ts
FN:1,listenSelected
FN:3,(anonymous_1)
FNF:2
FNH:2
FNDA:6,listenSelected
FNDA:18,(anonymous_1)
DA:2,6
DA:3,6
DA:4,18
LF:3
LH:3
BRDA:2,0,0,6
BRDA:2,0,1,0
BRDA:2,1,0,6
BRDA:2,1,1,6
BRF:4
BRH:3
end_of_record
TN:
SF:/Users/madao/production/m_ui/src/components/tabs/item/index.vue
FN:5,(anonymous_0)
FN:11,(anonymous_1)
FN:15,(anonymous_2)
FN:24,(anonymous_3)
FNF:4
FNH:4
FNDA:3,(anonymous_0)
FNDA:3,(anonymous_1)
FNDA:8,(anonymous_2)
FNDA:2,(anonymous_3)
DA:4,1
DA:6,3
DA:8,3
DA:9,3
DA:12,3
DA:16,8
DA:25,2
DA:28,2
DA:32,1
DA:35,1
DA:38,1
DA:41,1
LF:12
LH:12
BRDA:25,0,0,2
BRDA:25,0,1,0
BRDA:25,1,0,2
BRDA:25,1,1,2
BRDA:25,1,2,2
BRF:5
BRH:4
end_of_record
TN:
SF:/Users/madao/production/m_ui/src/components/tabs/pane/index.vue
FN:5,(anonymous_0)
FN:10,(anonymous_1)
FNF:2
FNH:2
FNDA:3,(anonymous_0)
FNDA:3,(anonymous_1)
DA:4,1
DA:6,3
DA:8,3
DA:11,3
DA:14,1
DA:17,1
DA:20,1
LF:7
LH:7
BRF:0
BRH:0
end_of_record
TN:
SF:/Users/madao/production/m_ui/tests/unit/tabs.spec.ts
FN:30,(anonymous_0)
FN:37,(anonymous_1)
FN:43,(anonymous_2)
FN:44,(anonymous_3)
FN:53,(anonymous_4)
FN:54,(anonymous_5)
FN:58,(anonymous_6)
FN:62,(anonymous_7)
FN:70,(anonymous_8)
FNF:9
FNH:9
FNDA:1,(anonymous_0)
FNDA:2,(anonymous_1)
FNDA:1,(anonymous_2)
FNDA:1,(anonymous_3)
FNDA:1,(anonymous_4)
FNDA:1,(anonymous_5)
FNDA:1,(anonymous_6)
FNDA:1,(anonymous_7)
FNDA:1,(anonymous_8)
DA:9,1
DA:10,1
DA:11,1
DA:12,1
DA:13,1
DA:14,1
DA:31,1
DA:38,2
DA:42,1
DA:43,1
DA:44,1
DA:45,1
DA:46,1
DA:49,1
DA:50,1
DA:53,1
DA:54,1
DA:55,1
DA:56,1
DA:58,1
DA:59,1
DA:60,1
DA:62,1
DA:63,1
DA:64,1
DA:65,1
DA:66,1
DA:67,1
DA:68,1
DA:70,1
DA:71,1
DA:72,1
DA:73,1
DA:74,1
DA:75,1
DA:76,1
LF:36
LH:36
BRF:0
BRH:0
end_of_record
TN:
SF:/Users/madao/production/m_ui/src/components/toast/index.vue
FN:5,(anonymous_0)
FN:12,(anonymous_1)
FN:15,(anonymous_2)
FN:19,(anonymous_3)
FN:24,(anonymous_4)
FN:26,(anonymous_5)
FN:31,(anonymous_6)
FN:36,(anonymous_7)
FN:42,(anonymous_8)
FN:45,(anonymous_9)
FN:51,(anonymous_10)
FN:56,(anonymous_11)
FN:83,(anonymous_12)
FNF:13
FNH:4
FNDA:7,(anonymous_0)
FNDA:7,(anonymous_1)
FNDA:0,(anonymous_2)
FNDA:0,(anonymous_3)
FNDA:0,(anonymous_4)
FNDA:0,(anonymous_5)
FNDA:0,(anonymous_6)
FNDA:0,(anonymous_7)
FNDA:0,(anonymous_8)
FNDA:0,(anonymous_9)
FNDA:0,(anonymous_10)
FNDA:1,(anonymous_11)
FNDA:1,(anonymous_12)
DA:4,1
DA:6,7
DA:8,7
DA:9,7
DA:10,7
DA:13,7
DA:16,0
DA:20,0
DA:21,0
DA:25,0
DA:26,0
DA:27,0
DA:32,0
DA:33,0
DA:34,0
DA:36,0
DA:37,0
DA:38,0
DA:39,0
DA:43,0
DA:46,0
DA:47,0
DA:48,0
DA:49,0
DA:52,0
DA:53,0
DA:54,0
DA:57,1
DA:58,1
DA:60,1
DA:63,1
DA:66,1
DA:69,1
DA:72,1
DA:75,1
DA:78,1
DA:81,1
DA:84,1
DA:88,1
DA:91,1
LF:40
LH:19
BRDA:13,0,0,7
BRDA:13,0,1,0
BRDA:20,1,0,0
BRDA:20,1,1,0
BRDA:25,2,0,0
BRDA:25,2,1,0
BRDA:33,3,0,0
BRDA:33,3,1,0
BRDA:43,4,0,0
BRDA:43,4,1,0
BRDA:57,5,0,1
BRDA:57,5,1,0
BRDA:57,6,0,1
BRDA:57,6,1,1
BRF:14
BRH:4
end_of_record
TN:
SF:/Users/madao/production/m_ui/tests/unit/toast.spec.ts
FN:5,(anonymous_0)
FN:6,(anonymous_1)
FN:17,(anonymous_2)
FN:25,(anonymous_3)
FN:33,(anonymous_4)
FN:41,(anonymous_5)
FN:49,(anonymous_6)
FN:57,(anonymous_7)
FNF:8
FNH:8
FNDA:1,(anonymous_0)
FNDA:1,(anonymous_1)
FNDA:1,(anonymous_2)
FNDA:1,(anonymous_3)
FNDA:1,(anonymous_4)
FNDA:1,(anonymous_5)
FNDA:1,(anonymous_6)
FNDA:1,(anonymous_7)
DA:5,1
DA:6,1
DA:7,1
DA:15,1
DA:17,1
DA:18,1
DA:23,1
DA:25,1
DA:26,1
DA:31,1
DA:33,1
DA:34,1
DA:39,1
DA:41,1
DA:42,1
DA:47,1
DA:49,1
DA:50,1
DA:55,1
DA:57,1
DA:58,1
DA:59,1
DA:65,1
DA:66,1
LF:24
LH:24
BRF:0
BRH:0
end_of_record
TN:
SF:/Users/madao/production/m_ui/src/components/upload/list/index.vue
FN:6,(anonymous_0)
FN:9,(anonymous_1)
FN:16,(anonymous_2)
FNF:3
FNH:1
FNDA:0,(anonymous_0)
FNDA:1,(anonymous_1)
FNDA:0,(anonymous_2)
DA:4,1
DA:7,0
DA:10,1
DA:13,1
DA:17,0
DA:21,1
DA:24,1
LF:7
LH:5
BRF:0
BRH:0
end_of_record
TN:
SF:/Users/madao/production/m_ui/src/components/upload/card/index.vue
FN:5,(anonymous_0)
FN:11,(anonymous_1)
FN:18,(anonymous_2)
FN:23,(anonymous_3)
FN:28,(anonymous_4)
FN:31,(anonymous_5)
FN:35,(anonymous_6)
FN:44,(anonymous_7)
FNF:8
FNH:0
FNDA:0,(anonymous_0)
FNDA:0,(anonymous_1)
FNDA:0,(anonymous_2)
FNDA:0,(anonymous_3)
FNDA:0,(anonymous_4)
FNDA:0,(anonymous_5)
FNDA:0,(anonymous_6)
FNDA:0,(anonymous_7)
DA:4,1
DA:6,0
DA:8,0
DA:12,0
DA:13,0
DA:15,0
DA:19,0
DA:20,0
DA:24,0
DA:25,0
DA:29,0
DA:32,0
DA:36,0
DA:38,0
DA:41,1
DA:45,0
DA:49,1
DA:52,1
LF:18
LH:4
BRDA:12,0,0,0
BRDA:12,0,1,0
BRDA:19,1,0,0
BRDA:19,1,1,0
BRDA:24,2,0,0
BRDA:24,2,1,0
BRDA:29,3,0,0
BRDA:29,3,1,0
BRDA:32,4,0,0
BRDA:32,4,1,0
BRDA:36,5,0,0
BRDA:36,5,1,0
BRF:12
BRH:0
end_of_record
TN:
SF:/Users/madao/production/m_ui/src/components/upload/methods/ajax.ts
FN:1,getError
FN:18,getResponse
FN:30,ajax
FN:31,(anonymous_3)
FN:34,(anonymous_4)
FN:40,(anonymous_5)
FN:44,progress
FNF:7
FNH:0
FNDA:0,getError
FNDA:0,getResponse
FNDA:0,ajax
FNDA:0,(anonymous_3)
FNDA:0,(anonymous_4)
FNDA:0,(anonymous_5)
FNDA:0,progress
DA:3,0
DA:4,0
DA:6,0
DA:7,0
DA:10,0
DA:12,0
DA:13,0
DA:14,0
DA:15,0
DA:16,0
DA:19,0
DA:20,0
DA:21,0
DA:23,0
DA:24,0
DA:27,0
DA:31,0
DA:32,0
DA:33,0
DA:34,0
DA:35,0
DA:36,0
DA:38,0
DA:40,0
DA:41,0
DA:43,0
DA:44,0
DA:45,0
DA:48,0
DA:49,0
DA:50,0
DA:51,0
DA:53,0
DA:54,0
DA:55,0
DA:56,0
DA:59,0
LF:37
LH:0
BRDA:3,0,0,0
BRDA:3,0,1,0
BRDA:4,1,0,0
BRDA:4,1,1,0
BRDA:6,2,0,0
BRDA:6,2,1,0
BRDA:19,3,0,0
BRDA:19,3,1,0
BRDA:20,4,0,0
BRDA:20,4,1,0
BRDA:35,5,0,0
BRDA:35,5,1,0
BRDA:35,6,0,0
BRDA:35,6,1,0
BRDA:43,7,0,0
BRDA:43,7,1,0
BRDA:50,8,0,0
BRDA:50,8,1,0
BRDA:50,9,0,0
BRDA:50,9,1,0
BRDA:53,10,0,0
BRDA:53,10,1,0
BRDA:55,11,0,0
BRDA:55,11,1,0
BRDA:55,12,0,0
BRDA:55,12,1,0
BRF:26
BRH:0
end_of_record
TN:
SF:/Users/madao/production/m_ui/src/components/upload/index.vue
FN:7,(anonymous_0)
FN:12,(anonymous_1)
FN:16,(anonymous_2)
FN:18,(anonymous_3)
FN:28,(anonymous_4)
FN:35,(anonymous_5)
FN:38,(anonymous_6)
FN:45,(anonymous_7)
FN:50,(anonymous_8)
FN:59,(anonymous_9)
FN:60,(anonymous_10)
FN:72,(anonymous_11)
FN:81,(anonymous_12)
FN:93,(anonymous_13)
FN:96,(anonymous_14)
FN:105,(anonymous_15)
FN:106,(anonymous_16)
FN:112,(anonymous_17)
FN:120,(anonymous_18)
FN:137,(anonymous_19)
FN:145,(anonymous_20)
FN:149,(anonymous_21)
FN:152,(anonymous_22)
FN:156,(anonymous_23)
FN:176,(anonymous_24)
FN:177,(anonymous_25)
FN:199,(anonymous_26)
FN:207,(anonymous_27)
FN:215,(anonymous_28)
FN:222,(anonymous_29)
FN:225,(anonymous_30)
FN:231,(anonymous_31)
FN:241,(anonymous_32)
FN:242,(anonymous_33)
FN:268,(anonymous_34)
FN:282,(anonymous_35)
FNF:36
FNH:23
FNDA:3,(anonymous_0)
FNDA:0,(anonymous_1)
FNDA:3,(anonymous_2)
FNDA:0,(anonymous_3)
FNDA:0,(anonymous_4)
FNDA:0,(anonymous_5)
FNDA:3,(anonymous_6)
FNDA:1,(anonymous_7)
FNDA:1,(anonymous_8)
FNDA:1,(anonymous_9)
FNDA:1,(anonymous_10)
FNDA:0,(anonymous_11)
FNDA:0,(anonymous_12)
FNDA:0,(anonymous_13)
FNDA:3,(anonymous_14)
FNDA:5,(anonymous_15)
FNDA:5,(anonymous_16)
FNDA:5,(anonymous_17)
FNDA:0,(anonymous_18)
FNDA:4,(anonymous_19)
FNDA:0,(anonymous_20)
FNDA:4,(anonymous_21)
FNDA:0,(anonymous_22)
FNDA:5,(anonymous_23)
FNDA:5,(anonymous_24)
FNDA:5,(anonymous_25)
FNDA:4,(anonymous_26)
FNDA:1,(anonymous_27)
FNDA:0,(anonymous_28)
FNDA:5,(anonymous_29)
FNDA:7,(anonymous_30)
FNDA:0,(anonymous_31)
FNDA:4,(anonymous_32)
FNDA:0,(anonymous_33)
FNDA:3,(anonymous_34)
FNDA:3,(anonymous_35)
DA:6,1
DA:8,3
DA:10,3
DA:11,3
DA:12,3
DA:13,3
DA:14,3
DA:17,3
DA:18,0
DA:19,0
DA:20,0
DA:21,0
DA:22,0
DA:24,0
DA:29,0
DA:30,0
DA:31,0
DA:32,0
DA:36,0
DA:39,3
DA:40,3
DA:41,3
DA:42,3
DA:46,1
DA:47,0
DA:49,1
DA:50,1
DA:51,1
DA:52,1
DA:53,1
DA:55,0
DA:57,1
DA:60,1
DA:61,1
DA:62,1
DA:63,1
DA:64,1
DA:66,1
DA:67,0
DA:68,0
DA:69,0
DA:72,1
DA:73,1
DA:74,0
DA:76,1
DA:78,1
DA:79,0
DA:80,0
DA:81,0
DA:82,0
DA:85,0
DA:86,0
DA:90,1
DA:94,0
DA:97,3
DA:98,3
DA:99,2
DA:101,3
DA:102,3
DA:103,0
DA:105,3
DA:106,5
DA:107,5
DA:113,5
DA:114,5
DA:115,1
DA:117,4
DA:118,0
DA:119,0
DA:120,0
DA:121,0
DA:122,0
DA:125,0
DA:129,0
DA:130,0
DA:134,4
DA:138,4
DA:145,0
DA:147,4
DA:150,4
DA:153,0
DA:157,5
DA:158,5
DA:159,0
DA:160,0
DA:161,0
DA:162,0
DA:163,0
DA:166,5
DA:167,5
DA:168,5
DA:169,1
DA:170,1
DA:171,1
DA:172,1
DA:174,4
DA:177,5
DA:178,5
DA:179,5
DA:180,5
DA:181,5
DA:188,5
DA:189,5
DA:192,0
DA:194,5
DA:195,5
DA:196,5
DA:200,4
DA:201,4
DA:202,3
DA:203,3
DA:204,3
DA:208,1
DA:209,1
DA:210,1
DA:211,1
DA:212,1
DA:216,0
DA:217,0
DA:218,0
DA:219,0
DA:223,5
DA:224,5
DA:225,5
DA:226,7
DA:227,7
DA:229,5
DA:232,0
DA:233,0
DA:234,0
DA:235,0
DA:236,0
DA:242,4
DA:243,0
DA:247,1
DA:250,1
DA:253,1
DA:256,1
DA:259,1
DA:262,1
DA:265,1
DA:269,3
DA:273,1
DA:276,1
DA:279,1
DA:283,3
DA:287,1
DA:290,1
DA:293,1
DA:296,1
DA:299,1
DA:302,1
DA:305,1
LF:153
LH:102
BRDA:17,0,0,0
BRDA:17,0,1,3
BRDA:19,1,0,0
BRDA:19,1,1,0
BRDA:30,2,0,0
BRDA:30,2,1,0
BRDA:41,3,0,3
BRDA:41,3,1,0
BRDA:46,4,0,0
BRDA:46,4,1,1
BRDA:51,5,0,1
BRDA:51,5,1,0
BRDA:63,6,0,1
BRDA:63,6,1,0
BRDA:66,7,0,0
BRDA:66,7,1,1
BRDA:66,8,0,1
BRDA:66,8,1,1
BRDA:68,9,0,0
BRDA:68,9,1,0
BRDA:73,10,0,0
BRDA:73,10,1,1
BRDA:78,11,0,0
BRDA:78,11,1,1
BRDA:78,12,0,1
BRDA:78,12,1,0
BRDA:80,13,0,0
BRDA:80,13,1,0
BRDA:80,14,0,0
BRDA:80,14,1,0
BRDA:85,15,0,0
BRDA:85,15,1,0
BRDA:98,16,0,2
BRDA:98,16,1,1
BRDA:101,17,0,3
BRDA:101,17,1,0
BRDA:102,18,0,0
BRDA:102,18,1,3
BRDA:107,19,0,5
BRDA:107,19,1,5
BRDA:114,20,0,1
BRDA:114,20,1,4
BRDA:117,21,0,0
BRDA:117,21,1,4
BRDA:117,22,0,4
BRDA:117,22,1,0
BRDA:119,23,0,0
BRDA:119,23,1,0
BRDA:119,24,0,0
BRDA:119,24,1,0
BRDA:121,25,0,0
BRDA:121,25,1,0
BRDA:129,26,0,0
BRDA:129,26,1,0
BRDA:158,27,0,0
BRDA:158,27,1,5
BRDA:159,28,0,0
BRDA:159,28,1,0
BRDA:168,29,0,1
BRDA:168,29,1,4
BRDA:168,30,0,5
BRDA:168,30,1,3
BRDA:201,31,0,3
BRDA:201,31,1,1
BRDA:209,32,0,1
BRDA:209,32,1,0
BRDA:217,33,0,0
BRDA:217,33,1,0
BRDA:226,34,0,4
BRDA:226,34,1,3
BRDA:232,35,0,0
BRDA:232,35,1,0
BRDA:232,36,0,0
BRDA:232,36,1,0
BRDA:235,37,0,0
BRDA:235,37,1,0
BRF:76
BRH:31
end_of_record
TN:
SF:/Users/madao/production/m_ui/tests/unit/upload.spec.ts
FN:7,(anonymous_0)
FN:8,(anonymous_1)
FN:11,(anonymous_2)
FN:12,(anonymous_3)
FN:21,(anonymous_4)
FN:30,(anonymous_5)
FN:31,(anonymous_6)
FN:52,(anonymous_7)
FN:53,(anonymous_8)
FN:76,(anonymous_9)
FNF:10
FNH:9
FNDA:1,(anonymous_0)
FNDA:3,(anonymous_1)
FNDA:1,(anonymous_2)
FNDA:1,(anonymous_3)
FNDA:1,(anonymous_4)
FNDA:1,(anonymous_5)
FNDA:0,(anonymous_6)
FNDA:1,(anonymous_7)
FNDA:3,(anonymous_8)
FNDA:1,(anonymous_9)
DA:7,1
DA:8,1
DA:9,3
DA:11,1
DA:12,1
DA:13,1
DA:15,1
DA:21,1
DA:22,1
DA:23,1
DA:24,1
DA:25,1
DA:27,1
DA:28,1
DA:30,1
DA:31,1
DA:32,0
DA:34,1
DA:44,1
DA:45,1
DA:46,1
DA:47,1
DA:48,1
DA:49,1
DA:50,1
DA:52,1
DA:53,1
DA:54,3
DA:56,1
DA:68,1
DA:69,1
DA:70,1
DA:71,1
DA:74,1
DA:75,1
DA:76,1
DA:77,1
DA:78,1
LF:38
LH:37
BRDA:9,0,0,3
BRDA:9,0,1,3
BRF:2
BRH:2
end_of_record
