TN:
SF:/Users/madao/production/m_ui/src/assets/iconfont/index.js
FN:1,(anonymous_0)
FN:19,(anonymous_1)
FN:24,(anonymous_2)
FN:34,(anonymous_3)
FN:37,(anonymous_4)
FN:45,(anonymous_5)
FN:49,(anonymous_6)
FN:59,(anonymous_7)
FN:61,(anonymous_8)
FNF:9
FNH:6
FNDA:14,(anonymous_0)
FNDA:14,(anonymous_1)
FNDA:14,(anonymous_2)
FNDA:0,(anonymous_3)
FNDA:0,(anonymous_4)
FNDA:0,(anonymous_5)
FNDA:14,(anonymous_6)
FNDA:14,(anonymous_7)
FNDA:14,(anonymous_8)
DA:1,14
DA:2,14
DA:4,14
DA:6,14
DA:7,14
DA:9,14
DA:10,0
DA:11,0
DA:12,0
DA:16,0
DA:19,14
DA:20,14
DA:21,14
DA:22,0
DA:24,14
DA:25,14
DA:27,14
DA:30,0
DA:35,0
DA:38,0
DA:39,0
DA:41,0
DA:43,0
DA:46,0
DA:51,14
DA:60,14
DA:62,14
LF:27
LH:15
BRDA:6,0,0,14
BRDA:6,0,1,0
BRDA:6,1,0,14
BRDA:6,1,1,14
BRDA:9,2,0,0
BRDA:9,2,1,14
BRDA:9,3,0,14
BRDA:9,3,1,0
BRDA:16,4,0,0
BRDA:16,4,1,0
BRDA:20,5,0,14
BRDA:20,5,1,0
BRDA:21,6,0,0
BRDA:21,6,1,14
BRDA:30,7,0,0
BRDA:30,7,1,0
BRDA:35,8,0,0
BRDA:35,8,1,0
BRDA:46,9,0,0
BRDA:46,9,1,0
BRDA:53,10,0,14
BRDA:53,10,1,14
BRDA:60,11,0,14
BRDA:60,11,1,0
BRF:24
BRH:10
end_of_record
TN:
SF:/Users/madao/production/m_ui/src/components/icon/index.vue
FN:7,(anonymous_0)
FNF:1
FNH:1
FNDA:119,(anonymous_0)
DA:5,14
DA:8,119
DA:9,2
DA:11,117
DA:14,14
DA:17,14
DA:20,14
LF:7
LH:7
BRDA:8,0,0,2
BRDA:8,0,1,117
BRF:2
BRH:2
end_of_record
TN:
SF:/Users/madao/production/m_ui/src/components/button/index.vue
FN:6,(anonymous_0)
FN:18,(anonymous_1)
FN:25,(anonymous_2)
FNF:3
FNH:3
FNDA:33,(anonymous_0)
FNDA:33,(anonymous_1)
FNDA:5,(anonymous_2)
DA:4,4
DA:7,33
DA:16,33
DA:19,33
DA:22,4
DA:26,5
DA:30,4
LF:7
LH:7
BRDA:19,0,0,33
BRDA:19,0,1,26
BRF:2
BRH:2
end_of_record
TN:
SF:/Users/madao/production/m_ui/tests/unit/button.spec.ts
FN:6,(anonymous_0)
FN:7,(anonymous_1)
FN:16,(anonymous_2)
FN:36,(anonymous_3)
FN:48,(anonymous_4)
FN:56,(anonymous_5)
FNF:6
FNH:6
FNDA:1,(anonymous_0)
FNDA:1,(anonymous_1)
FNDA:1,(anonymous_2)
FNDA:1,(anonymous_3)
FNDA:1,(anonymous_4)
FNDA:1,(anonymous_5)
DA:6,1
DA:7,1
DA:8,1
DA:13,1
DA:14,1
DA:16,1
DA:17,1
DA:29,1
DA:30,1
DA:31,1
DA:32,1
DA:33,1
DA:34,1
DA:36,1
DA:37,1
DA:45,1
DA:46,1
DA:48,1
DA:49,1
DA:50,1
DA:51,1
DA:52,1
DA:53,1
DA:54,1
DA:56,1
DA:57,1
DA:62,1
DA:63,1
LF:28
LH:28
BRF:0
BRH:0
end_of_record
TN:
SF:/Users/madao/production/m_ui/src/components/button-group/index.vue
FN:4,(anonymous_0)
FN:6,(anonymous_1)
FNF:2
FNH:2
FNDA:1,(anonymous_0)
FNDA:2,(anonymous_1)
DA:3,1
DA:5,1
DA:6,1
DA:7,2
DA:8,2
DA:9,0
DA:14,1
LF:7
LH:6
BRDA:8,0,0,0
BRDA:8,0,1,2
BRF:2
BRH:1
end_of_record
TN:
SF:/Users/madao/production/m_ui/tests/unit/buttongroup.spec.ts
FN:5,(anonymous_0)
FN:6,(anonymous_1)
FNF:2
FNH:2
FNDA:1,(anonymous_0)
FNDA:1,(anonymous_1)
DA:5,1
DA:6,1
DA:7,1
DA:12,1
LF:4
LH:4
BRF:0
BRH:0
end_of_record
TN:
SF:/Users/madao/production/m_ui/src/components/cascader/item/index.vue
FN:6,(anonymous_0)
FN:8,(anonymous_1)
FN:16,(anonymous_2)
FN:26,(anonymous_3)
FN:29,(anonymous_4)
FN:45,(anonymous_5)
FNF:6
FNH:5
FNDA:7,(anonymous_0)
FNDA:6,(anonymous_1)
FNDA:2,(anonymous_2)
FNDA:2,(anonymous_3)
FNDA:2,(anonymous_4)
FNDA:0,(anonymous_5)
DA:4,1
DA:7,7
DA:8,6
DA:9,3
DA:10,3
DA:13,4
DA:17,2
DA:18,0
DA:20,2
DA:21,2
DA:22,2
DA:23,2
DA:24,2
DA:27,2
DA:30,2
DA:33,1
DA:36,1
DA:39,1
DA:42,1
DA:46,0
DA:50,1
LF:21
LH:19
BRDA:7,0,0,3
BRDA:7,0,1,4
BRDA:9,1,0,3
BRDA:9,1,1,0
BRDA:9,2,0,3
BRDA:9,2,1,3
BRDA:17,3,0,0
BRDA:17,3,1,2
BRF:8
BRH:6
end_of_record
TN:
SF:/Users/madao/production/m_ui/src/components/cascader/index.vue
FN:6,(anonymous_0)
FN:17,(anonymous_1)
FN:24,(anonymous_2)
FN:27,(anonymous_3)
FN:31,(anonymous_4)
FN:35,(anonymous_5)
FN:39,(anonymous_6)
FN:55,(anonymous_7)
FN:56,(anonymous_8)
FN:58,(anonymous_9)
FN:76,(anonymous_10)
FN:84,(anonymous_11)
FN:96,(anonymous_12)
FN:110,(anonymous_13)
FN:114,(anonymous_14)
FN:122,(anonymous_15)
FN:126,(anonymous_16)
FN:136,(anonymous_17)
FNF:18
FNH:16
FNDA:4,(anonymous_0)
FNDA:4,(anonymous_1)
FNDA:4,(anonymous_2)
FNDA:4,(anonymous_3)
FNDA:4,(anonymous_4)
FNDA:2,(anonymous_5)
FNDA:2,(anonymous_6)
FNDA:3,(anonymous_7)
FNDA:6,(anonymous_8)
FNDA:3,(anonymous_9)
FNDA:6,(anonymous_10)
FNDA:3,(anonymous_11)
FNDA:1,(anonymous_12)
FNDA:4,(anonymous_13)
FNDA:3,(anonymous_14)
FNDA:3,(anonymous_15)
FNDA:0,(anonymous_16)
FNDA:0,(anonymous_17)
DA:5,1
DA:7,4
DA:9,4
DA:10,4
DA:11,4
DA:12,4
DA:13,4
DA:14,4
DA:18,4
DA:20,0
DA:22,4
DA:25,4
DA:28,4
DA:29,4
DA:32,4
DA:33,4
DA:36,2
DA:37,2
DA:40,2
DA:41,2
DA:42,2
DA:43,2
DA:44,2
DA:45,2
DA:46,2
DA:47,2
DA:48,1
DA:50,2
DA:51,1
DA:52,1
DA:56,6
DA:59,3
DA:60,0
DA:62,3
DA:63,3
DA:64,3
DA:66,0
DA:67,0
DA:68,0
DA:69,0
DA:70,0
DA:74,0
DA:77,6
DA:78,16
DA:79,1
DA:80,1
DA:86,3
DA:87,6
DA:88,6
DA:89,1
DA:91,5
DA:92,2
DA:98,1
DA:99,0
DA:100,0
DA:102,1
DA:103,1
DA:104,1
DA:105,1
DA:106,1
DA:111,4
DA:112,4
DA:113,4
DA:114,4
DA:115,3
DA:116,3
DA:117,3
DA:121,4
DA:122,3
DA:124,1
DA:127,0
DA:130,1
DA:133,1
DA:137,0
DA:141,1
DA:144,1
LF:76
LH:64
BRDA:18,0,0,0
BRDA:18,0,1,4
BRDA:18,1,0,4
BRDA:18,1,1,4
BRDA:25,2,0,0
BRDA:25,2,1,4
BRDA:47,3,0,1
BRDA:47,3,1,1
BRDA:50,4,0,1
BRDA:50,4,1,1
BRDA:59,5,0,0
BRDA:59,5,1,3
BRDA:63,6,0,3
BRDA:63,6,1,0
BRDA:63,7,0,3
BRDA:63,7,1,3
BRDA:67,8,0,0
BRDA:67,8,1,0
BRDA:69,9,0,0
BRDA:69,9,1,0
BRDA:69,10,0,0
BRDA:69,10,1,0
BRDA:78,11,0,1
BRDA:78,11,1,15
BRDA:88,12,0,1
BRDA:88,12,1,5
BRDA:91,13,0,2
BRDA:91,13,1,3
BRDA:91,14,0,5
BRDA:91,14,1,2
BRDA:98,15,0,0
BRDA:98,15,1,1
BRDA:98,16,0,1
BRDA:98,16,1,1
BRDA:103,17,0,1
BRDA:103,17,1,0
BRDA:103,18,0,1
BRDA:103,18,1,1
BRDA:111,19,0,4
BRDA:111,19,1,1
BRDA:113,20,0,4
BRDA:113,20,1,0
BRDA:116,21,0,3
BRDA:116,21,1,0
BRDA:116,22,0,3
BRDA:116,22,1,3
BRDA:121,23,0,3
BRDA:121,23,1,1
BRDA:121,24,0,4
BRDA:121,24,1,4
BRF:50
BRH:36
end_of_record
TN:
SF:/Users/madao/production/m_ui/tests/unit/cascsder.spec.ts
FN:43,(anonymous_0)
FN:44,(anonymous_1)
FN:54,(anonymous_2)
FN:64,(anonymous_3)
FN:84,(anonymous_4)
FN:89,(anonymous_5)
FN:96,(anonymous_6)
FN:101,(anonymous_7)
FN:102,(anonymous_8)
FNF:9
FNH:9
FNDA:1,(anonymous_0)
FNDA:1,(anonymous_1)
FNDA:1,(anonymous_2)
FNDA:1,(anonymous_3)
FNDA:1,(anonymous_4)
FNDA:1,(anonymous_5)
FNDA:3,(anonymous_6)
FNDA:1,(anonymous_7)
FNDA:1,(anonymous_8)
DA:4,1
DA:43,1
DA:44,1
DA:45,1
DA:48,1
DA:49,1
DA:54,1
DA:55,1
DA:58,1
DA:59,1
DA:64,1
DA:65,1
DA:80,1
DA:85,1
DA:89,1
DA:90,1
DA:92,1
DA:93,1
DA:94,1
DA:95,1
DA:96,1
DA:97,3
DA:101,1
DA:102,1
DA:103,1
DA:106,1
DA:107,1
DA:108,1
DA:109,1
DA:110,1
LF:30
LH:30
BRF:0
BRH:0
end_of_record
TN:
SF:/Users/madao/production/m_ui/src/components/collapse/index.vue
FN:4,(anonymous_0)
FN:10,(anonymous_1)
FN:15,(anonymous_2)
FN:31,(anonymous_3)
FN:36,(anonymous_4)
FN:37,(anonymous_5)
FN:48,(anonymous_6)
FN:60,(anonymous_7)
FNF:8
FNH:7
FNDA:5,(anonymous_0)
FNDA:5,(anonymous_1)
FNDA:5,(anonymous_2)
FNDA:5,(anonymous_3)
FNDA:5,(anonymous_4)
FNDA:2,(anonymous_5)
FNDA:2,(anonymous_6)
FNDA:0,(anonymous_7)
DA:3,1
DA:5,5
DA:6,5
DA:8,5
DA:11,5
DA:12,5
DA:16,5
DA:17,5
DA:18,3
DA:23,5
DA:24,0
DA:29,5
DA:32,5
DA:33,5
DA:34,5
DA:37,5
DA:38,2
DA:40,0
DA:44,2
DA:49,2
DA:50,2
DA:51,1
DA:54,1
DA:56,2
DA:57,2
DA:58,2
DA:61,0
DA:62,0
DA:63,0
DA:66,0
DA:67,0
DA:69,0
DA:70,0
DA:71,0
DA:74,1
DA:77,1
DA:80,1
DA:83,1
DA:86,1
LF:39
LH:29
BRDA:17,0,0,3
BRDA:17,0,1,2
BRDA:19,1,0,2
BRDA:19,1,1,1
BRDA:23,2,0,0
BRDA:23,2,1,5
BRDA:25,3,0,0
BRDA:25,3,1,0
BRDA:38,4,0,0
BRDA:38,4,1,2
BRDA:50,5,0,1
BRDA:50,5,1,1
BRDA:62,6,0,0
BRDA:62,6,1,0
BRF:14
BRH:8
end_of_record
TN:
SF:/Users/madao/production/m_ui/src/components/collapse/item/index.vue
FN:5,(anonymous_0)
FN:10,(anonymous_1)
FN:14,(anonymous_2)
FN:15,(anonymous_3)
FN:16,(anonymous_4)
FN:20,(anonymous_5)
FN:23,(anonymous_6)
FN:28,(anonymous_7)
FNF:8
FNH:6
FNDA:11,(anonymous_0)
FNDA:11,(anonymous_1)
FNDA:11,(anonymous_2)
FNDA:17,(anonymous_3)
FNDA:17,(anonymous_4)
FNDA:2,(anonymous_5)
FNDA:0,(anonymous_6)
FNDA:0,(anonymous_7)
DA:4,1
DA:6,11
DA:8,11
DA:11,11
DA:15,11
DA:16,17
DA:17,17
DA:21,2
DA:24,0
DA:25,0
DA:26,0
DA:29,0
DA:32,1
DA:35,1
DA:38,1
DA:41,1
LF:16
LH:12
BRF:0
BRH:0
end_of_record
TN:
SF:/Users/madao/production/m_ui/tests/unit/collapse.spec.ts
FN:8,(anonymous_0)
FN:9,(anonymous_1)
FN:19,(anonymous_2)
FN:30,(anonymous_3)
FN:42,(anonymous_4)
FN:48,(anonymous_5)
FN:58,(anonymous_6)
FN:71,(anonymous_7)
FN:80,(anonymous_8)
FN:85,(anonymous_9)
FNF:10
FNH:10
FNDA:1,(anonymous_0)
FNDA:1,(anonymous_1)
FNDA:1,(anonymous_2)
FNDA:1,(anonymous_3)
FNDA:1,(anonymous_4)
FNDA:1,(anonymous_5)
FNDA:1,(anonymous_6)
FNDA:1,(anonymous_7)
FNDA:1,(anonymous_8)
FNDA:1,(anonymous_9)
DA:6,1
DA:7,1
DA:8,1
DA:9,1
DA:10,1
DA:20,1
DA:25,1
DA:26,1
DA:27,1
DA:28,1
DA:30,1
DA:31,1
DA:41,1
DA:42,1
DA:43,1
DA:44,1
DA:45,1
DA:48,1
DA:49,1
DA:59,1
DA:64,1
DA:65,1
DA:66,1
DA:67,1
DA:68,1
DA:71,1
DA:72,1
DA:80,1
DA:81,1
DA:82,1
DA:83,1
DA:85,1
DA:86,1
DA:87,1
DA:88,1
LF:35
LH:35
BRF:0
BRH:0
end_of_record
TN:
SF:/Users/madao/production/m_ui/src/components/popover/index.vue
FN:4,(anonymous_0)
FN:11,(anonymous_1)
FN:20,(anonymous_2)
FN:30,(anonymous_3)
FN:42,(anonymous_4)
FN:47,(anonymous_5)
FN:54,(anonymous_6)
FN:58,(anonymous_7)
FN:64,(anonymous_8)
FN:69,(anonymous_9)
FN:72,(anonymous_10)
FN:77,(anonymous_11)
FN:82,(anonymous_12)
FNF:13
FNH:10
FNDA:14,(anonymous_0)
FNDA:14,(anonymous_1)
FNDA:0,(anonymous_2)
FNDA:7,(anonymous_3)
FNDA:11,(anonymous_4)
FNDA:1,(anonymous_5)
FNDA:1,(anonymous_6)
FNDA:0,(anonymous_7)
FNDA:0,(anonymous_8)
FNDA:11,(anonymous_9)
FNDA:11,(anonymous_10)
FNDA:8,(anonymous_11)
FNDA:11,(anonymous_12)
DA:3,2
DA:5,14
DA:7,14
DA:9,14
DA:12,14
DA:13,13
DA:16,1
DA:17,1
DA:21,0
DA:22,0
DA:25,0
DA:26,0
DA:31,7
DA:34,7
DA:37,7
DA:38,4
DA:40,3
DA:43,11
DA:44,10
DA:48,1
DA:49,0
DA:51,1
DA:52,0
DA:54,1
DA:55,1
DA:59,0
DA:60,0
DA:62,0
DA:63,0
DA:64,0
DA:65,0
DA:70,11
DA:71,11
DA:72,11
DA:73,11
DA:74,11
DA:78,8
DA:79,8
DA:80,8
DA:83,11
DA:84,11
DA:85,11
DA:88,11
DA:89,11
DA:91,11
DA:92,11
DA:93,11
DA:94,11
DA:112,11
DA:113,11
DA:114,11
DA:118,2
DA:121,2
DA:124,2
DA:127,2
DA:130,2
LF:56
LH:44
BRDA:12,0,0,13
BRDA:12,0,1,1
BRDA:21,1,0,0
BRDA:21,1,1,0
BRDA:31,2,0,7
BRDA:31,2,1,7
BRDA:31,2,2,7
BRDA:34,3,0,7
BRDA:34,3,1,7
BRDA:34,3,2,7
BRDA:37,4,0,4
BRDA:37,4,1,3
BRDA:37,5,0,7
BRDA:37,5,1,7
BRDA:43,6,0,10
BRDA:43,6,1,1
BRDA:44,7,0,0
BRDA:44,7,1,10
BRDA:48,8,0,0
BRDA:48,8,1,1
BRDA:51,9,0,0
BRDA:51,9,1,1
BRDA:59,10,0,0
BRDA:59,10,1,0
BRDA:62,11,0,0
BRDA:62,11,1,0
BRDA:85,12,0,0
BRDA:85,12,1,11
BRDA:88,13,0,11
BRDA:88,13,1,0
BRDA:88,14,0,11
BRDA:88,14,1,11
BRDA:89,15,0,11
BRDA:89,15,1,11
BRDA:93,16,0,0
BRDA:93,17,0,0
BRDA:112,18,0,11
BRDA:112,18,1,0
BRF:38
BRH:24
end_of_record
TN:
SF:/Users/madao/production/m_ui/src/components/input/index.vue
FN:6,(anonymous_0)
FN:12,(anonymous_1)
FN:16,(anonymous_2)
FN:21,(anonymous_3)
FN:26,(anonymous_4)
FN:29,(anonymous_5)
FN:41,(anonymous_6)
FN:44,(anonymous_7)
FN:47,(anonymous_8)
FN:50,(anonymous_9)
FN:53,(anonymous_10)
FN:56,(anonymous_11)
FN:59,(anonymous_12)
FNF:13
FNH:13
FNDA:16,(anonymous_0)
FNDA:19,(anonymous_1)
FNDA:1,(anonymous_2)
FNDA:1,(anonymous_3)
FNDA:1,(anonymous_4)
FNDA:2,(anonymous_5)
FNDA:16,(anonymous_6)
FNDA:16,(anonymous_7)
FNDA:16,(anonymous_8)
FNDA:16,(anonymous_9)
FNDA:16,(anonymous_10)
FNDA:16,(anonymous_11)
FNDA:23,(anonymous_12)
DA:5,2
DA:7,16
DA:9,16
DA:10,16
DA:13,19
DA:17,1
DA:18,0
DA:19,1
DA:22,1
DA:23,1
DA:24,1
DA:27,1
DA:30,2
DA:35,2
DA:36,2
DA:37,2
DA:38,2
DA:42,16
DA:45,16
DA:48,16
DA:51,16
DA:54,16
DA:57,16
DA:60,23
DA:63,2
DA:66,2
DA:69,2
DA:72,2
DA:75,2
DA:78,2
DA:81,2
DA:84,2
DA:87,2
DA:90,2
DA:93,2
DA:96,2
DA:99,2
DA:102,2
DA:105,2
DA:108,2
DA:111,2
LF:41
LH:40
BRDA:17,0,0,0
BRDA:17,0,1,1
BRDA:42,1,0,16
BRDA:42,1,1,14
BRDA:45,2,0,16
BRDA:45,2,1,4
BRDA:48,3,0,16
BRDA:48,3,1,14
BRDA:51,4,0,16
BRDA:51,4,1,15
BRDA:60,5,0,23
BRDA:60,5,1,20
BRF:12
BRH:11
end_of_record
TN:
SF:/Users/madao/production/m_ui/src/components/date-picker/date-panel/index.vue
FN:5,(anonymous_0)
FN:16,(anonymous_1)
FN:19,(anonymous_2)
FN:47,(anonymous_3)
FN:55,(anonymous_4)
FNF:5
FNH:3
FNDA:420,(anonymous_0)
FNDA:5,(anonymous_1)
FNDA:420,(anonymous_2)
FNDA:0,(anonymous_3)
FNDA:0,(anonymous_4)
DA:3,1
DA:6,420
DA:7,420
DA:8,84
DA:11,336
DA:12,0
DA:14,336
DA:17,5
DA:20,420
DA:21,42
DA:26,378
DA:29,1
DA:32,1
DA:35,1
DA:38,1
DA:41,1
DA:44,1
DA:48,0
DA:52,1
DA:56,0
DA:60,1
DA:63,1
LF:22
LH:19
BRDA:7,0,0,84
BRDA:7,0,1,336
BRDA:7,1,0,420
BRDA:7,1,1,336
BRDA:8,2,0,84
BRDA:8,2,1,82
BRDA:8,3,0,84
BRDA:8,3,1,0
BRDA:9,4,0,82
BRDA:9,4,1,41
BRDA:11,5,0,0
BRDA:11,5,1,336
BRDA:20,6,0,42
BRDA:20,6,1,378
BRDA:20,7,0,420
BRDA:20,7,1,84
BRDA:21,8,0,42
BRDA:21,8,1,40
BRF:18
BRH:16
end_of_record
TN:
SF:/Users/madao/production/m_ui/src/components/date-picker/year-panel/index.vue
FN:4,(anonymous_0)
FN:10,(anonymous_1)
FN:26,(anonymous_2)
FNF:3
FNH:3
FNDA:2,(anonymous_0)
FNDA:3,(anonymous_1)
FNDA:1,(anonymous_2)
DA:3,1
DA:5,2
DA:7,2
DA:11,3
DA:12,3
DA:13,3
DA:14,3
DA:15,30
DA:17,3
DA:18,12
DA:23,3
DA:27,1
DA:30,1
DA:33,1
DA:36,1
LF:15
LH:15
BRF:0
BRH:0
end_of_record
TN:
SF:/Users/madao/production/m_ui/src/components/date-picker/month-panel/index.vue
FN:4,(anonymous_0)
FN:39,(anonymous_1)
FNF:2
FNH:2
FNDA:3,(anonymous_0)
FNDA:1,(anonymous_1)
DA:3,1
DA:5,3
DA:7,3
DA:36,3
DA:40,1
DA:43,1
DA:46,1
LF:7
LH:7
BRF:0
BRH:0
end_of_record
TN:
SF:/Users/madao/production/m_ui/src/utils/calender/calendar.ts
FN:2,(anonymous_0)
FN:33,(anonymous_1)
FN:37,(anonymous_2)
FN:41,(anonymous_3)
FN:45,(anonymous_4)
FN:69,(anonymous_5)
FN:77,(anonymous_6)
FN:85,(anonymous_7)
FN:106,(anonymous_8)
FN:122,(anonymous_9)
FN:135,(anonymous_10)
FN:141,(anonymous_11)
FN:147,(anonymous_12)
FN:163,(anonymous_13)
FNF:14
FNH:14
FNDA:11,(anonymous_0)
FNDA:26,(anonymous_1)
FNDA:560,(anonymous_2)
FNDA:1092,(anonymous_3)
FNDA:430,(anonymous_4)
FNDA:546,(anonymous_5)
FNDA:20,(anonymous_6)
FNDA:13,(anonymous_7)
FNDA:546,(anonymous_8)
FNDA:39,(anonymous_9)
FNDA:13,(anonymous_10)
FNDA:13,(anonymous_11)
FNDA:1,(anonymous_12)
FNDA:166,(anonymous_13)
DA:3,11
DA:30,11
DA:34,26
DA:38,560
DA:42,1092
DA:46,430
DA:47,430
DA:56,430
DA:57,430
DA:59,430
DA:60,3010
DA:61,860
DA:66,430
DA:70,546
DA:71,546
DA:72,546
DA:78,20
DA:79,20
DA:86,13
DA:87,13
DA:88,13
DA:90,13
DA:91,13
DA:92,13
DA:93,13
DA:94,13
DA:97,13
DA:99,13
DA:100,13
DA:101,13
DA:102,13
DA:104,13
DA:107,546
DA:108,546
DA:109,546
DA:123,39
DA:124,39
DA:125,546
DA:133,39
DA:136,13
DA:137,0
DA:139,13
DA:142,13
DA:143,1
DA:145,12
DA:148,1
DA:149,1
DA:150,1
DA:164,166
DA:165,166
LF:50
LH:49
BRDA:42,0,0,775
BRDA:42,0,1,317
BRDA:45,1,0,0
BRDA:46,2,0,430
BRDA:46,2,1,0
BRDA:56,3,0,430
BRDA:56,3,1,0
BRDA:60,4,0,860
BRDA:60,4,1,2150
BRDA:61,5,0,0
BRDA:61,5,1,860
BRDA:72,6,0,546
BRDA:72,6,1,502
BRDA:72,6,2,276
BRDA:78,7,0,4
BRDA:78,7,1,16
BRDA:85,8,0,0
BRDA:85,9,0,0
BRDA:90,10,0,13
BRDA:90,10,1,0
BRDA:99,11,0,13
BRDA:99,11,1,0
BRDA:136,12,0,0
BRDA:136,12,1,13
BRDA:142,13,0,1
BRDA:142,13,1,12
BRDA:159,14,0,1
BRDA:159,14,1,1
BRF:28
BRH:19
end_of_record
TN:
SF:/Users/madao/production/m_ui/src/components/date-picker/index.vue
FN:12,(anonymous_0)
FN:29,(anonymous_1)
FN:34,(anonymous_2)
FN:46,(anonymous_3)
FN:52,(anonymous_4)
FN:56,(anonymous_5)
FN:60,(anonymous_6)
FN:63,(anonymous_7)
FN:66,(anonymous_8)
FN:75,(anonymous_9)
FN:81,(anonymous_10)
FN:84,(anonymous_11)
FN:94,(anonymous_12)
FN:102,(anonymous_13)
FN:114,(anonymous_14)
FN:126,(anonymous_15)
FN:130,(anonymous_16)
FN:139,(anonymous_17)
FN:165,(anonymous_18)
FN:171,(anonymous_19)
FN:177,(anonymous_20)
FN:186,(anonymous_21)
FN:195,(anonymous_22)
FN:210,(anonymous_23)
FN:216,(anonymous_24)
FN:219,(anonymous_25)
FN:231,(anonymous_26)
FNF:27
FNH:17
FNDA:11,(anonymous_0)
FNDA:14,(anonymous_1)
FNDA:0,(anonymous_2)
FNDA:20,(anonymous_3)
FNDA:11,(anonymous_4)
FNDA:0,(anonymous_5)
FNDA:6,(anonymous_6)
FNDA:6,(anonymous_7)
FNDA:11,(anonymous_8)
FNDA:1,(anonymous_9)
FNDA:0,(anonymous_10)
FNDA:6,(anonymous_11)
FNDA:5,(anonymous_12)
FNDA:1,(anonymous_13)
FNDA:1,(anonymous_14)
FNDA:4,(anonymous_15)
FNDA:0,(anonymous_16)
FNDA:2,(anonymous_17)
FNDA:0,(anonymous_18)
FNDA:0,(anonymous_19)
FNDA:0,(anonymous_20)
FNDA:0,(anonymous_21)
FNDA:3,(anonymous_22)
FNDA:24,(anonymous_23)
FNDA:0,(anonymous_24)
FNDA:1,(anonymous_25)
FNDA:0,(anonymous_26)
DA:11,1
DA:13,11
DA:14,11
DA:16,11
DA:17,11
DA:18,11
DA:19,11
DA:20,11
DA:25,11
DA:26,11
DA:27,11
DA:30,14
DA:32,4
DA:33,0
DA:34,0
DA:38,4
DA:40,4
DA:43,10
DA:47,20
DA:48,20
DA:49,1
DA:53,11
DA:54,11
DA:57,0
DA:61,6
DA:64,6
DA:67,11
DA:72,11
DA:76,1
DA:77,1
DA:78,1
DA:79,1
DA:82,0
DA:85,6
DA:86,6
DA:87,36
DA:92,6
DA:95,5
DA:96,3
DA:98,2
DA:99,2
DA:103,1
DA:104,1
DA:105,0
DA:106,0
DA:107,0
DA:109,1
DA:110,1
DA:111,1
DA:112,1
DA:115,1
DA:116,1
DA:117,0
DA:118,0
DA:119,0
DA:121,1
DA:122,1
DA:123,1
DA:124,1
DA:127,4
DA:128,4
DA:129,4
DA:130,0
DA:131,0
DA:134,4
DA:135,4
DA:136,4
DA:137,4
DA:140,2
DA:145,2
DA:146,1
DA:147,1
DA:149,1
DA:150,1
DA:152,0
DA:153,0
DA:154,0
DA:156,1
DA:157,1
DA:159,0
DA:160,0
DA:161,0
DA:162,0
DA:166,0
DA:167,0
DA:168,0
DA:169,0
DA:172,0
DA:173,0
DA:174,0
DA:175,0
DA:178,0
DA:179,0
DA:180,0
DA:181,0
DA:183,0
DA:184,0
DA:187,0
DA:188,0
DA:189,0
DA:190,0
DA:192,0
DA:193,0
DA:196,3
DA:197,3
DA:198,3
DA:199,1
DA:200,1
DA:201,1
DA:203,2
DA:204,1
DA:205,1
DA:207,1
DA:208,1
DA:211,24
DA:212,4
DA:214,20
DA:217,0
DA:220,1
DA:223,1
DA:226,1
DA:227,1
DA:228,1
DA:229,1
DA:232,0
DA:233,0
DA:234,0
DA:237,1
DA:240,1
DA:243,1
DA:246,1
DA:249,1
DA:252,1
DA:255,1
DA:258,1
DA:261,1
DA:264,1
DA:267,1
DA:270,1
LF:139
LH:96
BRDA:30,0,0,4
BRDA:30,0,1,10
BRDA:32,1,0,0
BRDA:32,1,1,4
BRDA:48,2,0,1
BRDA:48,2,1,19
BRDA:95,3,0,3
BRDA:95,3,1,2
BRDA:98,4,0,2
BRDA:98,4,1,0
BRDA:104,5,0,0
BRDA:104,5,1,1
BRDA:116,6,0,0
BRDA:116,6,1,1
BRDA:129,7,0,0
BRDA:129,7,1,4
BRDA:145,8,0,1
BRDA:145,8,1,1
BRDA:149,9,0,1
BRDA:149,9,1,0
BRDA:149,10,0,1
BRDA:149,10,1,1
BRDA:150,11,0,0
BRDA:150,11,1,1
BRDA:159,12,0,0
BRDA:159,12,1,0
BRDA:159,13,0,0
BRDA:159,13,1,0
BRDA:179,14,0,0
BRDA:179,14,1,0
BRDA:188,15,0,0
BRDA:188,15,1,0
BRDA:198,16,0,1
BRDA:198,16,1,2
BRDA:203,17,0,1
BRDA:203,17,1,1
BRDA:211,18,0,4
BRDA:211,18,1,20
BRDA:220,19,0,1
BRDA:220,19,1,0
BRDA:223,20,0,1
BRDA:223,20,1,0
BRF:42
BRH:25
end_of_record
TN:
SF:/Users/madao/production/m_ui/tests/unit/datepicker.spec.ts
FN:6,(anonymous_0)
FN:7,(anonymous_1)
FN:15,(anonymous_2)
FN:21,(anonymous_3)
FN:28,(anonymous_4)
FN:37,(anonymous_5)
FN:45,(anonymous_6)
FN:60,(anonymous_7)
FN:69,(anonymous_8)
FN:78,(anonymous_9)
FN:83,(anonymous_10)
FN:92,(anonymous_11)
FN:101,(anonymous_12)
FN:106,(anonymous_13)
FN:112,(anonymous_14)
FN:119,(anonymous_15)
FN:128,(anonymous_16)
FN:134,(anonymous_17)
FN:141,(anonymous_18)
FN:150,(anonymous_19)
FN:161,(anonymous_20)
FN:167,(anonymous_21)
FN:178,(anonymous_22)
FN:188,(anonymous_23)
FN:195,(anonymous_24)
FN:208,(anonymous_25)
FN:215,(anonymous_26)
FN:228,(anonymous_27)
FNF:28
FNH:28
FNDA:1,(anonymous_0)
FNDA:1,(anonymous_1)
FNDA:1,(anonymous_2)
FNDA:1,(anonymous_3)
FNDA:1,(anonymous_4)
FNDA:1,(anonymous_5)
FNDA:1,(anonymous_6)
FNDA:1,(anonymous_7)
FNDA:1,(anonymous_8)
FNDA:1,(anonymous_9)
FNDA:1,(anonymous_10)
FNDA:1,(anonymous_11)
FNDA:1,(anonymous_12)
FNDA:1,(anonymous_13)
FNDA:1,(anonymous_14)
FNDA:1,(anonymous_15)
FNDA:1,(anonymous_16)
FNDA:1,(anonymous_17)
FNDA:1,(anonymous_18)
FNDA:1,(anonymous_19)
FNDA:1,(anonymous_20)
FNDA:1,(anonymous_21)
FNDA:1,(anonymous_22)
FNDA:1,(anonymous_23)
FNDA:1,(anonymous_24)
FNDA:1,(anonymous_25)
FNDA:1,(anonymous_26)
FNDA:1,(anonymous_27)
DA:5,1
DA:6,1
DA:7,1
DA:8,1
DA:15,1
DA:16,1
DA:17,1
DA:19,1
DA:20,1
DA:21,1
DA:22,1
DA:23,1
DA:24,1
DA:25,1
DA:28,1
DA:29,1
DA:37,1
DA:38,1
DA:39,1
DA:40,1
DA:41,1
DA:43,1
DA:44,1
DA:45,1
DA:46,1
DA:47,1
DA:48,1
DA:49,1
DA:52,1
DA:55,1
DA:56,1
DA:57,1
DA:60,1
DA:61,1
DA:69,1
DA:70,1
DA:71,1
DA:73,1
DA:76,1
DA:77,1
DA:78,1
DA:79,1
DA:80,1
DA:83,1
DA:84,1
DA:92,1
DA:93,1
DA:94,1
DA:96,1
DA:99,1
DA:100,1
DA:101,1
DA:102,1
DA:103,1
DA:106,1
DA:107,1
DA:113,1
DA:116,1
DA:117,1
DA:118,1
DA:119,1
DA:120,1
DA:121,1
DA:122,1
DA:123,1
DA:124,1
DA:125,1
DA:128,1
DA:129,1
DA:135,1
DA:138,1
DA:139,1
DA:140,1
DA:141,1
DA:142,1
DA:143,1
DA:144,1
DA:145,1
DA:146,1
DA:147,1
DA:150,1
DA:151,1
DA:159,1
DA:161,1
DA:162,1
DA:168,1
DA:171,1
DA:172,1
DA:173,1
DA:174,1
DA:175,1
DA:176,1
DA:178,1
DA:179,1
DA:186,1
DA:187,1
DA:188,1
DA:189,1
DA:190,1
DA:191,1
DA:192,1
DA:195,1
DA:196,1
DA:203,1
DA:206,1
DA:207,1
DA:208,1
DA:209,1
DA:210,1
DA:211,1
DA:212,1
DA:215,1
DA:216,1
DA:223,1
DA:226,1
DA:227,1
DA:228,1
DA:229,1
DA:230,1
DA:231,1
DA:232,1
LF:121
LH:121
BRF:0
BRH:0
end_of_record
TN:
SF:/Users/madao/production/m_ui/src/components/grid/row/index.vue
FN:5,(anonymous_0)
FN:14,(anonymous_1)
FN:21,(anonymous_2)
FN:22,(anonymous_3)
FNF:4
FNH:4
FNDA:3,(anonymous_0)
FNDA:3,(anonymous_1)
FNDA:3,(anonymous_2)
FNDA:4,(anonymous_3)
DA:3,1
DA:6,3
DA:7,1
DA:12,2
DA:15,3
DA:16,3
DA:17,1
DA:19,3
DA:22,3
DA:23,4
DA:27,1
DA:30,1
DA:33,1
LF:13
LH:13
BRDA:6,0,0,1
BRDA:6,0,1,2
BRDA:16,1,0,1
BRDA:16,1,1,2
BRF:4
BRH:4
end_of_record
TN:
SF:/Users/madao/production/m_ui/src/components/grid/col/index.vue
FN:4,(anonymous_0)
FN:10,(anonymous_1)
FN:24,(anonymous_2)
FN:31,(anonymous_3)
FNF:4
FNH:4
FNDA:5,(anonymous_0)
FNDA:5,(anonymous_1)
FNDA:9,(anonymous_2)
FNDA:30,(anonymous_3)
DA:3,1
DA:5,5
DA:7,5
DA:11,5
DA:12,5
DA:13,5
DA:14,5
DA:25,9
DA:32,30
DA:33,30
DA:34,20
DA:36,10
DA:37,10
DA:39,10
DA:40,6
DA:42,10
DA:45,1
DA:48,1
DA:51,1
DA:54,1
DA:57,1
DA:60,1
DA:63,1
DA:66,1
LF:24
LH:24
BRDA:12,0,0,5
BRDA:12,0,1,5
BRDA:13,1,0,5
BRDA:13,1,1,1
BRDA:31,2,0,5
BRDA:33,3,0,20
BRDA:33,3,1,10
BRDA:36,4,0,10
BRDA:36,4,1,0
BRDA:39,5,0,6
BRDA:39,5,1,4
BRF:11
BRH:10
end_of_record
TN:
SF:/Users/madao/production/m_ui/tests/unit/gird.spec.ts
FN:5,(anonymous_0)
FN:6,(anonymous_1)
FN:15,(anonymous_2)
FN:26,(anonymous_3)
FN:34,(anonymous_4)
FN:60,(anonymous_5)
FNF:6
FNH:6
FNDA:1,(anonymous_0)
FNDA:1,(anonymous_1)
FNDA:1,(anonymous_2)
FNDA:1,(anonymous_3)
FNDA:1,(anonymous_4)
FNDA:12,(anonymous_5)
DA:5,1
DA:6,1
DA:7,1
DA:12,1
DA:13,1
DA:15,1
DA:16,1
DA:24,1
DA:26,1
DA:27,1
DA:32,1
DA:34,1
DA:35,1
DA:46,1
DA:60,1
DA:61,12
LF:16
LH:16
BRF:0
BRH:0
end_of_record
TN:
SF:/Users/madao/production/m_ui/tests/unit/icon.spec.ts
FN:4,(anonymous_0)
FN:5,(anonymous_1)
FN:14,(anonymous_2)
FNF:3
FNH:3
FNDA:1,(anonymous_0)
FNDA:1,(anonymous_1)
FNDA:1,(anonymous_2)
DA:4,1
DA:5,1
DA:6,1
DA:11,1
DA:12,1
DA:14,1
DA:15,1
DA:20,1
DA:21,1
LF:9
LH:9
BRF:0
BRH:0
end_of_record
TN:
SF:/Users/madao/production/m_ui/tests/unit/input.spec.ts
FN:7,(anonymous_0)
FN:8,(anonymous_1)
FN:27,(anonymous_2)
FN:57,(anonymous_3)
FN:71,(anonymous_4)
FN:119,(anonymous_5)
FNF:6
FNH:6
FNDA:1,(anonymous_0)
FNDA:1,(anonymous_1)
FNDA:1,(anonymous_2)
FNDA:1,(anonymous_3)
FNDA:1,(anonymous_4)
FNDA:1,(anonymous_5)
DA:7,1
DA:8,1
DA:9,1
DA:18,1
DA:19,1
DA:20,1
DA:21,1
DA:22,1
DA:23,1
DA:24,1
DA:25,1
DA:27,1
DA:28,1
DA:42,1
DA:43,1
DA:44,1
DA:45,1
DA:46,1
DA:47,1
DA:48,1
DA:49,1
DA:50,1
DA:51,1
DA:52,1
DA:53,1
DA:54,1
DA:55,1
DA:57,1
DA:58,1
DA:66,1
DA:67,1
DA:68,1
DA:69,1
DA:71,1
DA:72,1
DA:73,1
DA:74,1
DA:75,1
DA:76,1
DA:77,1
DA:78,1
DA:79,1
DA:80,1
DA:92,1
DA:93,1
DA:94,1
DA:95,1
DA:96,1
DA:97,1
DA:98,1
DA:99,1
DA:100,1
DA:101,1
DA:102,1
DA:103,1
DA:104,1
DA:105,1
DA:106,1
DA:107,1
DA:108,1
DA:109,1
DA:110,1
DA:111,1
DA:112,1
DA:113,1
DA:114,1
DA:115,1
DA:116,1
DA:117,1
DA:119,1
DA:120,1
DA:127,1
DA:128,1
DA:129,1
DA:130,1
LF:75
LH:75
BRF:0
BRH:0
end_of_record
TN:
SF:/Users/madao/production/m_ui/src/components/layout/index.vue
FN:4,(anonymous_0)
FN:9,(anonymous_1)
FN:13,(anonymous_2)
FN:14,(anonymous_3)
FNF:4
FNH:4
FNDA:1,(anonymous_0)
FNDA:1,(anonymous_1)
FNDA:1,(anonymous_2)
FNDA:3,(anonymous_3)
DA:3,1
DA:5,1
DA:7,1
DA:10,1
DA:14,1
DA:15,3
DA:16,1
DA:18,3
DA:22,1
LF:9
LH:9
BRDA:15,0,0,1
BRDA:15,0,1,2
BRF:2
BRH:2
end_of_record
TN:
SF:/Users/madao/production/m_ui/src/components/layout/header/index.vue
FNF:0
FNH:0
DA:3,1
DA:5,1
LF:2
LH:2
BRF:0
BRH:0
end_of_record
TN:
SF:/Users/madao/production/m_ui/src/components/layout/main/index.vue
FNF:0
FNH:0
DA:3,1
DA:5,1
LF:2
LH:2
BRF:0
BRH:0
end_of_record
TN:
SF:/Users/madao/production/m_ui/src/components/layout/aside/index.vue
FNF:0
FNH:0
DA:3,1
DA:5,1
LF:2
LH:2
BRF:0
BRH:0
end_of_record
TN:
SF:/Users/madao/production/m_ui/src/components/layout/footer/index.vue
FNF:0
FNH:0
DA:3,1
DA:5,1
LF:2
LH:2
BRF:0
BRH:0
end_of_record
TN:
SF:/Users/madao/production/m_ui/tests/unit/layout.spec.ts
FN:8,(anonymous_0)
FN:9,(anonymous_1)
FNF:2
FNH:2
FNDA:1,(anonymous_0)
FNDA:1,(anonymous_1)
DA:8,1
DA:9,1
DA:10,1
DA:15,1
DA:16,1
DA:17,1
DA:18,1
LF:7
LH:7
BRF:0
BRH:0
end_of_record
TN:
SF:/Users/madao/production/m_ui/src/components/menu/constant.ts
FNF:0
FNH:0
DA:1,1
DA:2,1
DA:3,1
LF:3
LH:3
BRF:0
BRH:0
end_of_record
TN:
SF:/Users/madao/production/m_ui/src/components/menu/index.vue
FN:5,(anonymous_0)
FN:14,(anonymous_1)
FN:19,(anonymous_2)
FN:24,(anonymous_3)
FN:25,(anonymous_4)
FN:28,(anonymous_5)
FN:30,(anonymous_6)
FN:39,(anonymous_7)
FNF:8
FNH:8
FNDA:5,(anonymous_0)
FNDA:5,(anonymous_1)
FNDA:5,(anonymous_2)
FNDA:5,(anonymous_3)
FNDA:6,(anonymous_4)
FNDA:3,(anonymous_5)
FNDA:4,(anonymous_6)
FNDA:1,(anonymous_7)
DA:4,1
DA:6,5
DA:7,5
DA:8,5
DA:9,5
DA:11,5
DA:12,5
DA:15,5
DA:16,5
DA:20,5
DA:21,5
DA:25,5
DA:26,6
DA:28,5
DA:29,3
DA:30,2
DA:31,4
DA:32,2
DA:36,3
DA:40,1
DA:41,1
DA:44,1
DA:47,1
DA:50,1
DA:53,1
DA:56,1
DA:59,1
DA:62,1
DA:65,1
LF:29
LH:29
BRDA:20,0,0,5
BRDA:20,0,1,0
BRDA:29,1,0,2
BRDA:29,1,1,1
BRDA:29,2,0,3
BRDA:29,2,1,3
BRDA:31,3,0,2
BRDA:31,3,1,2
BRF:8
BRH:7
end_of_record
TN:
SF:/Users/madao/production/m_ui/src/components/menu/methods.ts
FN:1,(anonymous_0)
FNF:1
FNH:1
FNDA:14,(anonymous_0)
DA:1,1
DA:2,14
DA:3,14
DA:4,14
DA:5,14
DA:6,0
DA:7,0
DA:10,14
LF:8
LH:6
BRDA:4,0,0,14
BRDA:4,0,1,0
BRDA:5,1,0,0
BRDA:5,1,1,14
BRF:4
BRH:2
end_of_record
TN:
SF:/Users/madao/production/m_ui/src/components/menu/sub/index.vue
FN:7,(anonymous_0)
FN:16,(anonymous_1)
FN:25,(anonymous_2)
FN:29,(anonymous_3)
FN:33,(anonymous_4)
FN:42,(anonymous_5)
FN:48,(anonymous_6)
FN:54,(anonymous_7)
FN:55,(anonymous_8)
FN:60,(anonymous_9)
FN:64,(anonymous_10)
FN:70,(anonymous_11)
FN:77,(anonymous_12)
FN:84,(anonymous_13)
FN:88,(anonymous_14)
FN:95,(anonymous_15)
FN:99,(anonymous_16)
FN:104,(anonymous_17)
FN:108,(anonymous_18)
FN:111,(anonymous_19)
FN:116,(anonymous_20)
FN:120,(anonymous_21)
FNF:22
FNH:7
FNDA:4,(anonymous_0)
FNDA:4,(anonymous_1)
FNDA:4,(anonymous_2)
FNDA:0,(anonymous_3)
FNDA:0,(anonymous_4)
FNDA:3,(anonymous_5)
FNDA:0,(anonymous_6)
FNDA:4,(anonymous_7)
FNDA:4,(anonymous_8)
FNDA:0,(anonymous_9)
FNDA:0,(anonymous_10)
FNDA:3,(anonymous_11)
FNDA:0,(anonymous_12)
FNDA:0,(anonymous_13)
FNDA:0,(anonymous_14)
FNDA:0,(anonymous_15)
FNDA:0,(anonymous_16)
FNDA:0,(anonymous_17)
FNDA:0,(anonymous_18)
FNDA:0,(anonymous_19)
FNDA:0,(anonymous_20)
FNDA:0,(anonymous_21)
DA:6,1
DA:8,4
DA:10,4
DA:11,4
DA:12,4
DA:13,4
DA:17,4
DA:18,4
DA:19,2
DA:23,4
DA:26,4
DA:27,4
DA:30,0
DA:34,0
DA:38,0
DA:40,0
DA:43,3
DA:44,3
DA:46,3
DA:49,0
DA:50,0
DA:52,0
DA:55,4
DA:56,4
DA:57,2
DA:60,4
DA:61,0
DA:65,0
DA:66,0
DA:67,0
DA:71,3
DA:72,0
DA:74,3
DA:75,3
DA:78,0
DA:81,0
DA:83,0
DA:84,0
DA:85,0
DA:89,0
DA:92,0
DA:94,0
DA:95,0
DA:96,0
DA:100,0
DA:101,0
DA:102,0
DA:103,0
DA:104,0
DA:105,0
DA:109,0
DA:112,0
DA:113,0
DA:114,0
DA:115,0
DA:116,0
DA:117,0
DA:121,0
DA:124,1
DA:127,1
DA:130,1
DA:133,1
DA:136,1
DA:139,1
LF:64
LH:28
BRDA:18,0,0,2
BRDA:18,0,1,2
BRDA:34,1,0,0
BRDA:34,1,1,0
BRDA:34,2,0,0
BRDA:34,2,1,0
BRDA:34,2,2,0
BRDA:34,2,3,0
BRDA:43,3,0,3
BRDA:43,3,1,0
BRDA:43,4,0,3
BRDA:43,4,1,2
BRDA:49,5,0,0
BRDA:49,5,1,0
BRDA:49,6,0,0
BRDA:49,6,1,0
BRDA:56,7,0,2
BRDA:56,7,1,2
BRDA:67,8,0,0
BRDA:67,8,1,0
BRDA:71,9,0,0
BRDA:71,9,1,3
BRDA:74,10,0,0
BRDA:74,10,1,3
BRDA:78,11,0,0
BRDA:78,11,1,0
BRDA:78,12,0,0
BRDA:78,12,1,0
BRDA:78,12,2,0
BRDA:89,13,0,0
BRDA:89,13,1,0
BRDA:89,14,0,0
BRDA:89,14,1,0
BRDA:89,14,2,0
BRF:34
BRH:9
end_of_record
TN:
SF:/Users/madao/production/m_ui/src/components/menu/item/index.vue
FN:6,(anonymous_0)
FN:11,(anonymous_1)
FN:15,(anonymous_2)
FN:16,(anonymous_3)
FN:20,(anonymous_4)
FN:32,(anonymous_5)
FNF:6
FNH:6
FNDA:21,(anonymous_0)
FNDA:21,(anonymous_1)
FNDA:21,(anonymous_2)
FNDA:24,(anonymous_3)
FNDA:1,(anonymous_4)
FNDA:21,(anonymous_5)
DA:5,1
DA:7,21
DA:9,21
DA:12,21
DA:16,21
DA:17,24
DA:21,1
DA:22,0
DA:24,1
DA:26,1
DA:27,1
DA:28,0
DA:33,21
DA:34,21
DA:35,12
DA:39,21
DA:42,1
DA:45,1
DA:48,1
DA:51,1
DA:54,1
DA:57,1
LF:22
LH:20
BRDA:21,0,0,0
BRDA:21,0,1,1
BRDA:24,1,0,1
BRDA:24,1,1,1
BRDA:27,2,0,0
BRDA:27,2,1,1
BRDA:28,3,0,0
BRDA:28,3,1,0
BRDA:34,4,0,12
BRDA:34,4,1,9
BRF:10
BRH:6
end_of_record
TN:
SF:/Users/madao/production/m_ui/tests/unit/menu.spec.ts
FN:10,(anonymous_0)
FN:11,(anonymous_1)
FN:24,(anonymous_2)
FN:29,(anonymous_3)
FN:43,(anonymous_4)
FN:66,(anonymous_5)
FN:78,(anonymous_6)
FN:99,(anonymous_7)
FN:107,(anonymous_8)
FN:117,(anonymous_9)
FN:124,(anonymous_10)
FNF:11
FNH:11
FNDA:1,(anonymous_0)
FNDA:1,(anonymous_1)
FNDA:1,(anonymous_2)
FNDA:1,(anonymous_3)
FNDA:1,(anonymous_4)
FNDA:1,(anonymous_5)
FNDA:1,(anonymous_6)
FNDA:1,(anonymous_7)
FNDA:1,(anonymous_8)
FNDA:1,(anonymous_9)
FNDA:2,(anonymous_10)
DA:7,1
DA:8,1
DA:9,1
DA:10,1
DA:11,1
DA:12,1
DA:22,1
DA:23,1
DA:24,1
DA:25,1
DA:26,1
DA:29,1
DA:30,1
DA:40,1
DA:41,1
DA:43,1
DA:44,1
DA:61,1
DA:62,1
DA:63,1
DA:64,1
DA:65,1
DA:66,1
DA:67,1
DA:71,1
DA:75,1
DA:78,1
DA:79,1
DA:96,1
DA:97,1
DA:98,1
DA:99,1
DA:100,1
DA:104,1
DA:107,1
DA:108,1
DA:118,1
DA:125,2
DA:126,2
DA:130,1
DA:131,1
DA:132,1
DA:133,1
LF:43
LH:43
BRF:0
BRH:0
end_of_record
TN:
SF:/Users/madao/production/m_ui/src/components/pagination/index.vue
FN:5,(anonymous_0)
FN:12,(anonymous_1)
FN:18,(anonymous_2)
FN:22,(anonymous_3)
FN:23,(anonymous_4)
FN:25,(anonymous_5)
FN:40,(anonymous_6)
FN:43,(anonymous_7)
FN:47,(anonymous_8)
FN:58,(anonymous_9)
FN:70,(anonymous_10)
FN:87,(anonymous_11)
FN:96,(anonymous_12)
FN:105,(anonymous_13)
FNF:14
FNH:11
FNDA:6,(anonymous_0)
FNDA:0,(anonymous_1)
FNDA:12,(anonymous_2)
FNDA:93,(anonymous_3)
FNDA:195,(anonymous_4)
FNDA:93,(anonymous_5)
FNDA:6,(anonymous_6)
FNDA:6,(anonymous_7)
FNDA:12,(anonymous_8)
FNDA:53,(anonymous_9)
FNDA:2,(anonymous_10)
FNDA:2,(anonymous_11)
FNDA:0,(anonymous_12)
FNDA:0,(anonymous_13)
DA:4,1
DA:6,6
DA:8,6
DA:9,6
DA:10,6
DA:13,0
DA:14,0
DA:19,12
DA:20,12
DA:22,93
DA:23,195
DA:24,12
DA:25,12
DA:26,93
DA:27,93
DA:28,18
DA:36,93
DA:38,12
DA:41,6
DA:44,6
DA:48,12
DA:49,12
DA:50,12
DA:51,12
DA:52,12
DA:53,69
DA:54,16
DA:56,53
DA:58,53
DA:59,12
DA:60,6
DA:61,6
DA:62,6
DA:63,6
DA:64,22
DA:65,22
DA:68,12
DA:71,2
DA:72,2
DA:73,2
DA:76,2
DA:77,0
DA:79,2
DA:80,0
DA:82,2
DA:83,2
DA:84,2
DA:85,2
DA:88,2
DA:89,2
DA:90,0
DA:92,2
DA:93,2
DA:94,2
DA:97,0
DA:98,0
DA:99,0
DA:100,0
DA:103,0
DA:106,0
DA:109,1
DA:112,1
DA:115,1
DA:118,1
DA:121,1
DA:124,1
LF:66
LH:55
BRDA:13,0,0,0
BRDA:13,0,1,0
BRDA:22,1,0,93
BRDA:22,1,1,93
BRDA:27,2,0,18
BRDA:27,2,1,75
BRDA:27,3,0,93
BRDA:27,3,1,81
BRDA:30,4,0,6
BRDA:30,4,1,12
BRDA:31,5,0,6
BRDA:31,5,1,12
BRDA:44,6,0,6
BRDA:44,6,1,0
BRDA:53,7,0,16
BRDA:53,7,1,53
BRDA:53,8,0,69
BRDA:53,8,1,53
BRDA:59,9,0,6
BRDA:59,9,1,6
BRDA:64,10,0,0
BRDA:64,10,1,22
BRDA:71,11,0,2
BRDA:71,11,1,2
BRDA:72,12,0,2
BRDA:72,12,1,0
BRDA:74,13,0,0
BRDA:74,13,1,2
BRDA:76,14,0,0
BRDA:76,14,1,2
BRDA:79,15,0,0
BRDA:79,15,1,2
BRDA:89,16,0,0
BRDA:89,16,1,2
BRDA:89,17,0,2
BRDA:89,17,1,2
BRDA:98,18,0,0
BRDA:98,18,1,0
BRDA:101,19,0,0
BRDA:101,19,1,0
BRF:40
BRH:27
end_of_record
TN:
SF:/Users/madao/production/m_ui/tests/unit/pagination.spec.ts
FN:6,(anonymous_0)
FN:7,(anonymous_1)
FN:16,(anonymous_2)
FN:26,(anonymous_3)
FN:36,(anonymous_4)
FN:49,(anonymous_5)
FN:55,(anonymous_6)
FN:62,(anonymous_7)
FN:74,(anonymous_8)
FNF:9
FNH:9
FNDA:1,(anonymous_0)
FNDA:1,(anonymous_1)
FNDA:1,(anonymous_2)
FNDA:1,(anonymous_3)
FNDA:1,(anonymous_4)
FNDA:1,(anonymous_5)
FNDA:1,(anonymous_6)
FNDA:1,(anonymous_7)
FNDA:1,(anonymous_8)
DA:5,1
DA:6,1
DA:7,1
DA:8,1
DA:13,1
DA:14,1
DA:16,1
DA:17,1
DA:23,1
DA:24,1
DA:26,1
DA:27,1
DA:33,1
DA:34,1
DA:36,1
DA:37,1
DA:44,1
DA:45,1
DA:46,1
DA:47,1
DA:49,1
DA:50,1
DA:56,1
DA:63,1
DA:64,1
DA:68,1
DA:69,1
DA:70,1
DA:71,1
DA:72,1
DA:74,1
DA:75,1
DA:81,1
DA:82,1
DA:83,1
DA:84,1
DA:85,1
DA:86,1
DA:87,1
DA:88,1
LF:40
LH:40
BRF:0
BRH:0
end_of_record
TN:
SF:/Users/madao/production/m_ui/tests/unit/popover.spec.ts
FN:4,(anonymous_0)
FN:5,(anonymous_1)
FN:14,(anonymous_2)
FN:19,(anonymous_3)
FN:26,(anonymous_4)
FNF:5
FNH:5
FNDA:1,(anonymous_0)
FNDA:1,(anonymous_1)
FNDA:1,(anonymous_2)
FNDA:1,(anonymous_3)
FNDA:1,(anonymous_4)
DA:4,1
DA:5,1
DA:6,1
DA:11,1
DA:12,1
DA:14,1
DA:15,1
DA:16,1
DA:17,1
DA:19,1
DA:20,1
DA:25,1
DA:26,1
DA:27,1
DA:28,1
LF:15
LH:15
BRF:0
BRH:0
end_of_record
TN:
SF:/Users/madao/production/m_ui/src/components/swiper/index.vue
FN:5,(anonymous_0)
FN:17,(anonymous_1)
FN:18,(anonymous_2)
FN:24,(anonymous_3)
FN:28,(anonymous_4)
FN:29,(anonymous_5)
FN:37,(anonymous_6)
FN:50,(anonymous_7)
FN:53,(anonymous_8)
FN:57,(anonymous_9)
FN:58,(anonymous_10)
FN:63,(anonymous_11)
FN:70,(anonymous_12)
FN:78,(anonymous_13)
FN:81,(anonymous_14)
FN:84,(anonymous_15)
FN:92,(anonymous_16)
FN:104,(anonymous_17)
FN:107,(anonymous_18)
FN:113,(anonymous_19)
FN:119,(anonymous_20)
FN:123,(anonymous_21)
FN:129,(anonymous_22)
FN:154,(anonymous_23)
FN:159,(anonymous_24)
FN:160,(anonymous_25)
FN:162,(anonymous_26)
FN:171,(anonymous_27)
FN:197,(anonymous_28)
FNF:29
FNH:24
FNDA:5,(anonymous_0)
FNDA:5,(anonymous_1)
FNDA:5,(anonymous_2)
FNDA:4,(anonymous_3)
FNDA:5,(anonymous_4)
FNDA:5,(anonymous_5)
FNDA:11,(anonymous_6)
FNDA:11,(anonymous_7)
FNDA:33,(anonymous_8)
FNDA:11,(anonymous_9)
FNDA:33,(anonymous_10)
FNDA:5,(anonymous_11)
FNDA:1,(anonymous_12)
FNDA:12,(anonymous_13)
FNDA:11,(anonymous_14)
FNDA:16,(anonymous_15)
FNDA:4,(anonymous_16)
FNDA:2,(anonymous_17)
FNDA:0,(anonymous_18)
FNDA:0,(anonymous_19)
FNDA:4,(anonymous_20)
FNDA:0,(anonymous_21)
FNDA:0,(anonymous_22)
FNDA:0,(anonymous_23)
FNDA:5,(anonymous_24)
FNDA:25,(anonymous_25)
FNDA:5,(anonymous_26)
FNDA:6,(anonymous_27)
FNDA:5,(anonymous_28)
DA:4,1
DA:6,5
DA:8,5
DA:9,5
DA:10,5
DA:11,5
DA:12,5
DA:13,5
DA:14,5
DA:15,5
DA:18,5
DA:19,5
DA:20,5
DA:21,5
DA:25,4
DA:29,5
DA:30,5
DA:32,5
DA:34,5
DA:38,11
DA:39,11
DA:41,4
DA:43,7
DA:45,0
DA:48,7
DA:51,11
DA:52,11
DA:53,11
DA:54,33
DA:55,33
DA:57,11
DA:58,11
DA:59,33
DA:64,5
DA:65,4
DA:67,1
DA:68,0
DA:70,1
DA:71,1
DA:72,1
DA:73,1
DA:74,1
DA:76,1
DA:79,12
DA:82,11
DA:83,11
DA:84,11
DA:85,16
DA:86,11
DA:88,16
DA:90,11
DA:93,4
DA:94,4
DA:95,2
DA:97,4
DA:98,0
DA:100,4
DA:101,4
DA:102,4
DA:105,2
DA:108,0
DA:109,0
DA:110,0
DA:114,0
DA:115,0
DA:116,0
DA:120,4
DA:121,4
DA:124,0
DA:125,0
DA:126,0
DA:127,0
DA:130,0
DA:131,0
DA:132,0
DA:133,0
DA:134,0
DA:136,0
DA:137,0
DA:140,0
DA:141,0
DA:144,0
DA:146,0
DA:147,0
DA:150,0
DA:151,0
DA:154,0
DA:155,0
DA:160,25
DA:163,5
DA:164,2
DA:166,3
DA:167,0
DA:169,3
DA:172,6
DA:175,1
DA:178,1
DA:181,1
DA:184,1
DA:187,1
DA:190,1
DA:193,1
DA:198,5
DA:202,1
DA:205,1
LF:105
LH:75
BRDA:31,0,0,5
BRDA:31,0,1,0
BRDA:33,1,0,5
BRDA:33,1,1,0
BRDA:38,2,0,11
BRDA:38,2,1,0
BRDA:39,3,0,4
BRDA:39,3,1,7
BRDA:39,4,0,11
BRDA:39,4,1,7
BRDA:43,5,0,0
BRDA:43,5,1,7
BRDA:43,6,0,7
BRDA:43,6,1,0
BRDA:64,7,0,4
BRDA:64,7,1,1
BRDA:67,8,0,0
BRDA:67,8,1,1
BRDA:82,9,0,10
BRDA:82,9,1,1
BRDA:85,10,0,11
BRDA:85,10,1,5
BRDA:92,11,0,3
BRDA:94,12,0,2
BRDA:94,12,1,2
BRDA:95,13,0,2
BRDA:95,13,1,0
BRDA:97,14,0,0
BRDA:97,14,1,4
BRDA:98,15,0,0
BRDA:98,15,1,0
BRDA:109,16,0,0
BRDA:109,16,1,0
BRDA:115,17,0,0
BRDA:115,17,1,0
BRDA:134,18,0,0
BRDA:134,18,1,0
BRDA:134,19,0,0
BRDA:134,19,1,0
BRDA:136,20,0,0
BRDA:136,20,1,0
BRDA:140,21,0,0
BRDA:140,21,1,0
BRDA:144,22,0,0
BRDA:144,22,1,0
BRDA:144,23,0,0
BRDA:144,23,1,0
BRDA:146,24,0,0
BRDA:146,24,1,0
BRDA:150,25,0,0
BRDA:150,25,1,0
BRDA:163,26,0,2
BRDA:163,26,1,3
BRDA:166,27,0,0
BRDA:166,27,1,3
BRDA:166,28,0,3
BRDA:166,28,1,3
BRF:57
BRH:26
end_of_record
TN:
SF:/Users/madao/production/m_ui/src/components/swiper/item/index.vue
FN:4,(anonymous_0)
FN:12,(anonymous_1)
FN:15,(anonymous_2)
FNF:3
FNH:3
FNDA:15,(anonymous_0)
FNDA:36,(anonymous_1)
FNDA:21,(anonymous_2)
DA:3,1
DA:5,15
DA:7,15
DA:8,15
DA:9,15
DA:13,36
DA:16,21
DA:17,0
DA:19,21
DA:22,1
DA:25,1
LF:11
LH:10
BRDA:16,0,0,0
BRDA:16,0,1,21
BRDA:17,1,0,0
BRDA:17,1,1,0
BRDA:19,2,0,6
BRDA:19,2,1,15
BRF:6
BRH:3
end_of_record
TN:
SF:/Users/madao/production/m_ui/tests/unit/swiper.spec.ts
FN:8,(anonymous_0)
FN:9,(anonymous_1)
FN:19,(anonymous_2)
FN:26,(anonymous_3)
FN:33,(anonymous_4)
FN:43,(anonymous_5)
FN:50,(anonymous_6)
FN:57,(anonymous_7)
FN:67,(anonymous_8)
FN:76,(anonymous_9)
FN:83,(anonymous_10)
FN:93,(anonymous_11)
FN:100,(anonymous_12)
FN:103,(anonymous_13)
FN:111,(anonymous_14)
FN:121,(anonymous_15)
FN:129,(anonymous_16)
FNF:17
FNH:17
FNDA:1,(anonymous_0)
FNDA:1,(anonymous_1)
FNDA:1,(anonymous_2)
FNDA:1,(anonymous_3)
FNDA:1,(anonymous_4)
FNDA:1,(anonymous_5)
FNDA:1,(anonymous_6)
FNDA:1,(anonymous_7)
FNDA:1,(anonymous_8)
FNDA:1,(anonymous_9)
FNDA:1,(anonymous_10)
FNDA:1,(anonymous_11)
FNDA:1,(anonymous_12)
FNDA:1,(anonymous_13)
FNDA:1,(anonymous_14)
FNDA:1,(anonymous_15)
FNDA:1,(anonymous_16)
DA:6,1
DA:7,1
DA:8,1
DA:9,1
DA:10,1
DA:20,1
DA:25,1
DA:26,1
DA:27,1
DA:28,1
DA:29,1
DA:30,1
DA:33,1
DA:34,1
DA:44,1
DA:49,1
DA:50,1
DA:51,1
DA:52,1
DA:53,1
DA:54,1
DA:57,1
DA:58,1
DA:68,1
DA:73,1
DA:74,1
DA:75,1
DA:76,1
DA:77,1
DA:78,1
DA:79,1
DA:80,1
DA:83,1
DA:84,1
DA:94,1
DA:99,1
DA:100,1
DA:101,1
DA:102,1
DA:103,1
DA:104,1
DA:105,1
DA:106,1
DA:107,1
DA:111,1
DA:112,1
DA:122,1
DA:130,1
DA:131,1
DA:135,1
DA:136,1
DA:137,1
DA:138,1
DA:139,1
LF:54
LH:54
BRF:0
BRH:0
end_of_record
TN:
SF:/Users/madao/production/m_ui/src/components/table/index.vue
FN:5,(anonymous_0)
FN:11,(anonymous_1)
FN:24,(anonymous_2)
FN:28,(anonymous_3)
FN:34,(anonymous_4)
FN:35,(anonymous_5)
FN:37,(anonymous_6)
FN:42,(anonymous_7)
FN:45,(anonymous_8)
FN:48,(anonymous_9)
FN:58,(anonymous_10)
FN:64,(anonymous_11)
FN:74,(anonymous_12)
FN:81,(anonymous_13)
FN:90,(anonymous_14)
FN:91,(anonymous_15)
FN:93,(anonymous_16)
FN:94,(anonymous_17)
FN:98,(anonymous_18)
FN:102,(anonymous_19)
FN:123,(anonymous_20)
FN:132,(anonymous_21)
FN:133,(anonymous_22)
FN:135,(anonymous_23)
FN:136,(anonymous_24)
FN:138,(anonymous_25)
FN:144,(anonymous_26)
FN:147,(anonymous_27)
FN:159,(anonymous_28)
FN:168,(anonymous_29)
FN:176,(anonymous_30)
FN:180,(anonymous_31)
FN:181,(anonymous_32)
FN:194,(anonymous_33)
FNF:34
FNH:27
FNDA:8,(anonymous_0)
FNDA:0,(anonymous_1)
FNDA:8,(anonymous_2)
FNDA:8,(anonymous_3)
FNDA:2,(anonymous_4)
FNDA:3,(anonymous_5)
FNDA:0,(anonymous_6)
FNDA:0,(anonymous_7)
FNDA:8,(anonymous_8)
FNDA:3,(anonymous_9)
FNDA:1,(anonymous_10)
FNDA:1,(anonymous_11)
FNDA:1,(anonymous_12)
FNDA:0,(anonymous_13)
FNDA:6,(anonymous_14)
FNDA:0,(anonymous_15)
FNDA:8,(anonymous_16)
FNDA:11,(anonymous_17)
FNDA:1,(anonymous_18)
FNDA:1,(anonymous_19)
FNDA:1,(anonymous_20)
FNDA:24,(anonymous_21)
FNDA:25,(anonymous_22)
FNDA:6,(anonymous_23)
FNDA:6,(anonymous_24)
FNDA:38,(anonymous_25)
FNDA:5,(anonymous_26)
FNDA:1,(anonymous_27)
FNDA:0,(anonymous_28)
FNDA:5,(anonymous_29)
FNDA:0,(anonymous_30)
FNDA:8,(anonymous_31)
FNDA:12,(anonymous_32)
FNDA:8,(anonymous_33)
DA:4,1
DA:6,8
DA:8,8
DA:9,8
DA:12,0
DA:13,0
DA:14,0
DA:16,0
DA:17,0
DA:20,0
DA:25,8
DA:29,8
DA:35,3
DA:36,2
DA:37,0
DA:39,2
DA:40,2
DA:42,0
DA:43,0
DA:46,8
DA:47,8
DA:48,3
DA:49,3
DA:50,1
DA:51,1
DA:53,2
DA:56,8
DA:59,1
DA:65,1
DA:66,1
DA:67,1
DA:68,1
DA:72,1
DA:75,1
DA:76,1
DA:77,1
DA:78,0
DA:81,1
DA:83,1
DA:84,1
DA:88,1
DA:91,6
DA:94,11
DA:99,1
DA:100,1
DA:101,1
DA:102,1
DA:103,1
DA:104,1
DA:106,1
DA:107,1
DA:109,1
DA:110,1
DA:111,0
DA:113,1
DA:114,1
DA:116,0
DA:117,0
DA:120,0
DA:122,1
DA:123,1
DA:124,1
DA:128,1
DA:133,25
DA:136,6
DA:139,38
DA:140,10
DA:142,28
DA:145,5
DA:148,1
DA:149,0
DA:152,1
DA:156,1
DA:160,0
DA:165,1
DA:169,5
DA:173,1
DA:177,0
DA:181,12
DA:185,1
DA:188,1
DA:191,1
DA:195,8
DA:199,1
DA:202,1
DA:205,1
DA:208,1
DA:211,1
LF:88
LH:71
BRDA:12,0,0,0
BRDA:12,0,1,0
BRDA:13,1,0,0
BRDA:13,1,1,0
BRDA:16,2,0,0
BRDA:16,2,1,0
BRDA:16,3,0,0
BRDA:16,3,1,0
BRDA:39,4,0,2
BRDA:39,4,1,0
BRDA:47,5,0,3
BRDA:47,5,1,5
BRDA:49,6,0,1
BRDA:49,6,1,2
BRDA:59,7,0,0
BRDA:59,7,1,1
BRDA:66,8,0,0
BRDA:66,8,1,1
BRDA:77,9,0,0
BRDA:77,9,1,1
BRDA:104,10,0,1
BRDA:104,10,1,1
BRDA:106,11,0,1
BRDA:106,11,1,0
BRDA:106,12,0,1
BRDA:106,12,1,1
BRDA:109,13,0,1
BRDA:109,13,1,0
BRDA:110,14,0,0
BRDA:110,14,1,1
BRDA:113,15,0,1
BRDA:113,15,1,0
BRDA:113,16,0,1
BRDA:113,16,1,1
BRDA:116,17,0,0
BRDA:116,17,1,0
BRDA:122,18,0,1
BRDA:122,18,1,0
BRDA:133,19,0,25
BRDA:133,19,1,3
BRDA:136,20,0,6
BRDA:136,20,1,6
BRDA:139,21,0,10
BRDA:139,21,1,28
BRDA:148,22,0,0
BRDA:148,22,1,1
BRF:46
BRH:26
end_of_record
TN:
SF:/Users/madao/production/m_ui/tests/unit/table.spec.ts
FN:7,(anonymous_0)
FN:8,(anonymous_1)
FN:32,(anonymous_2)
FN:46,(anonymous_3)
FN:73,(anonymous_4)
FN:85,(anonymous_5)
FN:103,(anonymous_6)
FN:125,(anonymous_7)
FN:134,(anonymous_8)
FN:145,(anonymous_9)
FN:155,(anonymous_10)
FN:171,(anonymous_11)
FNF:12
FNH:12
FNDA:1,(anonymous_0)
FNDA:1,(anonymous_1)
FNDA:1,(anonymous_2)
FNDA:1,(anonymous_3)
FNDA:1,(anonymous_4)
FNDA:1,(anonymous_5)
FNDA:1,(anonymous_6)
FNDA:1,(anonymous_7)
FNDA:1,(anonymous_8)
FNDA:1,(anonymous_9)
FNDA:1,(anonymous_10)
FNDA:1,(anonymous_11)
DA:6,1
DA:7,1
DA:8,1
DA:9,1
DA:25,1
DA:26,1
DA:27,1
DA:28,1
DA:29,1
DA:30,1
DA:32,1
DA:33,1
DA:43,1
DA:44,1
DA:46,1
DA:47,1
DA:59,1
DA:60,1
DA:61,1
DA:62,1
DA:63,1
DA:64,1
DA:65,1
DA:66,1
DA:67,1
DA:68,1
DA:69,1
DA:70,1
DA:71,1
DA:73,1
DA:74,1
DA:83,1
DA:85,1
DA:86,1
DA:96,1
DA:97,1
DA:98,1
DA:103,1
DA:104,1
DA:123,1
DA:124,1
DA:125,1
DA:126,1
DA:127,1
DA:131,1
DA:134,1
DA:135,1
DA:146,1
DA:156,1
DA:160,1
DA:161,1
DA:162,1
DA:163,1
DA:171,1
DA:172,1
DA:187,1
DA:188,1
DA:189,1
DA:190,1
DA:191,1
DA:192,1
LF:61
LH:61
BRF:0
BRH:0
end_of_record
TN:
SF:/Users/madao/production/m_ui/src/components/tabs/index.vue
FN:4,(anonymous_0)
FN:8,(anonymous_1)
FN:11,(anonymous_2)
FN:15,(anonymous_3)
FN:18,(anonymous_4)
FN:20,(anonymous_5)
FNF:6
FNH:5
FNDA:1,(anonymous_0)
FNDA:0,(anonymous_1)
FNDA:1,(anonymous_2)
FNDA:1,(anonymous_3)
FNDA:2,(anonymous_4)
FNDA:1,(anonymous_5)
DA:3,1
DA:5,1
DA:6,1
DA:9,0
DA:12,1
DA:16,1
DA:18,1
DA:19,2
DA:20,1
DA:21,1
DA:22,1
DA:23,1
DA:28,1
DA:31,1
DA:34,1
DA:37,1
DA:40,1
LF:17
LH:16
BRDA:19,0,0,1
BRDA:19,0,1,1
BRDA:21,1,0,1
BRDA:21,1,1,0
BRF:4
BRH:3
end_of_record
TN:
SF:/Users/madao/production/m_ui/src/components/tabs/head/index.vue
FN:5,(anonymous_0)
FN:11,(anonymous_1)
FN:12,(anonymous_2)
FN:14,(anonymous_3)
FN:18,(anonymous_4)
FN:23,(anonymous_5)
FN:48,(anonymous_6)
FN:56,(anonymous_7)
FN:68,(anonymous_8)
FN:77,(anonymous_9)
FN:87,(anonymous_10)
FNF:11
FNH:9
FNDA:1,(anonymous_0)
FNDA:1,(anonymous_1)
FNDA:2,(anonymous_2)
FNDA:2,(anonymous_3)
FNDA:1,(anonymous_4)
FNDA:2,(anonymous_5)
FNDA:0,(anonymous_6)
FNDA:0,(anonymous_7)
FNDA:2,(anonymous_8)
FNDA:1,(anonymous_9)
FNDA:1,(anonymous_10)
DA:4,1
DA:6,1
DA:8,1
DA:9,1
DA:12,1
DA:13,2
DA:14,2
DA:15,2
DA:18,1
DA:19,1
DA:24,2
DA:25,0
DA:27,2
DA:28,2
DA:29,2
DA:30,2
DA:31,2
DA:32,2
DA:33,2
DA:34,0
DA:36,2
DA:37,0
DA:40,2
DA:41,0
DA:44,2
DA:45,0
DA:50,0
DA:51,0
DA:52,0
DA:53,0
DA:54,0
DA:58,0
DA:60,0
DA:61,0
DA:62,0
DA:63,0
DA:66,0
DA:69,2
DA:70,0
DA:71,2
DA:72,2
DA:74,2
DA:75,2
DA:78,1
DA:79,1
DA:81,1
DA:83,1
DA:88,1
DA:91,1
DA:94,1
LF:50
LH:33
BRDA:24,0,0,0
BRDA:24,0,1,2
BRDA:33,1,0,0
BRDA:33,1,1,2
BRDA:36,2,0,0
BRDA:36,2,1,2
BRDA:40,3,0,0
BRDA:40,3,1,2
BRDA:44,4,0,0
BRDA:44,4,1,2
BRDA:51,5,0,0
BRDA:51,5,1,0
BRDA:53,6,0,0
BRDA:53,6,1,0
BRDA:61,7,0,0
BRDA:61,7,1,0
BRDA:63,8,0,0
BRDA:63,8,1,0
BRDA:69,9,0,0
BRDA:69,9,1,2
BRDA:78,10,0,1
BRDA:78,10,1,0
BRF:22
BRH:7
end_of_record
TN:
SF:/Users/madao/production/m_ui/src/components/tabs/body/index.vue
FNF:0
FNH:0
DA:3,1
DA:5,1
LF:2
LH:2
BRF:0
BRH:0
end_of_record
TN:
SF:/Users/madao/production/m_ui/src/components/tabs/methods.ts
FN:1,listenSelected
FN:3,(anonymous_1)
FNF:2
FNH:2
FNDA:6,listenSelected
FNDA:12,(anonymous_1)
DA:2,6
DA:3,6
DA:4,12
LF:3
LH:3
BRDA:2,0,0,6
BRDA:2,0,1,0
BRDA:2,1,0,6
BRDA:2,1,1,6
BRF:4
BRH:3
end_of_record
TN:
SF:/Users/madao/production/m_ui/src/components/tabs/item/index.vue
FN:5,(anonymous_0)
FN:11,(anonymous_1)
FN:15,(anonymous_2)
FN:24,(anonymous_3)
FNF:4
FNH:4
FNDA:3,(anonymous_0)
FNDA:3,(anonymous_1)
FNDA:6,(anonymous_2)
FNDA:1,(anonymous_3)
DA:4,1
DA:6,3
DA:8,3
DA:9,3
DA:12,3
DA:16,6
DA:25,1
DA:28,1
DA:29,1
DA:33,1
DA:36,1
DA:39,1
DA:42,1
LF:13
LH:13
BRDA:25,0,0,1
BRDA:25,0,1,0
BRDA:25,1,0,1
BRDA:25,1,1,1
BRDA:25,1,2,1
BRF:5
BRH:4
end_of_record
TN:
SF:/Users/madao/production/m_ui/src/components/tabs/pane/index.vue
FN:5,(anonymous_0)
FN:10,(anonymous_1)
FNF:2
FNH:2
FNDA:3,(anonymous_0)
FNDA:3,(anonymous_1)
DA:4,1
DA:6,3
DA:8,3
DA:11,3
DA:14,1
DA:17,1
DA:20,1
LF:7
LH:7
BRF:0
BRH:0
end_of_record
TN:
SF:/Users/madao/production/m_ui/tests/unit/tabs.spec.ts
FN:33,(anonymous_0)
FN:34,(anonymous_1)
FN:43,(anonymous_2)
FN:44,(anonymous_3)
FN:48,(anonymous_4)
FN:52,(anonymous_5)
FNF:6
FNH:6
FNDA:1,(anonymous_0)
FNDA:1,(anonymous_1)
FNDA:1,(anonymous_2)
FNDA:1,(anonymous_3)
FNDA:1,(anonymous_4)
FNDA:1,(anonymous_5)
DA:10,1
DA:11,1
DA:12,1
DA:13,1
DA:14,1
DA:15,1
DA:32,1
DA:33,1
DA:34,1
DA:35,1
DA:36,1
DA:39,1
DA:40,1
DA:43,1
DA:44,1
DA:45,1
DA:46,1
DA:48,1
DA:49,1
DA:50,1
DA:52,1
DA:53,1
DA:54,1
DA:55,1
DA:56,1
DA:57,1
DA:58,1
LF:27
LH:27
BRF:0
BRH:0
end_of_record
TN:
SF:/Users/madao/production/m_ui/src/components/toast/index.vue
FN:5,(anonymous_0)
FN:11,(anonymous_1)
FN:14,(anonymous_2)
FN:18,(anonymous_3)
FN:23,(anonymous_4)
FN:25,(anonymous_5)
FN:30,(anonymous_6)
FN:35,(anonymous_7)
FN:62,(anonymous_8)
FNF:9
FNH:5
FNDA:7,(anonymous_0)
FNDA:7,(anonymous_1)
FNDA:0,(anonymous_2)
FNDA:0,(anonymous_3)
FNDA:7,(anonymous_4)
FNDA:0,(anonymous_5)
FNDA:0,(anonymous_6)
FNDA:1,(anonymous_7)
FNDA:1,(anonymous_8)
DA:4,1
DA:6,7
DA:8,7
DA:9,7
DA:12,7
DA:15,0
DA:19,0
DA:20,0
DA:24,7
DA:25,6
DA:26,0
DA:31,0
DA:32,0
DA:33,0
DA:36,1
DA:37,1
DA:38,1
DA:42,1
DA:45,1
DA:48,1
DA:51,1
DA:54,1
DA:57,1
DA:60,1
DA:63,1
DA:67,1
DA:70,1
LF:27
LH:20
BRDA:19,0,0,0
BRDA:19,0,1,0
BRDA:24,1,0,6
BRDA:24,1,1,1
BRDA:37,2,0,1
BRDA:37,2,1,0
BRDA:37,3,0,1
BRDA:37,3,1,1
BRF:8
BRH:5
end_of_record
TN:
SF:/Users/madao/production/m_ui/tests/unit/toast.spec.ts
FN:5,(anonymous_0)
FN:6,(anonymous_1)
FN:17,(anonymous_2)
FN:25,(anonymous_3)
FN:33,(anonymous_4)
FN:41,(anonymous_5)
FN:49,(anonymous_6)
FN:57,(anonymous_7)
FNF:8
FNH:8
FNDA:1,(anonymous_0)
FNDA:1,(anonymous_1)
FNDA:1,(anonymous_2)
FNDA:1,(anonymous_3)
FNDA:1,(anonymous_4)
FNDA:1,(anonymous_5)
FNDA:1,(anonymous_6)
FNDA:1,(anonymous_7)
DA:5,1
DA:6,1
DA:7,1
DA:15,1
DA:17,1
DA:18,1
DA:23,1
DA:25,1
DA:26,1
DA:31,1
DA:33,1
DA:34,1
DA:39,1
DA:41,1
DA:42,1
DA:47,1
DA:49,1
DA:50,1
DA:55,1
DA:57,1
DA:58,1
DA:59,1
DA:65,1
DA:66,1
LF:24
LH:24
BRF:0
BRH:0
end_of_record
TN:
SF:/Users/madao/production/m_ui/src/components/upload/list/index.vue
FN:6,(anonymous_0)
FN:9,(anonymous_1)
FN:16,(anonymous_2)
FNF:3
FNH:1
FNDA:0,(anonymous_0)
FNDA:1,(anonymous_1)
FNDA:0,(anonymous_2)
DA:4,1
DA:7,0
DA:10,1
DA:13,1
DA:17,0
DA:21,1
DA:24,1
LF:7
LH:5
BRF:0
BRH:0
end_of_record
TN:
SF:/Users/madao/production/m_ui/src/components/upload/card/index.vue
FN:5,(anonymous_0)
FN:11,(anonymous_1)
FN:18,(anonymous_2)
FN:23,(anonymous_3)
FN:28,(anonymous_4)
FN:31,(anonymous_5)
FN:35,(anonymous_6)
FN:44,(anonymous_7)
FNF:8
FNH:0
FNDA:0,(anonymous_0)
FNDA:0,(anonymous_1)
FNDA:0,(anonymous_2)
FNDA:0,(anonymous_3)
FNDA:0,(anonymous_4)
FNDA:0,(anonymous_5)
FNDA:0,(anonymous_6)
FNDA:0,(anonymous_7)
DA:4,1
DA:6,0
DA:8,0
DA:12,0
DA:13,0
DA:15,0
DA:19,0
DA:20,0
DA:24,0
DA:25,0
DA:29,0
DA:32,0
DA:36,0
DA:38,0
DA:41,1
DA:45,0
DA:49,1
DA:52,1
LF:18
LH:4
BRDA:12,0,0,0
BRDA:12,0,1,0
BRDA:19,1,0,0
BRDA:19,1,1,0
BRDA:24,2,0,0
BRDA:24,2,1,0
BRDA:29,3,0,0
BRDA:29,3,1,0
BRDA:32,4,0,0
BRDA:32,4,1,0
BRDA:36,5,0,0
BRDA:36,5,1,0
BRF:12
BRH:0
end_of_record
TN:
SF:/Users/madao/production/m_ui/src/components/upload/methods/ajax.ts
FN:1,getError
FN:18,getResponse
FN:30,ajax
FN:31,(anonymous_3)
FN:34,(anonymous_4)
FN:40,(anonymous_5)
FN:44,progress
FNF:7
FNH:0
FNDA:0,getError
FNDA:0,getResponse
FNDA:0,ajax
FNDA:0,(anonymous_3)
FNDA:0,(anonymous_4)
FNDA:0,(anonymous_5)
FNDA:0,progress
DA:3,0
DA:4,0
DA:6,0
DA:7,0
DA:10,0
DA:12,0
DA:13,0
DA:14,0
DA:15,0
DA:16,0
DA:19,0
DA:20,0
DA:21,0
DA:23,0
DA:24,0
DA:27,0
DA:31,0
DA:32,0
DA:33,0
DA:34,0
DA:35,0
DA:36,0
DA:38,0
DA:40,0
DA:41,0
DA:43,0
DA:44,0
DA:45,0
DA:48,0
DA:49,0
DA:50,0
DA:51,0
DA:53,0
DA:54,0
DA:55,0
DA:56,0
DA:59,0
LF:37
LH:0
BRDA:3,0,0,0
BRDA:3,0,1,0
BRDA:4,1,0,0
BRDA:4,1,1,0
BRDA:6,2,0,0
BRDA:6,2,1,0
BRDA:19,3,0,0
BRDA:19,3,1,0
BRDA:20,4,0,0
BRDA:20,4,1,0
BRDA:35,5,0,0
BRDA:35,5,1,0
BRDA:35,6,0,0
BRDA:35,6,1,0
BRDA:43,7,0,0
BRDA:43,7,1,0
BRDA:50,8,0,0
BRDA:50,8,1,0
BRDA:50,9,0,0
BRDA:50,9,1,0
BRDA:53,10,0,0
BRDA:53,10,1,0
BRDA:55,11,0,0
BRDA:55,11,1,0
BRDA:55,12,0,0
BRDA:55,12,1,0
BRF:26
BRH:0
end_of_record
TN:
SF:/Users/madao/production/m_ui/src/components/upload/index.vue
FN:7,(anonymous_0)
FN:12,(anonymous_1)
FN:16,(anonymous_2)
FN:18,(anonymous_3)
FN:28,(anonymous_4)
FN:35,(anonymous_5)
FN:38,(anonymous_6)
FN:45,(anonymous_7)
FN:50,(anonymous_8)
FN:59,(anonymous_9)
FN:60,(anonymous_10)
FN:72,(anonymous_11)
FN:81,(anonymous_12)
FN:93,(anonymous_13)
FN:96,(anonymous_14)
FN:105,(anonymous_15)
FN:106,(anonymous_16)
FN:112,(anonymous_17)
FN:120,(anonymous_18)
FN:137,(anonymous_19)
FN:145,(anonymous_20)
FN:149,(anonymous_21)
FN:152,(anonymous_22)
FN:156,(anonymous_23)
FN:176,(anonymous_24)
FN:177,(anonymous_25)
FN:200,(anonymous_26)
FN:208,(anonymous_27)
FN:216,(anonymous_28)
FN:223,(anonymous_29)
FN:226,(anonymous_30)
FN:232,(anonymous_31)
FN:242,(anonymous_32)
FN:243,(anonymous_33)
FN:269,(anonymous_34)
FN:283,(anonymous_35)
FNF:36
FNH:23
FNDA:3,(anonymous_0)
FNDA:0,(anonymous_1)
FNDA:3,(anonymous_2)
FNDA:0,(anonymous_3)
FNDA:0,(anonymous_4)
FNDA:0,(anonymous_5)
FNDA:3,(anonymous_6)
FNDA:1,(anonymous_7)
FNDA:1,(anonymous_8)
FNDA:1,(anonymous_9)
FNDA:1,(anonymous_10)
FNDA:0,(anonymous_11)
FNDA:0,(anonymous_12)
FNDA:0,(anonymous_13)
FNDA:3,(anonymous_14)
FNDA:5,(anonymous_15)
FNDA:5,(anonymous_16)
FNDA:5,(anonymous_17)
FNDA:0,(anonymous_18)
FNDA:4,(anonymous_19)
FNDA:0,(anonymous_20)
FNDA:4,(anonymous_21)
FNDA:0,(anonymous_22)
FNDA:5,(anonymous_23)
FNDA:5,(anonymous_24)
FNDA:5,(anonymous_25)
FNDA:4,(anonymous_26)
FNDA:1,(anonymous_27)
FNDA:0,(anonymous_28)
FNDA:5,(anonymous_29)
FNDA:7,(anonymous_30)
FNDA:0,(anonymous_31)
FNDA:4,(anonymous_32)
FNDA:0,(anonymous_33)
FNDA:3,(anonymous_34)
FNDA:3,(anonymous_35)
DA:6,1
DA:8,3
DA:10,3
DA:11,3
DA:12,3
DA:13,3
DA:14,3
DA:17,3
DA:18,0
DA:19,0
DA:20,0
DA:21,0
DA:22,0
DA:24,0
DA:29,0
DA:30,0
DA:31,0
DA:32,0
DA:36,0
DA:39,3
DA:40,3
DA:41,3
DA:42,3
DA:46,1
DA:47,0
DA:49,1
DA:50,1
DA:51,1
DA:52,1
DA:53,1
DA:55,0
DA:57,1
DA:60,1
DA:61,1
DA:62,1
DA:63,1
DA:64,1
DA:66,1
DA:67,0
DA:68,0
DA:69,0
DA:72,1
DA:73,1
DA:74,0
DA:76,1
DA:78,1
DA:79,0
DA:80,0
DA:81,0
DA:82,0
DA:85,0
DA:86,0
DA:90,1
DA:94,0
DA:97,3
DA:98,3
DA:99,2
DA:101,3
DA:102,3
DA:103,0
DA:105,3
DA:106,5
DA:107,5
DA:113,5
DA:114,5
DA:115,1
DA:117,4
DA:118,0
DA:119,0
DA:120,0
DA:121,0
DA:122,0
DA:125,0
DA:129,0
DA:130,0
DA:134,4
DA:138,4
DA:145,0
DA:147,4
DA:150,4
DA:153,0
DA:157,5
DA:158,5
DA:159,0
DA:160,0
DA:161,0
DA:162,0
DA:163,0
DA:166,5
DA:167,5
DA:168,5
DA:169,1
DA:170,1
DA:171,1
DA:172,1
DA:174,4
DA:177,5
DA:178,5
DA:179,5
DA:180,5
DA:181,5
DA:188,5
DA:189,5
DA:192,0
DA:194,5
DA:195,5
DA:196,5
DA:197,5
DA:201,4
DA:202,4
DA:203,3
DA:204,3
DA:205,3
DA:209,1
DA:210,1
DA:211,1
DA:212,1
DA:213,1
DA:217,0
DA:218,0
DA:219,0
DA:220,0
DA:224,5
DA:225,5
DA:226,5
DA:227,7
DA:228,7
DA:230,5
DA:233,0
DA:234,0
DA:235,0
DA:236,0
DA:237,0
DA:243,4
DA:244,0
DA:248,1
DA:251,1
DA:254,1
DA:257,1
DA:260,1
DA:263,1
DA:266,1
DA:270,3
DA:274,1
DA:277,1
DA:280,1
DA:284,3
DA:288,1
DA:291,1
DA:294,1
DA:297,1
DA:300,1
DA:303,1
DA:306,1
LF:154
LH:103
BRDA:17,0,0,0
BRDA:17,0,1,3
BRDA:19,1,0,0
BRDA:19,1,1,0
BRDA:30,2,0,0
BRDA:30,2,1,0
BRDA:41,3,0,3
BRDA:41,3,1,0
BRDA:46,4,0,0
BRDA:46,4,1,1
BRDA:51,5,0,1
BRDA:51,5,1,0
BRDA:63,6,0,1
BRDA:63,6,1,0
BRDA:66,7,0,0
BRDA:66,7,1,1
BRDA:66,8,0,1
BRDA:66,8,1,0
BRDA:68,9,0,0
BRDA:68,9,1,0
BRDA:73,10,0,0
BRDA:73,10,1,1
BRDA:78,11,0,0
BRDA:78,11,1,1
BRDA:78,12,0,1
BRDA:78,12,1,0
BRDA:80,13,0,0
BRDA:80,13,1,0
BRDA:80,14,0,0
BRDA:80,14,1,0
BRDA:85,15,0,0
BRDA:85,15,1,0
BRDA:98,16,0,2
BRDA:98,16,1,1
BRDA:101,17,0,3
BRDA:101,17,1,0
BRDA:102,18,0,0
BRDA:102,18,1,3
BRDA:107,19,0,5
BRDA:107,19,1,5
BRDA:114,20,0,1
BRDA:114,20,1,4
BRDA:117,21,0,0
BRDA:117,21,1,4
BRDA:117,22,0,4
BRDA:117,22,1,0
BRDA:119,23,0,0
BRDA:119,23,1,0
BRDA:119,24,0,0
BRDA:119,24,1,0
BRDA:121,25,0,0
BRDA:121,25,1,0
BRDA:129,26,0,0
BRDA:129,26,1,0
BRDA:158,27,0,0
BRDA:158,27,1,5
BRDA:159,28,0,0
BRDA:159,28,1,0
BRDA:168,29,0,1
BRDA:168,29,1,4
BRDA:168,30,0,5
BRDA:168,30,1,3
BRDA:202,31,0,3
BRDA:202,31,1,1
BRDA:210,32,0,1
BRDA:210,32,1,0
BRDA:218,33,0,0
BRDA:218,33,1,0
BRDA:227,34,0,4
BRDA:227,34,1,3
BRDA:233,35,0,0
BRDA:233,35,1,0
BRDA:233,36,0,0
BRDA:233,36,1,0
BRDA:236,37,0,0
BRDA:236,37,1,0
BRF:76
BRH:30
end_of_record
TN:
SF:/Users/madao/production/m_ui/tests/unit/upload.spec.ts
FN:7,(anonymous_0)
FN:8,(anonymous_1)
FN:11,(anonymous_2)
FN:12,(anonymous_3)
FN:21,(anonymous_4)
FN:30,(anonymous_5)
FN:31,(anonymous_6)
FN:52,(anonymous_7)
FN:53,(anonymous_8)
FN:76,(anonymous_9)
FNF:10
FNH:9
FNDA:1,(anonymous_0)
FNDA:3,(anonymous_1)
FNDA:1,(anonymous_2)
FNDA:1,(anonymous_3)
FNDA:1,(anonymous_4)
FNDA:1,(anonymous_5)
FNDA:0,(anonymous_6)
FNDA:1,(anonymous_7)
FNDA:3,(anonymous_8)
FNDA:1,(anonymous_9)
DA:7,1
DA:8,1
DA:9,3
DA:11,1
DA:12,1
DA:13,1
DA:15,1
DA:21,1
DA:22,1
DA:23,1
DA:24,1
DA:25,1
DA:27,1
DA:28,1
DA:30,1
DA:31,1
DA:32,0
DA:34,1
DA:44,1
DA:45,1
DA:46,1
DA:47,1
DA:48,1
DA:49,1
DA:50,1
DA:52,1
DA:53,1
DA:54,3
DA:56,1
DA:68,1
DA:69,1
DA:70,1
DA:71,1
DA:74,1
DA:75,1
DA:76,1
DA:77,1
DA:78,1
LF:38
LH:37
BRDA:9,0,0,3
BRDA:9,0,1,3
BRF:2
BRH:2
end_of_record
